2025-12-12T01:44:32.142231102Z #11 5.902 Collecting six>=1.9.0 (from ecdsa!=0.15->python-jose>=3.3.0->python-jose[cryptography]>=3.3.0->-r requirements.txt (line 14))
2025-12-12T01:44:32.142234042Z #11 5.910   Downloading six-1.17.0-py2.py3-none-any.whl.metadata (1.7 kB)
2025-12-12T01:44:32.142236342Z #11 5.970 Collecting certifi (from httpx<1,>=0.23.0->openai>=1.0.0->-r requirements.txt (line 22))
2025-12-12T01:44:32.342174397Z #11 5.979   Downloading certifi-2025.11.12-py3-none-any.whl.metadata (2.5 kB)
2025-12-12T01:44:32.342189898Z #11 6.010 Collecting httpcore==1.* (from httpx<1,>=0.23.0->openai>=1.0.0->-r requirements.txt (line 22))
2025-12-12T01:44:32.342192588Z #11 6.019   Downloading httpcore-1.0.9-py3-none-any.whl.metadata (21 kB)
2025-12-12T01:44:32.405883196Z #11 6.233 Collecting MarkupSafe>=0.9.2 (from Mako->alembic>=1.12.0->-r requirements.txt (line 10))
2025-12-12T01:44:32.575642086Z #11 6.243   Downloading markupsafe-3.0.3-cp311-cp311-manylinux2014_x86_64.manylinux_2_17_x86_64.manylinux_2_28_x86_64.whl.metadata (2.7 kB)
2025-12-12T01:44:32.575680027Z #11 6.286 Collecting pycparser (from cffi>=2.0.0->cryptography>=3.4.0->python-jose[cryptography]>=3.3.0->-r requirements.txt (line 14))
2025-12-12T01:44:32.575685858Z #11 6.308   Downloading pycparser-2.23-py3-none-any.whl.metadata (993 bytes)
2025-12-12T01:44:32.575689698Z #11 6.403 Downloading fastapi-0.124.2-py3-none-any.whl (112 kB)
2025-12-12T01:44:32.682490352Z #11 6.407    ━━━━━━━━━━━━━━━━━━━━━━━━━━━━━━━━━━━━━━━ 112.7/112.7 kB 162.0 MB/s eta 0:00:00
2025-12-12T01:44:32.682560176Z #11 6.417 Downloading uvicorn-0.38.0-py3-none-any.whl (68 kB)
2025-12-12T01:44:32.682566476Z #11 6.419    ━━━━━━━━━━━━━━━━━━━━━━━━━━━━━━━━━━━━━━━━ 68.1/68.1 kB 149.2 MB/s eta 0:00:00
2025-12-12T01:44:32.682574456Z #11 6.429 Downloading python_multipart-0.0.20-py3-none-any.whl (24 kB)
2025-12-12T01:44:32.682579176Z #11 6.440 Downloading sqlalchemy-2.0.45-cp311-cp311-manylinux2014_x86_64.manylinux_2_17_x86_64.manylinux_2_28_x86_64.whl (3.3 MB)
2025-12-12T01:44:32.682583117Z #11 6.484    ━━━━━━━━━━━━━━━━━━━━━━━━━━━━━━━━━━━━━━━━ 3.3/3.3 MB 105.9 MB/s eta 0:00:00
2025-12-12T01:44:32.682587257Z #11 6.494 Downloading alembic-1.17.2-py3-none-any.whl (248 kB)
2025-12-12T01:44:32.682591067Z #11 6.498    ━━━━━━━━━━━━━━━━━━━━━━━━━━━━━━━━━━━━━━━ 248.6/248.6 kB 183.5 MB/s eta 0:00:00
2025-12-12T01:44:32.682595837Z #11 6.510 Downloading psycopg2_binary-2.9.11-cp311-cp311-manylinux2014_x86_64.manylinux_2_17_x86_64.whl (4.2 MB)
2025-12-12T01:44:32.783455729Z #11 6.539    ━━━━━━━━━━━━━━━━━━━━━━━━━━━━━━━━━━━━━━━━ 4.2/4.2 MB 176.2 MB/s eta 0:00:00
2025-12-12T01:44:32.78348197Z #11 6.549 Downloading python_jose-3.5.0-py2.py3-none-any.whl (34 kB)
2025-12-12T01:44:32.78348824Z #11 6.559 Downloading passlib-1.7.4-py2.py3-none-any.whl (525 kB)
2025-12-12T01:44:32.783493391Z #11 6.565    ━━━━━━━━━━━━━━━━━━━━━━━━━━━━━━━━━━━━━━━ 525.6/525.6 kB 182.4 MB/s eta 0:00:00
2025-12-12T01:44:32.783499091Z #11 6.575 Downloading python_dotenv-1.2.1-py3-none-any.whl (21 kB)
2025-12-12T01:44:32.783504541Z #11 6.584 Downloading pydantic_settings-2.12.0-py3-none-any.whl (51 kB)
2025-12-12T01:44:32.783509792Z #11 6.587    ━━━━━━━━━━━━━━━━━━━━━━━━━━━━━━━━━━━━━━━━ 51.9/51.9 kB 155.5 MB/s eta 0:00:00
2025-12-12T01:44:32.783513932Z #11 6.596 Downloading pydantic-2.12.5-py3-none-any.whl (463 kB)
2025-12-12T01:44:32.783543773Z #11 6.601    ━━━━━━━━━━━━━━━━━━━━━━━━━━━━━━━━━━━━━━━ 463.6/463.6 kB 190.8 MB/s eta 0:00:00
2025-12-12T01:44:32.783552843Z #11 6.611 Downloading pydantic_core-2.41.5-cp311-cp311-manylinux_2_17_x86_64.manylinux2014_x86_64.whl (2.1 MB)
2025-12-12T01:44:32.88588131Z #11 6.621    ━━━━━━━━━━━━━━━━━━━━━━━━━━━━━━━━━━━━━━━━ 2.1/2.1 MB 292.0 MB/s eta 0:00:00
2025-12-12T01:44:32.885899751Z #11 6.630 Downloading email_validator-2.3.0-py3-none-any.whl (35 kB)
2025-12-12T01:44:32.885903511Z #11 6.640 Downloading openai-2.11.0-py3-none-any.whl (1.1 MB)
2025-12-12T01:44:32.885906502Z #11 6.652    ━━━━━━━━━━━━━━━━━━━━━━━━━━━━━━━━━━━━━━━━ 1.1/1.1 MB 99.5 MB/s eta 0:00:00
2025-12-12T01:44:32.885909342Z #11 6.661 Downloading anthropic-0.75.0-py3-none-any.whl (388 kB)
2025-12-12T01:44:32.885923362Z #11 6.665    ━━━━━━━━━━━━━━━━━━━━━━━━━━━━━━━━━━━━━━━ 388.2/388.2 kB 199.9 MB/s eta 0:00:00
2025-12-12T01:44:32.885925262Z #11 6.673 Downloading annotated_doc-0.0.4-py3-none-any.whl (5.3 kB)
2025-12-12T01:44:32.885927072Z #11 6.682 Downloading annotated_types-0.7.0-py3-none-any.whl (13 kB)
2025-12-12T01:44:32.885928963Z #11 6.691 Downloading anyio-4.12.0-py3-none-any.whl (113 kB)
2025-12-12T01:44:32.885930692Z #11 6.693    ━━━━━━━━━━━━━━━━━━━━━━━━━━━━━━━━━━━━━━━ 113.4/113.4 kB 269.2 MB/s eta 0:00:00
2025-12-12T01:44:32.885932372Z #11 6.702 Downloading bcrypt-5.0.0-cp39-abi3-manylinux_2_34_x86_64.whl (278 kB)
2025-12-12T01:44:32.885934193Z #11 6.705    ━━━━━━━━━━━━━━━━━━━━━━━━━━━━━━━━━━━━━━━ 278.2/278.2 kB 311.7 MB/s eta 0:00:00
2025-12-12T01:44:32.885935893Z #11 6.714 Downloading click-8.3.1-py3-none-any.whl (108 kB)
2025-12-12T01:44:32.989069315Z #11 6.716    ━━━━━━━━━━━━━━━━━━━━━━━━━━━━━━━━━━━━━━━ 108.3/108.3 kB 299.4 MB/s eta 0:00:00
2025-12-12T01:44:32.989085826Z #11 6.725 Downloading cryptography-46.0.3-cp311-abi3-manylinux_2_34_x86_64.whl (4.5 MB)
2025-12-12T01:44:32.989088656Z #11 6.745    ━━━━━━━━━━━━━━━━━━━━━━━━━━━━━━━━━━━━━━━━ 4.5/4.5 MB 243.4 MB/s eta 0:00:00
2025-12-12T01:44:32.989091506Z #11 6.755 Downloading distro-1.9.0-py3-none-any.whl (20 kB)
2025-12-12T01:44:32.989093776Z #11 6.763 Downloading dnspython-2.8.0-py3-none-any.whl (331 kB)
2025-12-12T01:44:32.989096226Z #11 6.766    ━━━━━━━━━━━━━━━━━━━━━━━━━━━━━━━━━━━━━━━ 331.1/331.1 kB 278.1 MB/s eta 0:00:00
2025-12-12T01:44:32.989099207Z #11 6.775 Downloading docstring_parser-0.17.0-py3-none-any.whl (36 kB)
2025-12-12T01:44:32.989101336Z #11 6.784 Downloading ecdsa-0.19.1-py2.py3-none-any.whl (150 kB)
2025-12-12T01:44:32.989103587Z #11 6.786    ━━━━━━━━━━━━━━━━━━━━━━━━━━━━━━━━━━━━━━━ 150.6/150.6 kB 289.0 MB/s eta 0:00:00
2025-12-12T01:44:32.989106207Z #11 6.795 Downloading greenlet-3.3.0-cp311-cp311-manylinux_2_24_x86_64.manylinux_2_28_x86_64.whl (590 kB)
2025-12-12T01:44:32.989108357Z #11 6.799    ━━━━━━━━━━━━━━━━━━━━━━━━━━━━━━━━━━━━━━━ 590.2/590.2 kB 303.0 MB/s eta 0:00:00
2025-12-12T01:44:32.989110547Z #11 6.807 Downloading h11-0.16.0-py3-none-any.whl (37 kB)
2025-12-12T01:44:32.989113237Z #11 6.817 Downloading httptools-0.7.1-cp311-cp311-manylinux1_x86_64.manylinux_2_28_x86_64.manylinux_2_5_x86_64.whl (456 kB)
2025-12-12T01:44:33.089671026Z #11 6.820    ━━━━━━━━━━━━━━━━━━━━━━━━━━━━━━━━━━━━━━━ 456.6/456.6 kB 314.8 MB/s eta 0:00:00
2025-12-12T01:44:33.089685916Z #11 6.829 Downloading httpx-0.28.1-py3-none-any.whl (73 kB)
2025-12-12T01:44:33.089688246Z #11 6.830    ━━━━━━━━━━━━━━━━━━━━━━━━━━━━━━━━━━━━━━━━ 73.5/73.5 kB 278.2 MB/s eta 0:00:00
2025-12-12T01:44:33.089690077Z #11 6.840 Downloading httpcore-1.0.9-py3-none-any.whl (78 kB)
2025-12-12T01:44:33.089691727Z #11 6.842    ━━━━━━━━━━━━━━━━━━━━━━━━━━━━━━━━━━━━━━━━ 78.8/78.8 kB 271.9 MB/s eta 0:00:00
2025-12-12T01:44:33.089693477Z #11 6.850 Downloading idna-3.11-py3-none-any.whl (71 kB)
2025-12-12T01:44:33.089704217Z #11 6.853    ━━━━━━━━━━━━━━━━━━━━━━━━━━━━━━━━━━━━━━━━ 71.0/71.0 kB 224.1 MB/s eta 0:00:00
2025-12-12T01:44:33.089706747Z #11 6.862 Downloading jiter-0.12.0-cp311-cp311-manylinux_2_17_x86_64.manylinux2014_x86_64.whl (364 kB)
2025-12-12T01:44:33.089708457Z #11 6.866    ━━━━━━━━━━━━━━━━━━━━━━━━━━━━━━━━━━━━━━━ 364.6/364.6 kB 176.5 MB/s eta 0:00:00
2025-12-12T01:44:33.089710218Z #11 6.875 Downloading pyasn1-0.6.1-py3-none-any.whl (83 kB)
2025-12-12T01:44:33.089711958Z #11 6.877    ━━━━━━━━━━━━━━━━━━━━━━━━━━━━━━━━━━━━━━━━ 83.1/83.1 kB 158.4 MB/s eta 0:00:00
2025-12-12T01:44:33.089714188Z #11 6.887 Downloading pyyaml-6.0.3-cp311-cp311-manylinux2014_x86_64.manylinux_2_17_x86_64.manylinux_2_28_x86_64.whl (806 kB)
2025-12-12T01:44:33.089715878Z #11 6.893    ━━━━━━━━━━━━━━━━━━━━━━━━━━━━━━━━━━━━━━━ 806.6/806.6 kB 180.2 MB/s eta 0:00:00
2025-12-12T01:44:33.089717618Z #11 6.908 Downloading rsa-4.9.1-py3-none-any.whl (34 kB)
2025-12-12T01:44:33.089719318Z #11 6.917 Downloading starlette-0.50.0-py3-none-any.whl (74 kB)
2025-12-12T01:44:33.195217555Z #11 6.919    ━━━━━━━━━━━━━━━━━━━━━━━━━━━━━━━━━━━━━━━━ 74.0/74.0 kB 282.5 MB/s eta 0:00:00
2025-12-12T01:44:33.195236096Z #11 6.928 Downloading tqdm-4.67.1-py3-none-any.whl (78 kB)
2025-12-12T01:44:33.195238806Z #11 6.930    ━━━━━━━━━━━━━━━━━━━━━━━━━━━━━━━━━━━━━━━━ 78.5/78.5 kB 228.6 MB/s eta 0:00:00
2025-12-12T01:44:33.195241816Z #11 6.939 Downloading typing_extensions-4.15.0-py3-none-any.whl (44 kB)
2025-12-12T01:44:33.195243976Z #11 6.941    ━━━━━━━━━━━━━━━━━━━━━━━━━━━━━━━━━━━━━━━━ 44.6/44.6 kB 240.3 MB/s eta 0:00:00
2025-12-12T01:44:33.195246156Z #11 6.952 Downloading typing_inspection-0.4.2-py3-none-any.whl (14 kB)
2025-12-12T01:44:33.195249016Z #11 6.961 Downloading uvloop-0.22.1-cp311-cp311-manylinux2014_x86_64.manylinux_2_17_x86_64.manylinux_2_28_x86_64.whl (3.8 MB)
2025-12-12T01:44:33.195251407Z #11 6.975    ━━━━━━━━━━━━━━━━━━━━━━━━━━━━━━━━━━━━━━━━ 3.8/3.8 MB 301.1 MB/s eta 0:00:00
2025-12-12T01:44:33.195254117Z #11 6.986 Downloading watchfiles-1.1.1-cp311-cp311-manylinux_2_17_x86_64.manylinux2014_x86_64.whl (456 kB)
2025-12-12T01:44:33.195256267Z #11 6.990    ━━━━━━━━━━━━━━━━━━━━━━━━━━━━━━━━━━━━━━━ 456.1/456.1 kB 260.3 MB/s eta 0:00:00
2025-12-12T01:44:33.195259057Z #11 7.001 Downloading websockets-15.0.1-cp311-cp311-manylinux_2_5_x86_64.manylinux1_x86_64.manylinux_2_17_x86_64.manylinux2014_x86_64.whl (182 kB)
2025-12-12T01:44:33.195261157Z #11 7.004    ━━━━━━━━━━━━━━━━━━━━━━━━━━━━━━━━━━━━━━━ 182.3/182.3 kB 301.0 MB/s eta 0:00:00
2025-12-12T01:44:33.195263667Z #11 7.012 Downloading mako-1.3.10-py3-none-any.whl (78 kB)
2025-12-12T01:44:33.195266257Z #11 7.014    ━━━━━━━━━━━━━━━━━━━━━━━━━━━━━━━━━━━━━━━━ 78.5/78.5 kB 248.9 MB/s eta 0:00:00
2025-12-12T01:44:33.195269277Z #11 7.023 Downloading sniffio-1.3.1-py3-none-any.whl (10 kB)
2025-12-12T01:44:33.419858603Z #11 7.050 Downloading cffi-2.0.0-cp311-cp311-manylinux2014_x86_64.manylinux_2_17_x86_64.whl (215 kB)
2025-12-12T01:44:33.419892065Z #11 7.052    ━━━━━━━━━━━━━━━━━━━━━━━━━━━━━━━━━━━━━━━ 215.6/215.6 kB 288.4 MB/s eta 0:00:00
2025-12-12T01:44:33.419897235Z #11 7.063 Downloading markupsafe-3.0.3-cp311-cp311-manylinux2014_x86_64.manylinux_2_17_x86_64.manylinux_2_28_x86_64.whl (22 kB)
2025-12-12T01:44:33.419899845Z #11 7.072 Downloading six-1.17.0-py2.py3-none-any.whl (11 kB)
2025-12-12T01:44:33.419902115Z #11 7.082 Downloading certifi-2025.11.12-py3-none-any.whl (159 kB)
2025-12-12T01:44:33.419903875Z #11 7.085    ━━━━━━━━━━━━━━━━━━━━━━━━━━━━━━━━━━━━━━━ 159.4/159.4 kB 205.7 MB/s eta 0:00:00
2025-12-12T01:44:33.419905555Z #11 7.095 Downloading pycparser-2.23-py3-none-any.whl (118 kB)
2025-12-12T01:44:33.419907415Z #11 7.097    ━━━━━━━━━━━━━━━━━━━━━━━━━━━━━━━━━━━━━━━ 118.1/118.1 kB 204.2 MB/s eta 0:00:00
2025-12-12T01:44:33.551648693Z #11 7.379 Installing collected packages: passlib, websockets, uvloop, typing-extensions, tqdm, sniffio, six, pyyaml, python-multipart, python-dotenv, pycparser, pyasn1, psycopg2-binary, MarkupSafe, jiter, idna, httptools, h11, greenlet, docstring-parser, dnspython, distro, click, certifi, bcrypt, annotated-types, annotated-doc, uvicorn, typing-inspection, sqlalchemy, rsa, pydantic-core, Mako, httpcore, email-validator, ecdsa, cffi, anyio, watchfiles, starlette, python-jose, pydantic, httpx, cryptography, alembic, pydantic-settings, openai, fastapi, anthropic
2025-12-12T01:44:40.233376007Z #11 14.06 Successfully installed Mako-1.3.10 MarkupSafe-3.0.3 alembic-1.17.2 annotated-doc-0.0.4 annotated-types-0.7.0 anthropic-0.75.0 anyio-4.12.0 bcrypt-5.0.0 certifi-2025.11.12 cffi-2.0.0 click-8.3.1 cryptography-46.0.3 distro-1.9.0 dnspython-2.8.0 docstring-parser-0.17.0 ecdsa-0.19.1 email-validator-2.3.0 fastapi-0.124.2 greenlet-3.3.0 h11-0.16.0 httpcore-1.0.9 httptools-0.7.1 httpx-0.28.1 idna-3.11 jiter-0.12.0 openai-2.11.0 passlib-1.7.4 psycopg2-binary-2.9.11 pyasn1-0.6.1 pycparser-2.23 pydantic-2.12.5 pydantic-core-2.41.5 pydantic-settings-2.12.0 python-dotenv-1.2.1 python-jose-3.5.0 python-multipart-0.0.20 pyyaml-6.0.3 rsa-4.9.1 six-1.17.0 sniffio-1.3.1 sqlalchemy-2.0.45 starlette-0.50.0 tqdm-4.67.1 typing-extensions-4.15.0 typing-inspection-0.4.2 uvicorn-0.38.0 uvloop-0.22.1 watchfiles-1.1.1 websockets-15.0.1
2025-12-12T01:44:40.479674153Z #11 14.06 WARNING: Running pip as the 'root' user can result in broken permissions and conflicting behaviour with the system package manager. It is recommended to use a virtual environment instead: https://pip.pypa.io/warnings/venv
2025-12-12T01:44:40.479693274Z #11 14.16 
2025-12-12T01:44:40.479698294Z #11 14.16 [notice] A new release of pip is available: 24.0 -> 25.3
2025-12-12T01:44:40.479703854Z #11 14.16 [notice] To update, run: pip install --upgrade pip
2025-12-12T01:45:39.186770302Z #11 DONE 73.0s
2025-12-12T01:45:39.340401209Z 
2025-12-12T01:45:39.34042621Z #12 [ 7/10] RUN pip install --no-cache-dir -r requirements-dev.txt
2025-12-12T01:45:40.67447639Z #12 1.485 Collecting pytest>=7.4.0 (from -r requirements-dev.txt (line 4))
2025-12-12T01:45:40.804138366Z #12 1.531   Downloading pytest-9.0.2-py3-none-any.whl.metadata (7.6 kB)
2025-12-12T01:45:40.804157847Z #12 1.566 Collecting pytest-asyncio>=0.21.0 (from -r requirements-dev.txt (line 5))
2025-12-12T01:45:40.804162088Z #12 1.581   Downloading pytest_asyncio-1.3.0-py3-none-any.whl.metadata (4.1 kB)
2025-12-12T01:45:40.804165938Z #12 1.614 Collecting pytest-cov>=4.1.0 (from -r requirements-dev.txt (line 6))
2025-12-12T01:45:40.9224236Z #12 1.624   Downloading pytest_cov-7.0.0-py3-none-any.whl.metadata (31 kB)
2025-12-12T01:45:40.92243809Z #12 1.668 Collecting pytest-mock>=3.12.0 (from -r requirements-dev.txt (line 7))
2025-12-12T01:45:40.922465541Z #12 1.679   Downloading pytest_mock-3.15.1-py3-none-any.whl.metadata (3.9 kB)
2025-12-12T01:45:40.922468641Z #12 1.700 Collecting pytest-dotenv>=0.5.2 (from -r requirements-dev.txt (line 8))
2025-12-12T01:45:40.922470842Z #12 1.710   Downloading pytest_dotenv-0.5.2-py3-none-any.whl.metadata (2.8 kB)
2025-12-12T01:45:40.922472952Z #12 1.733 Collecting factory-boy>=3.3.0 (from -r requirements-dev.txt (line 9))
2025-12-12T01:45:41.024424872Z #12 1.742   Downloading factory_boy-3.3.3-py2.py3-none-any.whl.metadata (15 kB)
2025-12-12T01:45:41.024450493Z #12 1.818 Collecting black>=23.0.0 (from -r requirements-dev.txt (line 12))
2025-12-12T01:45:41.024453924Z #12 1.827   Downloading black-25.12.0-cp311-cp311-manylinux2014_x86_64.manylinux_2_17_x86_64.manylinux_2_28_x86_64.whl.metadata (86 kB)
2025-12-12T01:45:41.135759668Z #12 1.835      ━━━━━━━━━━━━━━━━━━━━━━━━━━━━━━━━━━━━━━━━ 86.4/86.4 kB 14.4 MB/s eta 0:00:00
2025-12-12T01:45:41.135774929Z #12 1.888 Collecting isort>=5.12.0 (from -r requirements-dev.txt (line 13))
2025-12-12T01:45:41.135778179Z #12 1.897   Downloading isort-7.0.0-py3-none-any.whl.metadata (11 kB)
2025-12-12T01:45:41.135780779Z #12 1.934 Collecting flake8>=6.0.0 (from -r requirements-dev.txt (line 14))
2025-12-12T01:45:41.135783829Z #12 1.946   Downloading flake8-7.3.0-py2.py3-none-any.whl.metadata (3.8 kB)
2025-12-12T01:45:41.25922896Z #12 2.069 Collecting mypy>=1.7.0 (from -r requirements-dev.txt (line 15))
2025-12-12T01:45:41.363466692Z #12 2.080   Downloading mypy-1.19.0-cp311-cp311-manylinux2014_x86_64.manylinux_2_17_x86_64.manylinux_2_28_x86_64.whl.metadata (2.2 kB)
2025-12-12T01:45:41.363484843Z #12 2.111 Collecting bandit>=1.7.5 (from -r requirements-dev.txt (line 16))
2025-12-12T01:45:41.363487593Z #12 2.119   Downloading bandit-1.9.2-py3-none-any.whl.metadata (7.1 kB)
2025-12-12T01:45:41.363489803Z #12 2.164 Collecting safety>=2.3.0 (from -r requirements-dev.txt (line 17))
2025-12-12T01:45:41.363492033Z #12 2.174   Downloading safety-3.7.0-py3-none-any.whl.metadata (11 kB)
2025-12-12T01:45:41.527891746Z #12 2.208 Collecting mkdocs>=1.5.0 (from -r requirements-dev.txt (line 20))
2025-12-12T01:45:41.527911667Z #12 2.217   Downloading mkdocs-1.6.1-py3-none-any.whl.metadata (6.0 kB)
2025-12-12T01:45:41.527915367Z #12 2.338 Collecting mkdocs-material>=9.4.0 (from -r requirements-dev.txt (line 21))
2025-12-12T01:45:41.634064534Z #12 2.347   Downloading mkdocs_material-9.7.0-py3-none-any.whl.metadata (19 kB)
2025-12-12T01:45:41.634083455Z #12 2.435 Collecting ipython>=8.17.0 (from -r requirements-dev.txt (line 24))
2025-12-12T01:45:41.634088055Z #12 2.444   Downloading ipython-9.8.0-py3-none-any.whl.metadata (4.5 kB)
2025-12-12T01:45:41.736097048Z #12 2.470 Collecting jupyter>=1.0.0 (from -r requirements-dev.txt (line 25))
2025-12-12T01:45:41.736116009Z #12 2.478   Downloading jupyter-1.1.1-py2.py3-none-any.whl.metadata (2.0 kB)
2025-12-12T01:45:41.736118879Z #12 2.508 Collecting pytest-postgresql>=5.0.0 (from -r requirements-dev.txt (line 28))
2025-12-12T01:45:41.736120629Z #12 2.518   Downloading pytest_postgresql-7.0.2-py3-none-any.whl.metadata (18 kB)
2025-12-12T01:45:41.736122449Z #12 2.546 Collecting pytest-redis>=3.0.0 (from -r requirements-dev.txt (line 29))
2025-12-12T01:45:41.896091536Z #12 2.556   Downloading pytest_redis-3.1.3-py3-none-any.whl.metadata (18 kB)
2025-12-12T01:45:41.950365477Z #12 2.761 Collecting locust>=2.15.0 (from -r requirements-dev.txt (line 32))
2025-12-12T01:45:42.157507121Z #12 2.770   Downloading locust-2.42.6-py3-none-any.whl.metadata (10 kB)
2025-12-12T01:45:42.157553274Z #12 2.812 Collecting types-requests>=2.31.0 (from -r requirements-dev.txt (line 35))
2025-12-12T01:45:42.157565954Z #12 2.820   Downloading types_requests-2.32.4.20250913-py3-none-any.whl.metadata (2.0 kB)
2025-12-12T01:45:42.157568014Z #12 2.843 Collecting types-python-jose>=3.3.0 (from -r requirements-dev.txt (line 36))
2025-12-12T01:45:42.157569664Z #12 2.854   Downloading types_python_jose-3.5.0.20250531-py3-none-any.whl.metadata (1.9 kB)
2025-12-12T01:45:42.157571615Z #12 2.968 Collecting debugpy>=1.8.0 (from -r requirements-dev.txt (line 39))
2025-12-12T01:45:42.275208929Z #12 2.978   Downloading debugpy-1.8.18-cp311-cp311-manylinux_2_34_x86_64.whl.metadata (1.4 kB)
2025-12-12T01:45:42.27523149Z #12 3.009 Collecting iniconfig>=1.0.1 (from pytest>=7.4.0->-r requirements-dev.txt (line 4))
2025-12-12T01:45:42.27523594Z #12 3.017   Downloading iniconfig-2.3.0-py3-none-any.whl.metadata (2.5 kB)
2025-12-12T01:45:42.27523856Z #12 3.050 Collecting packaging>=22 (from pytest>=7.4.0->-r requirements-dev.txt (line 4))
2025-12-12T01:45:42.27524118Z #12 3.059   Downloading packaging-25.0-py3-none-any.whl.metadata (3.3 kB)
2025-12-12T01:45:42.27524377Z #12 3.085 Collecting pluggy<2,>=1.5 (from pytest>=7.4.0->-r requirements-dev.txt (line 4))
2025-12-12T01:45:42.493093338Z #12 3.094   Downloading pluggy-1.6.0-py3-none-any.whl.metadata (4.8 kB)
2025-12-12T01:45:42.493116569Z #12 3.124 Collecting pygments>=2.7.2 (from pytest>=7.4.0->-r requirements-dev.txt (line 4))
2025-12-12T01:45:42.49312178Z #12 3.133   Downloading pygments-2.19.2-py3-none-any.whl.metadata (2.5 kB)
2025-12-12T01:45:42.49312917Z #12 3.153 Requirement already satisfied: typing-extensions>=4.12 in /usr/local/lib/python3.11/site-packages (from pytest-asyncio>=0.21.0->-r requirements-dev.txt (line 5)) (4.15.0)
2025-12-12T01:45:42.764229914Z #12 3.574 Collecting coverage>=7.10.6 (from coverage[toml]>=7.10.6->pytest-cov>=4.1.0->-r requirements-dev.txt (line 6))
2025-12-12T01:45:42.973709102Z #12 3.593   Downloading coverage-7.13.0-cp311-cp311-manylinux1_x86_64.manylinux_2_28_x86_64.manylinux_2_5_x86_64.whl.metadata (8.5 kB)
2025-12-12T01:45:42.973731052Z #12 3.634 Requirement already satisfied: python-dotenv>=0.9.1 in /usr/local/lib/python3.11/site-packages (from pytest-dotenv>=0.5.2->-r requirements-dev.txt (line 8)) (1.2.1)
2025-12-12T01:45:43.036913468Z #12 3.847 Collecting Faker>=0.7.0 (from factory-boy>=3.3.0->-r requirements-dev.txt (line 9))
2025-12-12T01:45:43.151879304Z #12 3.856   Downloading faker-38.2.0-py3-none-any.whl.metadata (16 kB)
2025-12-12T01:45:43.151901265Z #12 3.869 Requirement already satisfied: click>=8.0.0 in /usr/local/lib/python3.11/site-packages (from black>=23.0.0->-r requirements-dev.txt (line 12)) (8.3.1)
2025-12-12T01:45:43.151905665Z #12 3.888 Collecting mypy-extensions>=0.4.3 (from black>=23.0.0->-r requirements-dev.txt (line 12))
2025-12-12T01:45:43.151908725Z #12 3.897   Downloading mypy_extensions-1.1.0-py3-none-any.whl.metadata (1.1 kB)
2025-12-12T01:45:43.151912575Z #12 3.918 Collecting pathspec>=0.9.0 (from black>=23.0.0->-r requirements-dev.txt (line 12))
2025-12-12T01:45:43.151915426Z #12 3.927   Downloading pathspec-0.12.1-py3-none-any.whl.metadata (21 kB)
2025-12-12T01:45:43.151918296Z #12 3.962 Collecting platformdirs>=2 (from black>=23.0.0->-r requirements-dev.txt (line 12))
2025-12-12T01:45:43.254720234Z #12 3.971   Downloading platformdirs-4.5.1-py3-none-any.whl.metadata (12 kB)
2025-12-12T01:45:43.254745965Z #12 3.992 Collecting pytokens>=0.3.0 (from black>=23.0.0->-r requirements-dev.txt (line 12))
2025-12-12T01:45:43.254749355Z #12 4.001   Downloading pytokens-0.3.0-py3-none-any.whl.metadata (2.0 kB)
2025-12-12T01:45:43.254756625Z #12 4.024 Collecting mccabe<0.8.0,>=0.7.0 (from flake8>=6.0.0->-r requirements-dev.txt (line 14))
2025-12-12T01:45:43.254759686Z #12 4.032   Downloading mccabe-0.7.0-py2.py3-none-any.whl.metadata (5.0 kB)
2025-12-12T01:45:43.254784437Z #12 4.057 Collecting pycodestyle<2.15.0,>=2.14.0 (from flake8>=6.0.0->-r requirements-dev.txt (line 14))
2025-12-12T01:45:43.254786687Z #12 4.065   Downloading pycodestyle-2.14.0-py2.py3-none-any.whl.metadata (4.5 kB)
2025-12-12T01:45:43.385395325Z #12 4.092 Collecting pyflakes<3.5.0,>=3.4.0 (from flake8>=6.0.0->-r requirements-dev.txt (line 14))
2025-12-12T01:45:43.385416006Z #12 4.101   Downloading pyflakes-3.4.0-py2.py3-none-any.whl.metadata (3.5 kB)
2025-12-12T01:45:43.385420036Z #12 4.195 Collecting librt>=0.6.2 (from mypy>=1.7.0->-r requirements-dev.txt (line 15))
2025-12-12T01:45:43.527110415Z #12 4.205   Downloading librt-0.7.3-cp311-cp311-manylinux2014_x86_64.manylinux_2_17_x86_64.manylinux_2_28_x86_64.whl.metadata (1.3 kB)
2025-12-12T01:45:43.527128935Z #12 4.217 Requirement already satisfied: PyYAML>=5.3.1 in /usr/local/lib/python3.11/site-packages (from bandit>=1.7.5->-r requirements-dev.txt (line 16)) (6.0.3)
2025-12-12T01:45:43.527131996Z #12 4.254 Collecting stevedore>=1.20.0 (from bandit>=1.7.5->-r requirements-dev.txt (line 16))
2025-12-12T01:45:43.527134426Z #12 4.264   Downloading stevedore-5.6.0-py3-none-any.whl.metadata (2.3 kB)
2025-12-12T01:45:43.527136126Z #12 4.337 Collecting rich (from bandit>=1.7.5->-r requirements-dev.txt (line 16))
2025-12-12T01:45:43.646282467Z #12 4.346   Downloading rich-14.2.0-py3-none-any.whl.metadata (18 kB)
2025-12-12T01:45:43.646299208Z #12 4.383 Collecting authlib>=1.2.0 (from safety>=2.3.0->-r requirements-dev.txt (line 17))
2025-12-12T01:45:43.646302488Z #12 4.391   Downloading authlib-1.6.5-py2.py3-none-any.whl.metadata (9.8 kB)
2025-12-12T01:45:43.646305648Z #12 4.412 Collecting dparse>=0.6.4 (from safety>=2.3.0->-r requirements-dev.txt (line 17))
2025-12-12T01:45:43.646308158Z #12 4.420   Downloading dparse-0.6.4-py3-none-any.whl.metadata (5.5 kB)
2025-12-12T01:45:43.646311148Z #12 4.457 Collecting filelock<4.0,>=3.16.1 (from safety>=2.3.0->-r requirements-dev.txt (line 17))
2025-12-12T01:45:43.769595103Z #12 4.465   Downloading filelock-3.20.0-py3-none-any.whl.metadata (2.1 kB)
2025-12-12T01:45:43.769612694Z #12 4.467 Requirement already satisfied: httpx in /usr/local/lib/python3.11/site-packages (from safety>=2.3.0->-r requirements-dev.txt (line 17)) (0.28.1)
2025-12-12T01:45:43.769615964Z #12 4.490 Collecting jinja2>=3.1.0 (from safety>=2.3.0->-r requirements-dev.txt (line 17))
2025-12-12T01:45:43.769618514Z #12 4.499   Downloading jinja2-3.1.6-py3-none-any.whl.metadata (2.9 kB)
2025-12-12T01:45:43.769620614Z #12 4.545 Collecting marshmallow>=3.15.0 (from safety>=2.3.0->-r requirements-dev.txt (line 17))
2025-12-12T01:45:43.769622824Z #12 4.555   Downloading marshmallow-4.1.1-py3-none-any.whl.metadata (7.4 kB)
2025-12-12T01:45:43.769624964Z #12 4.580 Collecting nltk>=3.9 (from safety>=2.3.0->-r requirements-dev.txt (line 17))
2025-12-12T01:45:43.879278735Z #12 4.588   Downloading nltk-3.9.2-py3-none-any.whl.metadata (3.2 kB)
2025-12-12T01:45:43.929688365Z #12 4.690 Requirement already satisfied: pydantic>=2.6.0 in /usr/local/lib/python3.11/site-packages (from safety>=2.3.0->-r requirements-dev.txt (line 17)) (2.12.5)
2025-12-12T01:45:44.004289656Z #12 4.723 Collecting requests (from safety>=2.3.0->-r requirements-dev.txt (line 17))
2025-12-12T01:45:44.004304177Z #12 4.815   Downloading requests-2.32.5-py3-none-any.whl.metadata (4.9 kB)
2025-12-12T01:45:44.231034777Z #12 5.041 Collecting ruamel-yaml>=0.17.21 (from safety>=2.3.0->-r requirements-dev.txt (line 17))
2025-12-12T01:45:44.352898039Z #12 5.050   Downloading ruamel.yaml-0.18.16-py3-none-any.whl.metadata (25 kB)
2025-12-12T01:45:44.35293034Z #12 5.076 Collecting safety-schemas==0.0.16 (from safety>=2.3.0->-r requirements-dev.txt (line 17))
2025-12-12T01:45:44.352942501Z #12 5.087   Downloading safety_schemas-0.0.16-py3-none-any.whl.metadata (1.1 kB)
2025-12-12T01:45:44.352946671Z #12 5.113 Collecting tenacity>=8.1.0 (from safety>=2.3.0->-r requirements-dev.txt (line 17))
2025-12-12T01:45:44.352949121Z #12 5.122   Downloading tenacity-9.1.2-py3-none-any.whl.metadata (1.2 kB)
2025-12-12T01:45:44.352951671Z #12 5.163 Collecting tomlkit (from safety>=2.3.0->-r requirements-dev.txt (line 17))
2025-12-12T01:45:44.475147728Z #12 5.173   Downloading tomlkit-0.13.3-py3-none-any.whl.metadata (2.8 kB)
2025-12-12T01:45:44.475168278Z #12 5.215 Collecting typer>=0.16.0 (from safety>=2.3.0->-r requirements-dev.txt (line 17))
2025-12-12T01:45:44.475171049Z #12 5.225   Downloading typer-0.20.0-py3-none-any.whl.metadata (16 kB)
2025-12-12T01:45:44.475173469Z #12 5.285 Collecting ghp-import>=1.0 (from mkdocs>=1.5.0->-r requirements-dev.txt (line 20))
2025-12-12T01:45:44.587958898Z #12 5.296   Downloading ghp_import-2.1.0-py3-none-any.whl.metadata (7.2 kB)
2025-12-12T01:45:44.587979759Z #12 5.328 Collecting markdown>=3.3.6 (from mkdocs>=1.5.0->-r requirements-dev.txt (line 20))
2025-12-12T01:45:44.587982709Z #12 5.337   Downloading markdown-3.10-py3-none-any.whl.metadata (5.1 kB)
2025-12-12T01:45:44.58798628Z #12 5.341 Requirement already satisfied: markupsafe>=2.0.1 in /usr/local/lib/python3.11/site-packages (from mkdocs>=1.5.0->-r requirements-dev.txt (line 20)) (3.0.3)
2025-12-12T01:45:44.58798859Z #12 5.364 Collecting mergedeep>=1.3.4 (from mkdocs>=1.5.0->-r requirements-dev.txt (line 20))
2025-12-12T01:45:44.58799083Z #12 5.374   Downloading mergedeep-1.3.4-py3-none-any.whl.metadata (4.3 kB)
2025-12-12T01:45:44.58799399Z #12 5.398 Collecting mkdocs-get-deps>=0.2.0 (from mkdocs>=1.5.0->-r requirements-dev.txt (line 20))
2025-12-12T01:45:44.711927483Z #12 5.407   Downloading mkdocs_get_deps-0.2.0-py3-none-any.whl.metadata (4.0 kB)
2025-12-12T01:45:44.711947394Z #12 5.435 Collecting pyyaml-env-tag>=0.1 (from mkdocs>=1.5.0->-r requirements-dev.txt (line 20))
2025-12-12T01:45:44.711950124Z #12 5.445   Downloading pyyaml_env_tag-1.1-py3-none-any.whl.metadata (5.5 kB)
2025-12-12T01:45:44.711952444Z #12 5.522 Collecting watchdog>=2.0 (from mkdocs>=1.5.0->-r requirements-dev.txt (line 20))
2025-12-12T01:45:44.827896994Z #12 5.532   Downloading watchdog-6.0.0-py3-none-manylinux2014_x86_64.whl.metadata (44 kB)
2025-12-12T01:45:44.827912364Z #12 5.535      ━━━━━━━━━━━━━━━━━━━━━━━━━━━━━━━━━━━━━━━ 44.3/44.3 kB 159.8 MB/s eta 0:00:00
2025-12-12T01:45:44.827917355Z #12 5.587 Collecting babel>=2.10 (from mkdocs-material>=9.4.0->-r requirements-dev.txt (line 21))
2025-12-12T01:45:44.827919935Z #12 5.596   Downloading babel-2.17.0-py3-none-any.whl.metadata (2.0 kB)
2025-12-12T01:45:44.827922295Z #12 5.638 Collecting backrefs>=5.7.post1 (from mkdocs-material>=9.4.0->-r requirements-dev.txt (line 21))
2025-12-12T01:45:44.952937916Z #12 5.651   Downloading backrefs-6.1-py311-none-any.whl.metadata (3.0 kB)
2025-12-12T01:45:44.952959847Z #12 5.684 Collecting colorama>=0.4 (from mkdocs-material>=9.4.0->-r requirements-dev.txt (line 21))
2025-12-12T01:45:44.952963557Z #12 5.693   Downloading colorama-0.4.6-py2.py3-none-any.whl.metadata (17 kB)
2025-12-12T01:45:44.952967257Z #12 5.726 Collecting mkdocs-material-extensions>=1.3 (from mkdocs-material>=9.4.0->-r requirements-dev.txt (line 21))
2025-12-12T01:45:44.952970687Z #12 5.736   Downloading mkdocs_material_extensions-1.3.1-py3-none-any.whl.metadata (6.9 kB)
2025-12-12T01:45:44.952973347Z #12 5.763 Collecting paginate>=0.5 (from mkdocs-material>=9.4.0->-r requirements-dev.txt (line 21))
2025-12-12T01:45:45.101129062Z #12 5.773   Downloading paginate-0.5.7-py2.py3-none-any.whl.metadata (11 kB)
2025-12-12T01:45:45.101163343Z #12 5.836 Collecting pymdown-extensions>=10.2 (from mkdocs-material>=9.4.0->-r requirements-dev.txt (line 21))
2025-12-12T01:45:45.101167293Z #12 5.846   Downloading pymdown_extensions-10.19-py3-none-any.whl.metadata (3.1 kB)
2025-12-12T01:45:45.101170473Z #12 5.911 Collecting decorator>=4.3.2 (from ipython>=8.17.0->-r requirements-dev.txt (line 24))
2025-12-12T01:45:45.208827856Z #12 5.921   Downloading decorator-5.2.1-py3-none-any.whl.metadata (3.9 kB)
2025-12-12T01:45:45.208850308Z #12 5.940 Collecting ipython-pygments-lexers>=1.0.0 (from ipython>=8.17.0->-r requirements-dev.txt (line 24))
2025-12-12T01:45:45.208854218Z #12 5.949   Downloading ipython_pygments_lexers-1.1.1-py3-none-any.whl.metadata (1.1 kB)
2025-12-12T01:45:45.208856658Z #12 5.978 Collecting jedi>=0.18.1 (from ipython>=8.17.0->-r requirements-dev.txt (line 24))
2025-12-12T01:45:45.208858918Z #12 5.987   Downloading jedi-0.19.2-py2.py3-none-any.whl.metadata (22 kB)
2025-12-12T01:45:45.208861238Z #12 6.010 Collecting matplotlib-inline>=0.1.5 (from ipython>=8.17.0->-r requirements-dev.txt (line 24))
2025-12-12T01:45:45.208863848Z #12 6.019   Downloading matplotlib_inline-0.2.1-py3-none-any.whl.metadata (2.3 kB)
2025-12-12T01:45:45.329630971Z #12 6.040 Collecting pexpect>4.3 (from ipython>=8.17.0->-r requirements-dev.txt (line 24))
2025-12-12T01:45:45.329649172Z #12 6.050   Downloading pexpect-4.9.0-py2.py3-none-any.whl.metadata (2.5 kB)
2025-12-12T01:45:45.329652402Z #12 6.103 Collecting prompt_toolkit<3.1.0,>=3.0.41 (from ipython>=8.17.0->-r requirements-dev.txt (line 24))
2025-12-12T01:45:45.329654232Z #12 6.112   Downloading prompt_toolkit-3.0.52-py3-none-any.whl.metadata (6.4 kB)
2025-12-12T01:45:45.329655982Z #12 6.140 Collecting stack_data>=0.6.0 (from ipython>=8.17.0->-r requirements-dev.txt (line 24))
2025-12-12T01:45:45.46567131Z #12 6.149   Downloading stack_data-0.6.3-py3-none-any.whl.metadata (18 kB)
2025-12-12T01:45:45.465697881Z #12 6.185 Collecting traitlets>=5.13.0 (from ipython>=8.17.0->-r requirements-dev.txt (line 24))
2025-12-12T01:45:45.465704241Z #12 6.194   Downloading traitlets-5.14.3-py3-none-any.whl.metadata (10 kB)
2025-12-12T01:45:45.465710272Z #12 6.276 Collecting notebook (from jupyter>=1.0.0->-r requirements-dev.txt (line 25))
2025-12-12T01:45:45.614206401Z #12 6.285   Downloading notebook-7.5.0-py3-none-any.whl.metadata (10 kB)
2025-12-12T01:45:45.614225822Z #12 6.309 Collecting jupyter-console (from jupyter>=1.0.0->-r requirements-dev.txt (line 25))
2025-12-12T01:45:45.614229612Z #12 6.319   Downloading jupyter_console-6.6.3-py3-none-any.whl.metadata (5.8 kB)
2025-12-12T01:45:45.614232612Z #12 6.358 Collecting nbconvert (from jupyter>=1.0.0->-r requirements-dev.txt (line 25))
2025-12-12T01:45:45.614235352Z #12 6.367   Downloading nbconvert-7.16.6-py3-none-any.whl.metadata (8.5 kB)
2025-12-12T01:45:45.614238432Z #12 6.424 Collecting ipykernel (from jupyter>=1.0.0->-r requirements-dev.txt (line 25))
2025-12-12T01:45:45.823672308Z #12 6.434   Downloading ipykernel-7.1.0-py3-none-any.whl.metadata (4.5 kB)
2025-12-12T01:45:45.823695869Z #12 6.474 Collecting ipywidgets (from jupyter>=1.0.0->-r requirements-dev.txt (line 25))
2025-12-12T01:45:45.82370059Z #12 6.483   Downloading ipywidgets-8.1.8-py3-none-any.whl.metadata (2.4 kB)
2025-12-12T01:45:45.901034451Z #12 6.711 Collecting jupyterlab (from jupyter>=1.0.0->-r requirements-dev.txt (line 25))
2025-12-12T01:45:46.094709699Z #12 6.720   Downloading jupyterlab-4.5.0-py3-none-any.whl.metadata (16 kB)
2025-12-12T01:45:46.09473607Z #12 6.757 Collecting port-for>=0.7.3 (from pytest-postgresql>=5.0.0->-r requirements-dev.txt (line 28))
2025-12-12T01:45:46.094741311Z #12 6.767   Downloading port_for-1.0.0-py3-none-any.whl.metadata (7.2 kB)
2025-12-12T01:45:46.094745391Z #12 6.793 Collecting mirakuru>=2.6.0 (from pytest-postgresql>=5.0.0->-r requirements-dev.txt (line 28))
2025-12-12T01:45:46.094759851Z #12 6.805   Downloading mirakuru-3.0.1-py3-none-any.whl.metadata (12 kB)
2025-12-12T01:45:46.094763292Z #12 6.905 Collecting psycopg>=3.0.0 (from pytest-postgresql>=5.0.0->-r requirements-dev.txt (line 28))
2025-12-12T01:45:46.228124982Z #12 6.914   Downloading psycopg-3.3.2-py3-none-any.whl.metadata (4.3 kB)
2025-12-12T01:45:46.231981213Z #12 6.984 Collecting redis>=3 (from pytest-redis>=3.0.0->-r requirements-dev.txt (line 29))
2025-12-12T01:45:46.231990063Z #12 6.995   Downloading redis-7.1.0-py3-none-any.whl.metadata (12 kB)
2025-12-12T01:45:46.231993763Z #12 7.038 Collecting configargparse>=1.7.1 (from locust>=2.15.0->-r requirements-dev.txt (line 32))
2025-12-12T01:45:46.330143575Z #12 7.140   Downloading configargparse-1.7.1-py3-none-any.whl.metadata (24 kB)
2025-12-12T01:45:46.535162095Z #12 7.166 Collecting flask-cors>=3.0.10 (from locust>=2.15.0->-r requirements-dev.txt (line 32))
2025-12-12T01:45:46.535179286Z #12 7.174   Downloading flask_cors-6.0.1-py3-none-any.whl.metadata (5.3 kB)
2025-12-12T01:45:46.535182976Z #12 7.193 Collecting flask-login>=0.6.3 (from locust>=2.15.0->-r requirements-dev.txt (line 32))
2025-12-12T01:45:46.535186067Z #12 7.201   Downloading Flask_Login-0.6.3-py3-none-any.whl.metadata (5.8 kB)
2025-12-12T01:45:46.535189057Z #12 7.228 Collecting flask>=2.0.0 (from locust>=2.15.0->-r requirements-dev.txt (line 32))
2025-12-12T01:45:46.535191907Z #12 7.236   Downloading flask-3.1.2-py3-none-any.whl.metadata (3.2 kB)
2025-12-12T01:45:46.535195427Z #12 7.345 Collecting gevent!=25.8.1,<26.0.0,>=24.10.1 (from locust>=2.15.0->-r requirements-dev.txt (line 32))
2025-12-12T01:45:46.673415622Z #12 7.354   Downloading gevent-25.9.1-cp311-cp311-manylinux2014_x86_64.manylinux_2_17_x86_64.whl.metadata (14 kB)
2025-12-12T01:45:46.673432563Z #12 7.484 Collecting geventhttpclient>=2.3.1 (from locust>=2.15.0->-r requirements-dev.txt (line 32))
2025-12-12T01:45:46.825148335Z #12 7.493   Downloading geventhttpclient-2.3.7-cp311-cp311-manylinux1_x86_64.manylinux_2_28_x86_64.manylinux_2_5_x86_64.whl.metadata (8.5 kB)
2025-12-12T01:45:46.825175736Z #12 7.555 Collecting locust-cloud>=1.29.4 (from locust>=2.15.0->-r requirements-dev.txt (line 32))
2025-12-12T01:45:46.825179346Z #12 7.568   Downloading locust_cloud-1.29.5-py3-none-any.whl.metadata (829 bytes)
2025-12-12T01:45:46.825184337Z #12 7.635 Collecting msgpack>=1.0.0 (from locust>=2.15.0->-r requirements-dev.txt (line 32))
2025-12-12T01:45:46.984306177Z #12 7.644   Downloading msgpack-1.1.2-cp311-cp311-manylinux2014_x86_64.manylinux_2_17_x86_64.manylinux_2_28_x86_64.whl.metadata (8.1 kB)
2025-12-12T01:45:47.020919537Z #12 7.831 Collecting psutil>=5.9.1 (from locust>=2.15.0->-r requirements-dev.txt (line 32))
2025-12-12T01:45:47.122730211Z #12 7.872   Downloading psutil-7.1.3-cp36-abi3-manylinux2010_x86_64.manylinux_2_12_x86_64.manylinux_2_28_x86_64.whl.metadata (23 kB)
2025-12-12T01:45:47.122748262Z #12 7.923 Collecting python-engineio>=4.12.2 (from locust>=2.15.0->-r requirements-dev.txt (line 32))
2025-12-12T01:45:47.122752132Z #12 7.933   Downloading python_engineio-4.12.3-py3-none-any.whl.metadata (2.2 kB)
2025-12-12T01:45:47.321272485Z #12 7.971 Collecting python-socketio>=5.13.0 (from python-socketio[client]>=5.13.0->locust>=2.15.0->-r requirements-dev.txt (line 32))
2025-12-12T01:45:47.321292995Z #12 7.981   Downloading python_socketio-5.15.0-py3-none-any.whl.metadata (3.2 kB)
2025-12-12T01:45:47.515476596Z #12 8.326 Collecting pyzmq>=25.0.0 (from locust>=2.15.0->-r requirements-dev.txt (line 32))
2025-12-12T01:45:47.658888531Z #12 8.335   Downloading pyzmq-27.1.0-cp311-cp311-manylinux_2_26_x86_64.manylinux_2_28_x86_64.whl.metadata (6.0 kB)
2025-12-12T01:45:47.658917672Z #12 8.352 Collecting requests (from safety>=2.3.0->-r requirements-dev.txt (line 17))
2025-12-12T01:45:47.658922053Z #12 8.362   Downloading requests-2.32.4-py3-none-any.whl.metadata (4.9 kB)
2025-12-12T01:45:47.658925013Z #12 8.401 Collecting werkzeug>=2.0.0 (from locust>=2.15.0->-r requirements-dev.txt (line 32))
2025-12-12T01:45:47.658927363Z #12 8.409   Downloading werkzeug-3.1.4-py3-none-any.whl.metadata (4.0 kB)
2025-12-12T01:45:47.658930453Z #12 8.469 Collecting urllib3>=2 (from types-requests>=2.31.0->-r requirements-dev.txt (line 35))
2025-12-12T01:45:47.804991275Z #12 8.478   Downloading urllib3-2.6.2-py3-none-any.whl.metadata (6.6 kB)
2025-12-12T01:45:47.805008206Z #12 8.509 Collecting types-pyasn1 (from types-python-jose>=3.3.0->-r requirements-dev.txt (line 36))
2025-12-12T01:45:47.805012466Z #12 8.519   Downloading types_pyasn1-0.6.0.20250914-py3-none-any.whl.metadata (1.7 kB)
2025-12-12T01:45:47.805016386Z #12 8.529 Requirement already satisfied: cryptography in /usr/local/lib/python3.11/site-packages (from authlib>=1.2.0->safety>=2.3.0->-r requirements-dev.txt (line 17)) (46.0.3)
2025-12-12T01:45:47.805019926Z #12 8.615 Collecting tzdata (from Faker>=0.7.0->factory-boy>=3.3.0->-r requirements-dev.txt (line 9))
2025-12-12T01:45:47.955484213Z #12 8.624   Downloading tzdata-2025.2-py2.py3-none-any.whl.metadata (1.4 kB)
2025-12-12T01:45:47.955506984Z #12 8.662 Collecting blinker>=1.9.0 (from flask>=2.0.0->locust>=2.15.0->-r requirements-dev.txt (line 32))
2025-12-12T01:45:47.955511584Z #12 8.671   Downloading blinker-1.9.0-py3-none-any.whl.metadata (1.6 kB)
2025-12-12T01:45:47.955515654Z #12 8.694 Collecting itsdangerous>=2.2.0 (from flask>=2.0.0->locust>=2.15.0->-r requirements-dev.txt (line 32))
2025-12-12T01:45:47.955555716Z #12 8.702   Downloading itsdangerous-2.2.0-py3-none-any.whl.metadata (1.9 kB)
2025-12-12T01:45:47.955561447Z #12 8.766 Requirement already satisfied: greenlet>=3.2.2 in /usr/local/lib/python3.11/site-packages (from gevent!=25.8.1,<26.0.0,>=24.10.1->locust>=2.15.0->-r requirements-dev.txt (line 32)) (3.3.0)
2025-12-12T01:45:48.118269515Z #12 8.784 Collecting zope.event (from gevent!=25.8.1,<26.0.0,>=24.10.1->locust>=2.15.0->-r requirements-dev.txt (line 32))
2025-12-12T01:45:48.118293996Z #12 8.797   Downloading zope_event-6.1-py3-none-any.whl.metadata (5.1 kB)
2025-12-12T01:45:48.118298726Z #12 8.928 Collecting zope.interface (from gevent!=25.8.1,<26.0.0,>=24.10.1->locust>=2.15.0->-r requirements-dev.txt (line 32))
2025-12-12T01:45:48.252467652Z #12 8.937   Downloading zope_interface-8.1.1-cp311-cp311-manylinux1_x86_64.manylinux2014_x86_64.manylinux_2_17_x86_64.manylinux_2_5_x86_64.whl.metadata (45 kB)
2025-12-12T01:45:48.256423537Z #12 8.939      ━━━━━━━━━━━━━━━━━━━━━━━━━━━━━━━━━━━━━━━ 45.2/45.2 kB 188.4 MB/s eta 0:00:00
2025-12-12T01:45:48.256431227Z #12 8.956 Requirement already satisfied: certifi in /usr/local/lib/python3.11/site-packages (from geventhttpclient>=2.3.1->locust>=2.15.0->-r requirements-dev.txt (line 32)) (2025.11.12)
2025-12-12T01:45:48.256435848Z #12 8.994 Collecting brotli (from geventhttpclient>=2.3.1->locust>=2.15.0->-r requirements-dev.txt (line 32))
2025-12-12T01:45:48.256439828Z #12 9.003   Downloading brotli-1.2.0-cp311-cp311-manylinux2014_x86_64.manylinux_2_17_x86_64.whl.metadata (6.1 kB)
2025-12-12T01:45:48.256443548Z #12 9.063 Collecting python-dateutil>=2.8.1 (from ghp-import>=1.0->mkdocs>=1.5.0->-r requirements-dev.txt (line 20))
2025-12-12T01:45:48.484349491Z #12 9.078   Downloading python_dateutil-2.9.0.post0-py2.py3-none-any.whl.metadata (8.4 kB)
2025-12-12T01:45:48.484369512Z #12 9.135 Collecting parso<0.9.0,>=0.8.4 (from jedi>=0.18.1->ipython>=8.17.0->-r requirements-dev.txt (line 24))
2025-12-12T01:45:48.484374972Z #12 9.144   Downloading parso-0.8.5-py2.py3-none-any.whl.metadata (8.3 kB)
2025-12-12T01:45:48.50059956Z #12 9.311 Collecting joblib (from nltk>=3.9->safety>=2.3.0->-r requirements-dev.txt (line 17))
2025-12-12T01:45:48.660779276Z #12 9.321   Downloading joblib-1.5.2-py3-none-any.whl.metadata (5.6 kB)
2025-12-12T01:45:49.070831358Z #12 9.881 Collecting regex>=2021.8.3 (from nltk>=3.9->safety>=2.3.0->-r requirements-dev.txt (line 17))
2025-12-12T01:45:49.212427052Z #12 9.890   Downloading regex-2025.11.3-cp311-cp311-manylinux2014_x86_64.manylinux_2_17_x86_64.manylinux_2_28_x86_64.whl.metadata (40 kB)
2025-12-12T01:45:49.212449983Z #12 9.898      ━━━━━━━━━━━━━━━━━━━━━━━━━━━━━━━━━━━━━━━ 40.5/40.5 kB 231.0 MB/s eta 0:00:00
2025-12-12T01:45:49.212454303Z #12 9.903 Requirement already satisfied: tqdm in /usr/local/lib/python3.11/site-packages (from nltk>=3.9->safety>=2.3.0->-r requirements-dev.txt (line 17)) (4.67.1)
2025-12-12T01:45:49.212458904Z #12 9.951 Collecting ptyprocess>=0.5 (from pexpect>4.3->ipython>=8.17.0->-r requirements-dev.txt (line 24))
2025-12-12T01:45:49.212463104Z #12 9.960   Downloading ptyprocess-0.7.0-py2.py3-none-any.whl.metadata (1.3 kB)
2025-12-12T01:45:49.212467124Z #12 10.02 Collecting wcwidth (from prompt_toolkit<3.1.0,>=3.0.41->ipython>=8.17.0->-r requirements-dev.txt (line 24))
2025-12-12T01:45:49.379917152Z #12 10.03   Downloading wcwidth-0.2.14-py2.py3-none-any.whl.metadata (15 kB)
2025-12-12T01:45:49.395959732Z #12 10.11 Requirement already satisfied: annotated-types>=0.6.0 in /usr/local/lib/python3.11/site-packages (from pydantic>=2.6.0->safety>=2.3.0->-r requirements-dev.txt (line 17)) (0.7.0)
2025-12-12T01:45:49.395967513Z #12 10.11 Requirement already satisfied: pydantic-core==2.41.5 in /usr/local/lib/python3.11/site-packages (from pydantic>=2.6.0->safety>=2.3.0->-r requirements-dev.txt (line 17)) (2.41.5)
2025-12-12T01:45:49.395971693Z #12 10.11 Requirement already satisfied: typing-inspection>=0.4.2 in /usr/local/lib/python3.11/site-packages (from pydantic>=2.6.0->safety>=2.3.0->-r requirements-dev.txt (line 17)) (0.4.2)
2025-12-12T01:45:49.395976093Z #12 10.19 Collecting simple-websocket>=0.10.0 (from python-engineio>=4.12.2->locust>=2.15.0->-r requirements-dev.txt (line 32))
2025-12-12T01:45:49.489442688Z #12 10.30   Downloading simple_websocket-1.1.0-py3-none-any.whl.metadata (1.5 kB)
2025-12-12T01:45:49.606975108Z #12 10.34 Collecting bidict>=0.21.0 (from python-socketio>=5.13.0->python-socketio[client]>=5.13.0->locust>=2.15.0->-r requirements-dev.txt (line 32))
2025-12-12T01:45:49.606996799Z #12 10.35   Downloading bidict-0.23.1-py3-none-any.whl.metadata (8.7 kB)
2025-12-12T01:45:49.607004139Z #12 10.42 Collecting websocket-client>=0.54.0 (from python-socketio[client]>=5.13.0->locust>=2.15.0->-r requirements-dev.txt (line 32))
2025-12-12T01:45:49.766276936Z #12 10.43   Downloading websocket_client-1.9.0-py3-none-any.whl.metadata (8.3 kB)
2025-12-12T01:45:49.783374972Z #12 10.59 Collecting charset_normalizer<4,>=2 (from requests->safety>=2.3.0->-r requirements-dev.txt (line 17))
2025-12-12T01:45:49.910494636Z #12 10.60   Downloading charset_normalizer-3.4.4-cp311-cp311-manylinux2014_x86_64.manylinux_2_17_x86_64.manylinux_2_28_x86_64.whl.metadata (37 kB)
2025-12-12T01:45:49.910515097Z #12 10.61 Requirement already satisfied: idna<4,>=2.5 in /usr/local/lib/python3.11/site-packages (from requests->safety>=2.3.0->-r requirements-dev.txt (line 17)) (3.11)
2025-12-12T01:45:49.910542148Z #12 10.68 Collecting ruamel.yaml.clib>=0.2.7 (from ruamel-yaml>=0.17.21->safety>=2.3.0->-r requirements-dev.txt (line 17))
2025-12-12T01:45:49.910549999Z #12 10.69   Downloading ruamel_yaml_clib-0.2.15-cp311-cp311-manylinux2014_x86_64.manylinux_2_17_x86_64.manylinux_2_28_x86_64.whl.metadata (3.5 kB)
2025-12-12T01:45:49.910570459Z #12 10.72 Collecting executing>=1.2.0 (from stack_data>=0.6.0->ipython>=8.17.0->-r requirements-dev.txt (line 24))
2025-12-12T01:45:50.049903314Z #12 10.73   Downloading executing-2.2.1-py2.py3-none-any.whl.metadata (8.9 kB)
2025-12-12T01:45:50.049920274Z #12 10.75 Collecting asttokens>=2.1.0 (from stack_data>=0.6.0->ipython>=8.17.0->-r requirements-dev.txt (line 24))
2025-12-12T01:45:50.049923055Z #12 10.76   Downloading asttokens-3.0.1-py3-none-any.whl.metadata (4.9 kB)
2025-12-12T01:45:50.049926015Z #12 10.78 Collecting pure-eval (from stack_data>=0.6.0->ipython>=8.17.0->-r requirements-dev.txt (line 24))
2025-12-12T01:45:50.049928375Z #12 10.79   Downloading pure_eval-0.2.3-py3-none-any.whl.metadata (6.3 kB)
2025-12-12T01:45:50.049930665Z #12 10.86 Collecting shellingham>=1.3.0 (from typer>=0.16.0->safety>=2.3.0->-r requirements-dev.txt (line 17))
2025-12-12T01:45:50.218064373Z #12 10.87   Downloading shellingham-1.5.4-py2.py3-none-any.whl.metadata (3.5 kB)
2025-12-12T01:45:50.218082134Z #12 10.92 Collecting markdown-it-py>=2.2.0 (from rich->bandit>=1.7.5->-r requirements-dev.txt (line 16))
2025-12-12T01:45:50.218085574Z #12 10.93   Downloading markdown_it_py-4.0.0-py3-none-any.whl.metadata (7.3 kB)
2025-12-12T01:45:50.218088885Z #12 11.03 Requirement already satisfied: anyio in /usr/local/lib/python3.11/site-packages (from httpx->safety>=2.3.0->-r requirements-dev.txt (line 17)) (4.12.0)
2025-12-12T01:45:50.352842536Z #12 11.03 Requirement already satisfied: httpcore==1.* in /usr/local/lib/python3.11/site-packages (from httpx->safety>=2.3.0->-r requirements-dev.txt (line 17)) (1.0.9)
2025-12-12T01:45:50.352856497Z #12 11.04 Requirement already satisfied: h11>=0.16 in /usr/local/lib/python3.11/site-packages (from httpcore==1.*->httpx->safety>=2.3.0->-r requirements-dev.txt (line 17)) (0.16.0)
2025-12-12T01:45:50.352859207Z #12 11.09 Collecting comm>=0.1.1 (from ipykernel->jupyter>=1.0.0->-r requirements-dev.txt (line 25))
2025-12-12T01:45:50.352861707Z #12 11.10   Downloading comm-0.2.3-py3-none-any.whl.metadata (3.7 kB)
2025-12-12T01:45:50.352863477Z #12 11.16 Collecting jupyter-client>=8.0.0 (from ipykernel->jupyter>=1.0.0->-r requirements-dev.txt (line 25))
2025-12-12T01:45:50.498092032Z #12 11.17   Downloading jupyter_client-8.7.0-py3-none-any.whl.metadata (8.3 kB)
2025-12-12T01:45:50.498110333Z #12 11.21 Collecting jupyter-core!=5.0.*,>=4.12 (from ipykernel->jupyter>=1.0.0->-r requirements-dev.txt (line 25))
2025-12-12T01:45:50.498113383Z #12 11.22   Downloading jupyter_core-5.9.1-py3-none-any.whl.metadata (1.5 kB)
2025-12-12T01:45:50.498117334Z #12 11.24 Collecting nest-asyncio>=1.4 (from ipykernel->jupyter>=1.0.0->-r requirements-dev.txt (line 25))
2025-12-12T01:45:50.498120234Z #12 11.25   Downloading nest_asyncio-1.6.0-py3-none-any.whl.metadata (2.8 kB)
2025-12-12T01:45:50.498123064Z #12 11.31 Collecting tornado>=6.2 (from ipykernel->jupyter>=1.0.0->-r requirements-dev.txt (line 25))
2025-12-12T01:45:50.603450883Z #12 11.32   Downloading tornado-6.5.3-cp39-abi3-manylinux_2_5_x86_64.manylinux1_x86_64.manylinux_2_17_x86_64.manylinux2014_x86_64.whl.metadata (2.8 kB)
2025-12-12T01:45:50.603471655Z #12 11.41 Collecting widgetsnbextension~=4.0.14 (from ipywidgets->jupyter>=1.0.0->-r requirements-dev.txt (line 25))
2025-12-12T01:45:50.603474415Z #12 11.41   Downloading widgetsnbextension-4.0.15-py3-none-any.whl.metadata (1.6 kB)
2025-12-12T01:45:50.770536876Z #12 11.45 Collecting jupyterlab_widgets~=3.0.15 (from ipywidgets->jupyter>=1.0.0->-r requirements-dev.txt (line 25))
2025-12-12T01:45:50.770559957Z #12 11.46   Downloading jupyterlab_widgets-3.0.16-py3-none-any.whl.metadata (20 kB)
2025-12-12T01:45:50.770566217Z #12 11.58 Collecting async-lru>=1.0.0 (from jupyterlab->jupyter>=1.0.0->-r requirements-dev.txt (line 25))
2025-12-12T01:45:50.880403527Z #12 11.59   Downloading async_lru-2.0.5-py3-none-any.whl.metadata (4.5 kB)
2025-12-12T01:45:50.880436138Z #12 11.63 Collecting jupyter-lsp>=2.0.0 (from jupyterlab->jupyter>=1.0.0->-r requirements-dev.txt (line 25))
2025-12-12T01:45:50.880439218Z #12 11.64   Downloading jupyter_lsp-2.3.0-py3-none-any.whl.metadata (1.8 kB)
2025-12-12T01:45:50.880442538Z #12 11.69 Collecting jupyter-server<3,>=2.4.0 (from jupyterlab->jupyter>=1.0.0->-r requirements-dev.txt (line 25))
2025-12-12T01:45:51.025961816Z #12 11.70   Downloading jupyter_server-2.17.0-py3-none-any.whl.metadata (8.5 kB)
2025-12-12T01:45:51.025980727Z #12 11.74 Collecting jupyterlab-server<3,>=2.28.0 (from jupyterlab->jupyter>=1.0.0->-r requirements-dev.txt (line 25))
2025-12-12T01:45:51.025984297Z #12 11.75   Downloading jupyterlab_server-2.28.0-py3-none-any.whl.metadata (5.9 kB)
2025-12-12T01:45:51.025987367Z #12 11.77 Collecting notebook-shim>=0.2 (from jupyterlab->jupyter>=1.0.0->-r requirements-dev.txt (line 25))
2025-12-12T01:45:51.025989588Z #12 11.78   Downloading notebook_shim-0.2.4-py3-none-any.whl.metadata (4.0 kB)
2025-12-12T01:45:51.025992177Z #12 11.78 Requirement already satisfied: setuptools>=41.1.0 in /usr/local/lib/python3.11/site-packages (from jupyterlab->jupyter>=1.0.0->-r requirements-dev.txt (line 25)) (79.0.1)
2025-12-12T01:45:51.025994318Z #12 11.84 Collecting beautifulsoup4 (from nbconvert->jupyter>=1.0.0->-r requirements-dev.txt (line 25))
2025-12-12T01:45:51.146360713Z #12 11.84   Downloading beautifulsoup4-4.14.3-py3-none-any.whl.metadata (3.8 kB)
2025-12-12T01:45:51.179111972Z #12 11.89 Collecting bleach!=5.0.0 (from bleach[css]!=5.0.0->nbconvert->jupyter>=1.0.0->-r requirements-dev.txt (line 25))
2025-12-12T01:45:51.179122252Z #12 11.90   Downloading bleach-6.3.0-py3-none-any.whl.metadata (31 kB)
2025-12-12T01:45:51.179125503Z #12 11.92 Collecting defusedxml (from nbconvert->jupyter>=1.0.0->-r requirements-dev.txt (line 25))
2025-12-12T01:45:51.179127752Z #12 11.93   Downloading defusedxml-0.7.1-py2.py3-none-any.whl.metadata (32 kB)
2025-12-12T01:45:51.179129973Z #12 11.96 Collecting jupyterlab-pygments (from nbconvert->jupyter>=1.0.0->-r requirements-dev.txt (line 25))
2025-12-12T01:45:51.261843222Z #12 12.00   Downloading jupyterlab_pygments-0.3.0-py3-none-any.whl.metadata (4.4 kB)
2025-12-12T01:45:51.261855632Z #12 12.04 Collecting mistune<4,>=2.0.3 (from nbconvert->jupyter>=1.0.0->-r requirements-dev.txt (line 25))
2025-12-12T01:45:51.261858953Z #12 12.05   Downloading mistune-3.1.4-py3-none-any.whl.metadata (1.8 kB)
2025-12-12T01:45:51.261861223Z #12 12.07 Collecting nbclient>=0.5.0 (from nbconvert->jupyter>=1.0.0->-r requirements-dev.txt (line 25))
2025-12-12T01:45:51.484347486Z #12 12.08   Downloading nbclient-0.10.2-py3-none-any.whl.metadata (8.3 kB)
2025-12-12T01:45:51.484366767Z #12 12.11 Collecting nbformat>=5.7 (from nbconvert->jupyter>=1.0.0->-r requirements-dev.txt (line 25))
2025-12-12T01:45:51.484370787Z #12 12.12   Downloading nbformat-5.10.4-py3-none-any.whl.metadata (3.6 kB)
2025-12-12T01:45:51.484374597Z #12 12.13 Collecting pandocfilters>=1.4.1 (from nbconvert->jupyter>=1.0.0->-r requirements-dev.txt (line 25))
2025-12-12T01:45:51.484378297Z #12 12.14   Downloading pandocfilters-1.5.1-py2.py3-none-any.whl.metadata (9.0 kB)
2025-12-12T01:45:51.502988341Z #12 12.31 Collecting webencodings (from bleach!=5.0.0->bleach[css]!=5.0.0->nbconvert->jupyter>=1.0.0->-r requirements-dev.txt (line 25))
2025-12-12T01:45:51.710624077Z #12 12.32   Downloading webencodings-0.5.1-py2.py3-none-any.whl.metadata (2.1 kB)
2025-12-12T01:45:51.710643338Z #12 12.36 Collecting tinycss2<1.5,>=1.1.0 (from bleach[css]!=5.0.0->nbconvert->jupyter>=1.0.0->-r requirements-dev.txt (line 25))
2025-12-12T01:45:51.710648308Z #12 12.37   Downloading tinycss2-1.4.0-py3-none-any.whl.metadata (3.0 kB)
2025-12-12T01:45:51.855220764Z #12 12.67 Collecting argon2-cffi>=21.1 (from jupyter-server<3,>=2.4.0->jupyterlab->jupyter>=1.0.0->-r requirements-dev.txt (line 25))
2025-12-12T01:45:51.964480248Z #12 12.67   Downloading argon2_cffi-25.1.0-py3-none-any.whl.metadata (4.1 kB)
2025-12-12T01:45:51.964498199Z #12 12.70 Collecting jupyter-events>=0.11.0 (from jupyter-server<3,>=2.4.0->jupyterlab->jupyter>=1.0.0->-r requirements-dev.txt (line 25))
2025-12-12T01:45:51.964501079Z #12 12.71   Downloading jupyter_events-0.12.0-py3-none-any.whl.metadata (5.8 kB)
2025-12-12T01:45:51.964504029Z #12 12.73 Collecting jupyter-server-terminals>=0.4.4 (from jupyter-server<3,>=2.4.0->jupyterlab->jupyter>=1.0.0->-r requirements-dev.txt (line 25))
2025-12-12T01:45:51.964506719Z #12 12.74   Downloading jupyter_server_terminals-0.5.3-py3-none-any.whl.metadata (5.6 kB)
2025-12-12T01:45:51.964508839Z #12 12.77 Collecting overrides>=5.0 (from jupyter-server<3,>=2.4.0->jupyterlab->jupyter>=1.0.0->-r requirements-dev.txt (line 25))
2025-12-12T01:45:52.069984056Z #12 12.78   Downloading overrides-7.7.0-py3-none-any.whl.metadata (5.8 kB)
2025-12-12T01:45:52.070000926Z #12 12.81 Collecting prometheus-client>=0.9 (from jupyter-server<3,>=2.4.0->jupyterlab->jupyter>=1.0.0->-r requirements-dev.txt (line 25))
2025-12-12T01:45:52.070004126Z #12 12.82   Downloading prometheus_client-0.23.1-py3-none-any.whl.metadata (1.9 kB)
2025-12-12T01:45:52.070006406Z #12 12.85 Collecting send2trash>=1.8.2 (from jupyter-server<3,>=2.4.0->jupyterlab->jupyter>=1.0.0->-r requirements-dev.txt (line 25))
2025-12-12T01:45:52.070008697Z #12 12.86   Downloading Send2Trash-1.8.3-py3-none-any.whl.metadata (4.0 kB)
2025-12-12T01:45:52.070010817Z #12 12.88 Collecting terminado>=0.8.3 (from jupyter-server<3,>=2.4.0->jupyterlab->jupyter>=1.0.0->-r requirements-dev.txt (line 25))
2025-12-12T01:45:52.174590574Z #12 12.89   Downloading terminado-0.18.1-py3-none-any.whl.metadata (5.8 kB)
2025-12-12T01:45:52.174608765Z #12 12.98 Collecting json5>=0.9.0 (from jupyterlab-server<3,>=2.28.0->jupyterlab->jupyter>=1.0.0->-r requirements-dev.txt (line 25))
2025-12-12T01:45:52.174611114Z #12 12.98   Downloading json5-0.12.1-py3-none-any.whl.metadata (36 kB)
2025-12-12T01:45:52.318307202Z #12 13.02 Collecting jsonschema>=4.18.0 (from jupyterlab-server<3,>=2.28.0->jupyterlab->jupyter>=1.0.0->-r requirements-dev.txt (line 25))
2025-12-12T01:45:52.318369745Z #12 13.03   Downloading jsonschema-4.25.1-py3-none-any.whl.metadata (7.6 kB)
2025-12-12T01:45:52.318374245Z #12 13.13 Collecting mdurl~=0.1 (from markdown-it-py>=2.2.0->rich->bandit>=1.7.5->-r requirements-dev.txt (line 16))
2025-12-12T01:45:52.436543183Z #12 13.14   Downloading mdurl-0.1.2-py3-none-any.whl.metadata (1.6 kB)
2025-12-12T01:45:52.436563504Z #12 13.25 Collecting fastjsonschema>=2.15 (from nbformat>=5.7->nbconvert->jupyter>=1.0.0->-r requirements-dev.txt (line 25))
2025-12-12T01:45:52.567770679Z #12 13.26   Downloading fastjsonschema-2.21.2-py3-none-any.whl.metadata (2.3 kB)
2025-12-12T01:45:52.567791869Z #12 13.38 Requirement already satisfied: six>=1.5 in /usr/local/lib/python3.11/site-packages (from python-dateutil>=2.8.1->ghp-import>=1.0->mkdocs>=1.5.0->-r requirements-dev.txt (line 20)) (1.17.0)
2025-12-12T01:45:52.710278243Z #12 13.52 Collecting wsproto (from simple-websocket>=0.10.0->python-engineio>=4.12.2->locust>=2.15.0->-r requirements-dev.txt (line 32))
2025-12-12T01:45:52.869392833Z #12 13.53   Downloading wsproto-1.3.2-py3-none-any.whl.metadata (5.2 kB)
2025-12-12T01:45:52.921585382Z #12 13.73 Collecting soupsieve>=1.6.1 (from beautifulsoup4->nbconvert->jupyter>=1.0.0->-r requirements-dev.txt (line 25))
2025-12-12T01:45:53.134547324Z #12 13.74   Downloading soupsieve-2.8-py3-none-any.whl.metadata (4.6 kB)
2025-12-12T01:45:53.134568695Z #12 13.79 Requirement already satisfied: cffi>=2.0.0 in /usr/local/lib/python3.11/site-packages (from cryptography->authlib>=1.2.0->safety>=2.3.0->-r requirements-dev.txt (line 17)) (2.0.0)
2025-12-12T01:45:53.193173297Z #12 14.00 Collecting argon2-cffi-bindings (from argon2-cffi>=21.1->jupyter-server<3,>=2.4.0->jupyterlab->jupyter>=1.0.0->-r requirements-dev.txt (line 25))
2025-12-12T01:45:53.343781801Z #12 14.02   Downloading argon2_cffi_bindings-25.1.0-cp39-abi3-manylinux_2_26_x86_64.manylinux_2_28_x86_64.whl.metadata (7.4 kB)
2025-12-12T01:45:53.343805212Z #12 14.04 Requirement already satisfied: pycparser in /usr/local/lib/python3.11/site-packages (from cffi>=2.0.0->cryptography->authlib>=1.2.0->safety>=2.3.0->-r requirements-dev.txt (line 17)) (2.23)
2025-12-12T01:45:53.343810342Z #12 14.15 Collecting attrs>=22.2.0 (from jsonschema>=4.18.0->jupyterlab-server<3,>=2.28.0->jupyterlab->jupyter>=1.0.0->-r requirements-dev.txt (line 25))
2025-12-12T01:45:53.535250192Z #12 14.16   Downloading attrs-25.4.0-py3-none-any.whl.metadata (10 kB)
2025-12-12T01:45:53.535274643Z #12 14.19 Collecting jsonschema-specifications>=2023.03.6 (from jsonschema>=4.18.0->jupyterlab-server<3,>=2.28.0->jupyterlab->jupyter>=1.0.0->-r requirements-dev.txt (line 25))
2025-12-12T01:45:53.535278243Z #12 14.19   Downloading jsonschema_specifications-2025.9.1-py3-none-any.whl.metadata (2.9 kB)
2025-12-12T01:45:53.596288752Z #12 14.41 Collecting referencing>=0.28.4 (from jsonschema>=4.18.0->jupyterlab-server<3,>=2.28.0->jupyterlab->jupyter>=1.0.0->-r requirements-dev.txt (line 25))
2025-12-12T01:45:53.755851091Z #12 14.42   Downloading referencing-0.37.0-py3-none-any.whl.metadata (2.8 kB)
2025-12-12T01:45:53.905414168Z #12 14.72 Collecting rpds-py>=0.7.1 (from jsonschema>=4.18.0->jupyterlab-server<3,>=2.28.0->jupyterlab->jupyter>=1.0.0->-r requirements-dev.txt (line 25))
2025-12-12T01:45:54.011871628Z #12 14.72   Downloading rpds_py-0.30.0-cp311-cp311-manylinux_2_17_x86_64.manylinux2014_x86_64.whl.metadata (4.1 kB)
2025-12-12T01:45:54.011892339Z #12 14.79 Collecting python-json-logger>=2.0.4 (from jupyter-events>=0.11.0->jupyter-server<3,>=2.4.0->jupyterlab->jupyter>=1.0.0->-r requirements-dev.txt (line 25))
2025-12-12T01:45:54.01189783Z #12 14.80   Downloading python_json_logger-4.0.0-py3-none-any.whl.metadata (4.0 kB)
2025-12-12T01:45:54.01190242Z #12 14.81 Collecting rfc3339-validator (from jupyter-events>=0.11.0->jupyter-server<3,>=2.4.0->jupyterlab->jupyter>=1.0.0->-r requirements-dev.txt (line 25))
2025-12-12T01:45:54.01190611Z #12 14.82   Downloading rfc3339_validator-0.1.4-py2.py3-none-any.whl.metadata (1.5 kB)
2025-12-12T01:45:54.194730838Z #12 14.84 Collecting rfc3986-validator>=0.1.1 (from jupyter-events>=0.11.0->jupyter-server<3,>=2.4.0->jupyterlab->jupyter>=1.0.0->-r requirements-dev.txt (line 25))
2025-12-12T01:45:54.194748899Z #12 14.85   Downloading rfc3986_validator-0.1.1-py2.py3-none-any.whl.metadata (1.7 kB)
2025-12-12T01:45:54.440128175Z #12 15.25 Collecting fqdn (from jsonschema[format-nongpl]>=4.18.0->jupyter-events>=0.11.0->jupyter-server<3,>=2.4.0->jupyterlab->jupyter>=1.0.0->-r requirements-dev.txt (line 25))
2025-12-12T01:45:54.552471506Z #12 15.26   Downloading fqdn-1.5.1-py3-none-any.whl.metadata (1.4 kB)
2025-12-12T01:45:54.552494107Z #12 15.29 Collecting isoduration (from jsonschema[format-nongpl]>=4.18.0->jupyter-events>=0.11.0->jupyter-server<3,>=2.4.0->jupyterlab->jupyter>=1.0.0->-r requirements-dev.txt (line 25))
2025-12-12T01:45:54.552496527Z #12 15.31   Downloading isoduration-20.11.0-py3-none-any.whl.metadata (5.7 kB)
2025-12-12T01:45:54.552498427Z #12 15.33 Collecting jsonpointer>1.13 (from jsonschema[format-nongpl]>=4.18.0->jupyter-events>=0.11.0->jupyter-server<3,>=2.4.0->jupyterlab->jupyter>=1.0.0->-r requirements-dev.txt (line 25))
2025-12-12T01:45:54.552500627Z #12 15.34   Downloading jsonpointer-3.0.0-py2.py3-none-any.whl.metadata (2.3 kB)
2025-12-12T01:45:54.552516217Z #12 15.36 Collecting rfc3987-syntax>=1.1.0 (from jsonschema[format-nongpl]>=4.18.0->jupyter-events>=0.11.0->jupyter-server<3,>=2.4.0->jupyterlab->jupyter>=1.0.0->-r requirements-dev.txt (line 25))
2025-12-12T01:45:54.767859735Z #12 15.37   Downloading rfc3987_syntax-1.1.0-py3-none-any.whl.metadata (7.7 kB)
2025-12-12T01:45:54.767888456Z #12 15.39 Collecting uri-template (from jsonschema[format-nongpl]>=4.18.0->jupyter-events>=0.11.0->jupyter-server<3,>=2.4.0->jupyterlab->jupyter>=1.0.0->-r requirements-dev.txt (line 25))
2025-12-12T01:45:54.767890876Z #12 15.40   Downloading uri_template-1.3.0-py3-none-any.whl.metadata (8.8 kB)
2025-12-12T01:45:54.767892916Z #12 15.42 Collecting webcolors>=24.6.0 (from jsonschema[format-nongpl]>=4.18.0->jupyter-events>=0.11.0->jupyter-server<3,>=2.4.0->jupyterlab->jupyter>=1.0.0->-r requirements-dev.txt (line 25))
2025-12-12T01:45:54.767894616Z #12 15.43   Downloading webcolors-25.10.0-py3-none-any.whl.metadata (2.2 kB)
2025-12-12T01:45:54.854682986Z #12 15.66 Collecting lark>=1.2.2 (from rfc3987-syntax>=1.1.0->jsonschema[format-nongpl]>=4.18.0->jupyter-events>=0.11.0->jupyter-server<3,>=2.4.0->jupyterlab->jupyter>=1.0.0->-r requirements-dev.txt (line 25))
2025-12-12T01:45:54.962349909Z #12 15.67   Downloading lark-1.3.1-py3-none-any.whl.metadata (1.8 kB)
2025-12-12T01:45:54.96237004Z #12 15.77 Collecting arrow>=0.15.0 (from isoduration->jsonschema[format-nongpl]>=4.18.0->jupyter-events>=0.11.0->jupyter-server<3,>=2.4.0->jupyterlab->jupyter>=1.0.0->-r requirements-dev.txt (line 25))
2025-12-12T01:45:55.101220113Z #12 15.78   Downloading arrow-1.4.0-py3-none-any.whl.metadata (7.7 kB)
2025-12-12T01:45:55.101235134Z #12 15.91 Downloading pytest-9.0.2-py3-none-any.whl (374 kB)
2025-12-12T01:45:55.201673937Z #12 15.92    ━━━━━━━━━━━━━━━━━━━━━━━━━━━━━━━━━━━━━━━━ 374.8/374.8 kB 41.8 MB/s eta 0:00:00
2025-12-12T01:45:55.201692758Z #12 15.93 Downloading pytest_asyncio-1.3.0-py3-none-any.whl (15 kB)
2025-12-12T01:45:55.201695938Z #12 15.94 Downloading pytest_cov-7.0.0-py3-none-any.whl (22 kB)
2025-12-12T01:45:55.201697918Z #12 15.95 Downloading pytest_mock-3.15.1-py3-none-any.whl (10 kB)
2025-12-12T01:45:55.201699729Z #12 15.96 Downloading pytest_dotenv-0.5.2-py3-none-any.whl (4.0 kB)
2025-12-12T01:45:55.201701458Z #12 15.97 Downloading factory_boy-3.3.3-py2.py3-none-any.whl (37 kB)
2025-12-12T01:45:55.201703649Z #12 15.98 Downloading black-25.12.0-cp311-cp311-manylinux2014_x86_64.manylinux_2_17_x86_64.manylinux_2_28_x86_64.whl (1.8 MB)
2025-12-12T01:45:55.201705419Z #12 15.99    ━━━━━━━━━━━━━━━━━━━━━━━━━━━━━━━━━━━━━━━━ 1.8/1.8 MB 141.0 MB/s eta 0:00:00
2025-12-12T01:45:55.201707649Z #12 16.00 Downloading isort-7.0.0-py3-none-any.whl (94 kB)
2025-12-12T01:45:55.201709379Z #12 16.00    ━━━━━━━━━━━━━━━━━━━━━━━━━━━━━━━━━━━━━━━━ 94.7/94.7 kB 307.3 MB/s eta 0:00:00
2025-12-12T01:45:55.201711139Z #12 16.01 Downloading flake8-7.3.0-py2.py3-none-any.whl (57 kB)
2025-12-12T01:45:55.303388128Z #12 16.01    ━━━━━━━━━━━━━━━━━━━━━━━━━━━━━━━━━━━━━━━━ 57.9/57.9 kB 265.5 MB/s eta 0:00:00
2025-12-12T01:45:55.303404298Z #12 16.03 Downloading mypy-1.19.0-cp311-cp311-manylinux2014_x86_64.manylinux_2_17_x86_64.manylinux_2_28_x86_64.whl (13.4 MB)
2025-12-12T01:45:55.303407048Z #12 16.10    ━━━━━━━━━━━━━━━━━━━━━━━━━━━━━━━━━━━━━━━━ 13.4/13.4 MB 168.1 MB/s eta 0:00:00
2025-12-12T01:45:55.303409588Z #12 16.11 Downloading bandit-1.9.2-py3-none-any.whl (134 kB)
2025-12-12T01:45:55.418984902Z #12 16.11    ━━━━━━━━━━━━━━━━━━━━━━━━━━━━━━━━━━━━━━━ 134.4/134.4 kB 260.7 MB/s eta 0:00:00
2025-12-12T01:45:55.419004652Z #12 16.12 Downloading safety-3.7.0-py3-none-any.whl (312 kB)
2025-12-12T01:45:55.419008003Z #12 16.13    ━━━━━━━━━━━━━━━━━━━━━━━━━━━━━━━━━━━━━━━ 312.4/312.4 kB 275.9 MB/s eta 0:00:00
2025-12-12T01:45:55.419011493Z #12 16.14 Downloading safety_schemas-0.0.16-py3-none-any.whl (39 kB)
2025-12-12T01:45:55.419014313Z #12 16.15 Downloading mkdocs-1.6.1-py3-none-any.whl (3.9 MB)
2025-12-12T01:45:55.419017173Z #12 16.17    ━━━━━━━━━━━━━━━━━━━━━━━━━━━━━━━━━━━━━━━━ 3.9/3.9 MB 224.1 MB/s eta 0:00:00
2025-12-12T01:45:55.419020003Z #12 16.18 Downloading mkdocs_material-9.7.0-py3-none-any.whl (9.3 MB)
2025-12-12T01:45:55.528764008Z #12 16.23    ━━━━━━━━━━━━━━━━━━━━━━━━━━━━━━━━━━━━━━━━ 9.3/9.3 MB 194.3 MB/s eta 0:00:00
2025-12-12T01:45:55.528782909Z #12 16.24 Downloading ipython-9.8.0-py3-none-any.whl (621 kB)
2025-12-12T01:45:55.528785819Z #12 16.24    ━━━━━━━━━━━━━━━━━━━━━━━━━━━━━━━━━━━━━━━ 621.4/621.4 kB 268.3 MB/s eta 0:00:00
2025-12-12T01:45:55.528788769Z #12 16.25 Downloading jupyter-1.1.1-py2.py3-none-any.whl (2.7 kB)
2025-12-12T01:45:55.5287909Z #12 16.26 Downloading pytest_postgresql-7.0.2-py3-none-any.whl (41 kB)
2025-12-12T01:45:55.52879306Z #12 16.26    ━━━━━━━━━━━━━━━━━━━━━━━━━━━━━━━━━━━━━━━━ 41.4/41.4 kB 240.2 MB/s eta 0:00:00
2025-12-12T01:45:55.52879515Z #12 16.28 Downloading pytest_redis-3.1.3-py3-none-any.whl (32 kB)
2025-12-12T01:45:55.52879726Z #12 16.29 Downloading locust-2.42.6-py3-none-any.whl (1.4 MB)
2025-12-12T01:45:55.52879969Z #12 16.31    ━━━━━━━━━━━━━━━━━━━━━━━━━━━━━━━━━━━━━━━━ 1.4/1.4 MB 99.2 MB/s eta 0:00:00
2025-12-12T01:45:55.52880193Z #12 16.32 Downloading types_requests-2.32.4.20250913-py3-none-any.whl (20 kB)
2025-12-12T01:45:55.52880403Z #12 16.33 Downloading types_python_jose-3.5.0.20250531-py3-none-any.whl (14 kB)
2025-12-12T01:45:55.52880704Z #12 16.34 Downloading debugpy-1.8.18-cp311-cp311-manylinux_2_34_x86_64.whl (3.2 MB)
2025-12-12T01:45:55.636259114Z #12 16.35    ━━━━━━━━━━━━━━━━━━━━━━━━━━━━━━━━━━━━━━━━ 3.2/3.2 MB 283.7 MB/s eta 0:00:00
2025-12-12T01:45:55.636281345Z #12 16.36 Downloading authlib-1.6.5-py2.py3-none-any.whl (243 kB)
2025-12-12T01:45:55.636284545Z #12 16.36    ━━━━━━━━━━━━━━━━━━━━━━━━━━━━━━━━━━━━━━━ 243.6/243.6 kB 217.6 MB/s eta 0:00:00
2025-12-12T01:45:55.636287756Z #12 16.37 Downloading babel-2.17.0-py3-none-any.whl (10.2 MB)
2025-12-12T01:45:55.636290396Z #12 16.42    ━━━━━━━━━━━━━━━━━━━━━━━━━━━━━━━━━━━━━━━━ 10.2/10.2 MB 250.5 MB/s eta 0:00:00
2025-12-12T01:45:55.636292866Z #12 16.43 Downloading backrefs-6.1-py311-none-any.whl (392 kB)
2025-12-12T01:45:55.636308257Z #12 16.43    ━━━━━━━━━━━━━━━━━━━━━━━━━━━━━━━━━━━━━━━ 392.9/392.9 kB 323.5 MB/s eta 0:00:00
2025-12-12T01:45:55.636310986Z #12 16.44 Downloading colorama-0.4.6-py2.py3-none-any.whl (25 kB)
2025-12-12T01:45:55.636313407Z #12 16.45 Downloading configargparse-1.7.1-py3-none-any.whl (25 kB)
2025-12-12T01:45:55.742367279Z #12 16.46 Downloading coverage-7.13.0-cp311-cp311-manylinux1_x86_64.manylinux_2_28_x86_64.manylinux_2_5_x86_64.whl (250 kB)
2025-12-12T01:45:55.742387159Z #12 16.46    ━━━━━━━━━━━━━━━━━━━━━━━━━━━━━━━━━━━━━━━ 250.9/250.9 kB 204.0 MB/s eta 0:00:00
2025-12-12T01:45:55.74239096Z #12 16.47 Downloading decorator-5.2.1-py3-none-any.whl (9.2 kB)
2025-12-12T01:45:55.74239318Z #12 16.48 Downloading dparse-0.6.4-py3-none-any.whl (11 kB)
2025-12-12T01:45:55.74239521Z #12 16.49 Downloading faker-38.2.0-py3-none-any.whl (2.0 MB)
2025-12-12T01:45:55.74239731Z #12 16.50    ━━━━━━━━━━━━━━━━━━━━━━━━━━━━━━━━━━━━━━━━ 2.0/2.0 MB 293.6 MB/s eta 0:00:00
2025-12-12T01:45:55.74239939Z #12 16.51 Downloading filelock-3.20.0-py3-none-any.whl (16 kB)
2025-12-12T01:45:55.74240137Z #12 16.52 Downloading flask-3.1.2-py3-none-any.whl (103 kB)
2025-12-12T01:45:55.74240342Z #12 16.52    ━━━━━━━━━━━━━━━━━━━━━━━━━━━━━━━━━━━━━━━ 103.3/103.3 kB 151.5 MB/s eta 0:00:00
2025-12-12T01:45:55.7424054Z #12 16.53 Downloading flask_cors-6.0.1-py3-none-any.whl (13 kB)
2025-12-12T01:45:55.742407471Z #12 16.54 Downloading Flask_Login-0.6.3-py3-none-any.whl (17 kB)
2025-12-12T01:45:55.74241038Z #12 16.55 Downloading gevent-25.9.1-cp311-cp311-manylinux2014_x86_64.manylinux_2_17_x86_64.whl (2.1 MB)
2025-12-12T01:45:55.848226552Z #12 16.58    ━━━━━━━━━━━━━━━━━━━━━━━━━━━━━━━━━━━━━━━━ 2.1/2.1 MB 94.1 MB/s eta 0:00:00
2025-12-12T01:45:55.848253013Z #12 16.59 Downloading geventhttpclient-2.3.7-cp311-cp311-manylinux1_x86_64.manylinux_2_28_x86_64.manylinux_2_5_x86_64.whl (114 kB)
2025-12-12T01:45:55.848257423Z #12 16.59    ━━━━━━━━━━━━━━━━━━━━━━━━━━━━━━━━━━━━━━━ 114.3/114.3 kB 175.8 MB/s eta 0:00:00
2025-12-12T01:45:55.848261204Z #12 16.60 Downloading ghp_import-2.1.0-py3-none-any.whl (11 kB)
2025-12-12T01:45:55.848264304Z #12 16.61 Downloading iniconfig-2.3.0-py3-none-any.whl (7.5 kB)
2025-12-12T01:45:55.848267814Z #12 16.62 Downloading ipython_pygments_lexers-1.1.1-py3-none-any.whl (8.1 kB)
2025-12-12T01:45:55.848270504Z #12 16.63 Downloading jedi-0.19.2-py2.py3-none-any.whl (1.6 MB)
2025-12-12T01:45:55.848273014Z #12 16.64    ━━━━━━━━━━━━━━━━━━━━━━━━━━━━━━━━━━━━━━━━ 1.6/1.6 MB 249.8 MB/s eta 0:00:00
2025-12-12T01:45:55.848275444Z #12 16.64 Downloading jinja2-3.1.6-py3-none-any.whl (134 kB)
2025-12-12T01:45:55.848278184Z #12 16.65    ━━━━━━━━━━━━━━━━━━━━━━━━━━━━━━━━━━━━━━━ 134.9/134.9 kB 292.0 MB/s eta 0:00:00
2025-12-12T01:45:55.848281375Z #12 16.66 Downloading librt-0.7.3-cp311-cp311-manylinux2014_x86_64.manylinux_2_17_x86_64.manylinux_2_28_x86_64.whl (184 kB)
2025-12-12T01:45:55.956052132Z #12 16.66    ━━━━━━━━━━━━━━━━━━━━━━━━━━━━━━━━━━━━━━━ 184.7/184.7 kB 266.6 MB/s eta 0:00:00
2025-12-12T01:45:55.956071484Z #12 16.67 Downloading locust_cloud-1.29.5-py3-none-any.whl (413 kB)
2025-12-12T01:45:55.956075104Z #12 16.68    ━━━━━━━━━━━━━━━━━━━━━━━━━━━━━━━━━━━━━━━ 413.4/413.4 kB 263.0 MB/s eta 0:00:00
2025-12-12T01:45:55.956078174Z #12 16.69 Downloading markdown-3.10-py3-none-any.whl (107 kB)
2025-12-12T01:45:55.956080804Z #12 16.69    ━━━━━━━━━━━━━━━━━━━━━━━━━━━━━━━━━━━━━━━ 107.7/107.7 kB 299.5 MB/s eta 0:00:00
2025-12-12T01:45:55.956095165Z #12 16.70 Downloading marshmallow-4.1.1-py3-none-any.whl (48 kB)
2025-12-12T01:45:55.956097935Z #12 16.70    ━━━━━━━━━━━━━━━━━━━━━━━━━━━━━━━━━━━━━━━━ 48.3/48.3 kB 231.9 MB/s eta 0:00:00
2025-12-12T01:45:55.956100465Z #12 16.71 Downloading matplotlib_inline-0.2.1-py3-none-any.whl (9.5 kB)
2025-12-12T01:45:55.956102735Z #12 16.72 Downloading mccabe-0.7.0-py2.py3-none-any.whl (7.3 kB)
2025-12-12T01:45:55.956105015Z #12 16.73 Downloading mergedeep-1.3.4-py3-none-any.whl (6.4 kB)
2025-12-12T01:45:55.956107615Z #12 16.74 Downloading mirakuru-3.0.1-py3-none-any.whl (27 kB)
2025-12-12T01:45:55.956110215Z #12 16.76 Downloading mkdocs_get_deps-0.2.0-py3-none-any.whl (9.5 kB)
2025-12-12T01:45:55.956112855Z #12 16.77 Downloading mkdocs_material_extensions-1.3.1-py3-none-any.whl (8.7 kB)
2025-12-12T01:45:56.060846289Z #12 16.78 Downloading msgpack-1.1.2-cp311-cp311-manylinux2014_x86_64.manylinux_2_17_x86_64.manylinux_2_28_x86_64.whl (426 kB)
2025-12-12T01:45:56.06086418Z #12 16.78    ━━━━━━━━━━━━━━━━━━━━━━━━━━━━━━━━━━━━━━━ 426.2/426.2 kB 306.1 MB/s eta 0:00:00
2025-12-12T01:45:56.06086704Z #12 16.79 Downloading mypy_extensions-1.1.0-py3-none-any.whl (5.0 kB)
2025-12-12T01:45:56.06086977Z #12 16.80 Downloading nltk-3.9.2-py3-none-any.whl (1.5 MB)
2025-12-12T01:45:56.06087163Z #12 16.80    ━━━━━━━━━━━━━━━━━━━━━━━━━━━━━━━━━━━━━━━━ 1.5/1.5 MB 294.3 MB/s eta 0:00:00
2025-12-12T01:45:56.06087356Z #12 16.81 Downloading packaging-25.0-py3-none-any.whl (66 kB)
2025-12-12T01:45:56.06087531Z #12 16.81    ━━━━━━━━━━━━━━━━━━━━━━━━━━━━━━━━━━━━━━━━ 66.5/66.5 kB 169.3 MB/s eta 0:00:00
2025-12-12T01:45:56.06088031Z #12 16.82 Downloading paginate-0.5.7-py2.py3-none-any.whl (13 kB)
2025-12-12T01:45:56.06088206Z #12 16.83 Downloading pathspec-0.12.1-py3-none-any.whl (31 kB)
2025-12-12T01:45:56.060883741Z #12 16.84 Downloading pexpect-4.9.0-py2.py3-none-any.whl (63 kB)
2025-12-12T01:45:56.06088553Z #12 16.84    ━━━━━━━━━━━━━━━━━━━━━━━━━━━━━━━━━━━━━━━━ 63.8/63.8 kB 229.9 MB/s eta 0:00:00
2025-12-12T01:45:56.060887381Z #12 16.85 Downloading platformdirs-4.5.1-py3-none-any.whl (18 kB)
2025-12-12T01:45:56.060889061Z #12 16.86 Downloading pluggy-1.6.0-py3-none-any.whl (20 kB)
2025-12-12T01:45:56.060890971Z #12 16.87 Downloading port_for-1.0.0-py3-none-any.whl (17 kB)
2025-12-12T01:45:56.169094468Z #12 16.88 Downloading prompt_toolkit-3.0.52-py3-none-any.whl (391 kB)
2025-12-12T01:45:56.169116159Z #12 16.88    ━━━━━━━━━━━━━━━━━━━━━━━━━━━━━━━━━━━━━━━ 391.4/391.4 kB 271.2 MB/s eta 0:00:00
2025-12-12T01:45:56.169119369Z #12 16.89 Downloading psutil-7.1.3-cp36-abi3-manylinux2010_x86_64.manylinux_2_12_x86_64.manylinux_2_28_x86_64.whl (263 kB)
2025-12-12T01:45:56.169121309Z #12 16.90    ━━━━━━━━━━━━━━━━━━━━━━━━━━━━━━━━━━━━━━━ 263.3/263.3 kB 296.7 MB/s eta 0:00:00
2025-12-12T01:45:56.169123619Z #12 16.90 Downloading psycopg-3.3.2-py3-none-any.whl (212 kB)
2025-12-12T01:45:56.169125349Z #12 16.91    ━━━━━━━━━━━━━━━━━━━━━━━━━━━━━━━━━━━━━━━ 212.8/212.8 kB 292.8 MB/s eta 0:00:00
2025-12-12T01:45:56.16912717Z #12 16.91 Downloading pycodestyle-2.14.0-py2.py3-none-any.whl (31 kB)
2025-12-12T01:45:56.16913976Z #12 16.92 Downloading pyflakes-3.4.0-py2.py3-none-any.whl (63 kB)
2025-12-12T01:45:56.16914157Z #12 16.93    ━━━━━━━━━━━━━━━━━━━━━━━━━━━━━━━━━━━━━━━━ 63.6/63.6 kB 238.4 MB/s eta 0:00:00
2025-12-12T01:45:56.16914335Z #12 16.94 Downloading pygments-2.19.2-py3-none-any.whl (1.2 MB)
2025-12-12T01:45:56.16914507Z #12 16.94    ━━━━━━━━━━━━━━━━━━━━━━━━━━━━━━━━━━━━━━━━ 1.2/1.2 MB 209.1 MB/s eta 0:00:00
2025-12-12T01:45:56.16914683Z #12 16.96 Downloading pymdown_extensions-10.19-py3-none-any.whl (266 kB)
2025-12-12T01:45:56.16914852Z #12 16.96    ━━━━━━━━━━━━━━━━━━━━━━━━━━━━━━━━━━━━━━━ 266.7/266.7 kB 235.4 MB/s eta 0:00:00
2025-12-12T01:45:56.16915024Z #12 16.97 Downloading python_engineio-4.12.3-py3-none-any.whl (59 kB)
2025-12-12T01:45:56.169151991Z #12 16.97    ━━━━━━━━━━━━━━━━━━━━━━━━━━━━━━━━━━━━━━━━ 59.6/59.6 kB 201.9 MB/s eta 0:00:00
2025-12-12T01:45:56.16915372Z #12 16.98 Downloading python_socketio-5.15.0-py3-none-any.whl (79 kB)
2025-12-12T01:45:56.275119259Z #12 16.98    ━━━━━━━━━━━━━━━━━━━━━━━━━━━━━━━━━━━━━━━━ 79.5/79.5 kB 276.2 MB/s eta 0:00:00
2025-12-12T01:45:56.27514576Z #12 16.99 Downloading pytokens-0.3.0-py3-none-any.whl (12 kB)
2025-12-12T01:45:56.27515112Z #12 17.00 Downloading pyyaml_env_tag-1.1-py3-none-any.whl (4.7 kB)
2025-12-12T01:45:56.27515549Z #12 17.01 Downloading pyzmq-27.1.0-cp311-cp311-manylinux_2_26_x86_64.manylinux_2_28_x86_64.whl (857 kB)
2025-12-12T01:45:56.27515873Z #12 17.01    ━━━━━━━━━━━━━━━━━━━━━━━━━━━━━━━━━━━━━━━ 857.0/857.0 kB 243.3 MB/s eta 0:00:00
2025-12-12T01:45:56.27516219Z #12 17.02 Downloading redis-7.1.0-py3-none-any.whl (354 kB)
2025-12-12T01:45:56.275165491Z #12 17.02    ━━━━━━━━━━━━━━━━━━━━━━━━━━━━━━━━━━━━━━━ 354.2/354.2 kB 328.6 MB/s eta 0:00:00
2025-12-12T01:45:56.275169111Z #12 17.03 Downloading requests-2.32.4-py3-none-any.whl (64 kB)
2025-12-12T01:45:56.275173041Z #12 17.03    ━━━━━━━━━━━━━━━━━━━━━━━━━━━━━━━━━━━━━━━━ 64.8/64.8 kB 179.5 MB/s eta 0:00:00
2025-12-12T01:45:56.275175471Z #12 17.04 Downloading ruamel.yaml-0.18.16-py3-none-any.whl (119 kB)
2025-12-12T01:45:56.275177731Z #12 17.05    ━━━━━━━━━━━━━━━━━━━━━━━━━━━━━━━━━━━━━━━ 119.9/119.9 kB 206.2 MB/s eta 0:00:00
2025-12-12T01:45:56.275179871Z #12 17.06 Downloading stack_data-0.6.3-py3-none-any.whl (24 kB)
2025-12-12T01:45:56.275181941Z #12 17.07 Downloading stevedore-5.6.0-py3-none-any.whl (54 kB)
2025-12-12T01:45:56.275184031Z #12 17.08    ━━━━━━━━━━━━━━━━━━━━━━━━━━━━━━━━━━━━━━━━ 54.4/54.4 kB 173.3 MB/s eta 0:00:00
2025-12-12T01:45:56.275186182Z #12 17.09 Downloading tenacity-9.1.2-py3-none-any.whl (28 kB)
2025-12-12T01:45:56.375784632Z #12 17.09 Downloading traitlets-5.14.3-py3-none-any.whl (85 kB)
2025-12-12T01:45:56.375803123Z #12 17.10    ━━━━━━━━━━━━━━━━━━━━━━━━━━━━━━━━━━━━━━━━ 85.4/85.4 kB 216.2 MB/s eta 0:00:00
2025-12-12T01:45:56.375806823Z #12 17.11 Downloading typer-0.20.0-py3-none-any.whl (47 kB)
2025-12-12T01:45:56.375809963Z #12 17.11    ━━━━━━━━━━━━━━━━━━━━━━━━━━━━━━━━━━━━━━━━ 47.0/47.0 kB 183.3 MB/s eta 0:00:00
2025-12-12T01:45:56.375825304Z #12 17.12 Downloading rich-14.2.0-py3-none-any.whl (243 kB)
2025-12-12T01:45:56.375828354Z #12 17.12    ━━━━━━━━━━━━━━━━━━━━━━━━━━━━━━━━━━━━━━━ 243.4/243.4 kB 235.0 MB/s eta 0:00:00
2025-12-12T01:45:56.375831214Z #12 17.13 Downloading urllib3-2.6.2-py3-none-any.whl (131 kB)
2025-12-12T01:45:56.375833835Z #12 17.14    ━━━━━━━━━━━━━━━━━━━━━━━━━━━━━━━━━━━━━━━ 131.2/131.2 kB 208.4 MB/s eta 0:00:00
2025-12-12T01:45:56.375836955Z #12 17.15 Downloading watchdog-6.0.0-py3-none-manylinux2014_x86_64.whl (79 kB)
2025-12-12T01:45:56.375839765Z #12 17.15    ━━━━━━━━━━━━━━━━━━━━━━━━━━━━━━━━━━━━━━━━ 79.1/79.1 kB 218.4 MB/s eta 0:00:00
2025-12-12T01:45:56.375843085Z #12 17.16 Downloading werkzeug-3.1.4-py3-none-any.whl (224 kB)
2025-12-12T01:45:56.375845825Z #12 17.16    ━━━━━━━━━━━━━━━━━━━━━━━━━━━━━━━━━━━━━━━ 225.0/225.0 kB 239.4 MB/s eta 0:00:00
2025-12-12T01:45:56.375848665Z #12 17.17 Downloading ipykernel-7.1.0-py3-none-any.whl (117 kB)
2025-12-12T01:45:56.375851405Z #12 17.17    ━━━━━━━━━━━━━━━━━━━━━━━━━━━━━━━━━━━━━━━ 118.0/118.0 kB 232.5 MB/s eta 0:00:00
2025-12-12T01:45:56.375854096Z #12 17.18 Downloading ipywidgets-8.1.8-py3-none-any.whl (139 kB)
2025-12-12T01:45:56.477238671Z #12 17.19    ━━━━━━━━━━━━━━━━━━━━━━━━━━━━━━━━━━━━━━━ 139.8/139.8 kB 265.9 MB/s eta 0:00:00
2025-12-12T01:45:56.477261722Z #12 17.20 Downloading jupyter_console-6.6.3-py3-none-any.whl (24 kB)
2025-12-12T01:45:56.477267582Z #12 17.21 Downloading jupyterlab-4.5.0-py3-none-any.whl (12.4 MB)
2025-12-12T01:45:56.477273522Z #12 17.27    ━━━━━━━━━━━━━━━━━━━━━━━━━━━━━━━━━━━━━━━━ 12.4/12.4 MB 222.9 MB/s eta 0:00:00
2025-12-12T01:45:56.477279873Z #12 17.27 Downloading nbconvert-7.16.6-py3-none-any.whl (258 kB)
2025-12-12T01:45:56.477285343Z #12 17.28    ━━━━━━━━━━━━━━━━━━━━━━━━━━━━━━━━━━━━━━━ 258.5/258.5 kB 334.2 MB/s eta 0:00:00
2025-12-12T01:45:56.477291303Z #12 17.29 Downloading notebook-7.5.0-py3-none-any.whl (14.5 MB)
2025-12-12T01:45:56.579726345Z #12 17.37    ━━━━━━━━━━━━━━━━━━━━━━━━━━━━━━━━━━━━━━━━ 14.5/14.5 MB 249.8 MB/s eta 0:00:00
2025-12-12T01:45:56.579746016Z #12 17.38 Downloading tomlkit-0.13.3-py3-none-any.whl (38 kB)
2025-12-12T01:45:56.579750976Z #12 17.39 Downloading types_pyasn1-0.6.0.20250914-py3-none-any.whl (24 kB)
2025-12-12T01:45:56.686094621Z #12 17.40 Downloading asttokens-3.0.1-py3-none-any.whl (27 kB)
2025-12-12T01:45:56.686115672Z #12 17.41 Downloading async_lru-2.0.5-py3-none-any.whl (6.1 kB)
2025-12-12T01:45:56.686119882Z #12 17.42 Downloading bidict-0.23.1-py3-none-any.whl (32 kB)
2025-12-12T01:45:56.686123462Z #12 17.42 Downloading bleach-6.3.0-py3-none-any.whl (164 kB)
2025-12-12T01:45:56.686127932Z #12 17.43    ━━━━━━━━━━━━━━━━━━━━━━━━━━━━━━━━━━━━━━━ 164.4/164.4 kB 192.6 MB/s eta 0:00:00
2025-12-12T01:45:56.686131483Z #12 17.44 Downloading blinker-1.9.0-py3-none-any.whl (8.5 kB)
2025-12-12T01:45:56.686135563Z #12 17.45 Downloading charset_normalizer-3.4.4-cp311-cp311-manylinux2014_x86_64.manylinux_2_17_x86_64.manylinux_2_28_x86_64.whl (151 kB)
2025-12-12T01:45:56.686150453Z #12 17.45    ━━━━━━━━━━━━━━━━━━━━━━━━━━━━━━━━━━━━━━━ 151.6/151.6 kB 218.6 MB/s eta 0:00:00
2025-12-12T01:45:56.686152784Z #12 17.46 Downloading comm-0.2.3-py3-none-any.whl (7.3 kB)
2025-12-12T01:45:56.686155464Z #12 17.47 Downloading executing-2.2.1-py2.py3-none-any.whl (28 kB)
2025-12-12T01:45:56.686157604Z #12 17.48 Downloading itsdangerous-2.2.0-py3-none-any.whl (16 kB)
2025-12-12T01:45:56.686159694Z #12 17.49 Downloading jupyter_client-8.7.0-py3-none-any.whl (106 kB)
2025-12-12T01:45:56.686162174Z #12 17.49    ━━━━━━━━━━━━━━━━━━━━━━━━━━━━━━━━━━━━━━━ 106.2/106.2 kB 220.7 MB/s eta 0:00:00
2025-12-12T01:45:56.686164344Z #12 17.50 Downloading jupyter_core-5.9.1-py3-none-any.whl (29 kB)
2025-12-12T01:45:56.789485685Z #12 17.51 Downloading jupyter_lsp-2.3.0-py3-none-any.whl (76 kB)
2025-12-12T01:45:56.789500166Z #12 17.51    ━━━━━━━━━━━━━━━━━━━━━━━━━━━━━━━━━━━━━━━━ 76.7/76.7 kB 243.1 MB/s eta 0:00:00
2025-12-12T01:45:56.789503736Z #12 17.52 Downloading jupyter_server-2.17.0-py3-none-any.whl (388 kB)
2025-12-12T01:45:56.789505926Z #12 17.52    ━━━━━━━━━━━━━━━━━━━━━━━━━━━━━━━━━━━━━━━ 388.2/388.2 kB 263.6 MB/s eta 0:00:00
2025-12-12T01:45:56.789508216Z #12 17.53 Downloading jupyterlab_server-2.28.0-py3-none-any.whl (59 kB)
2025-12-12T01:45:56.789510396Z #12 17.53    ━━━━━━━━━━━━━━━━━━━━━━━━━━━━━━━━━━━━━━━━ 59.8/59.8 kB 211.5 MB/s eta 0:00:00
2025-12-12T01:45:56.789512557Z #12 17.54 Downloading jupyterlab_widgets-3.0.16-py3-none-any.whl (914 kB)
2025-12-12T01:45:56.789514717Z #12 17.55    ━━━━━━━━━━━━━━━━━━━━━━━━━━━━━━━━━━━━━━━ 914.9/914.9 kB 214.9 MB/s eta 0:00:00
2025-12-12T01:45:56.789544348Z #12 17.56 Downloading markdown_it_py-4.0.0-py3-none-any.whl (87 kB)
2025-12-12T01:45:56.789549588Z #12 17.56    ━━━━━━━━━━━━━━━━━━━━━━━━━━━━━━━━━━━━━━━━ 87.3/87.3 kB 278.0 MB/s eta 0:00:00
2025-12-12T01:45:56.789554328Z #12 17.57 Downloading mistune-3.1.4-py3-none-any.whl (53 kB)
2025-12-12T01:45:56.789556488Z #12 17.57    ━━━━━━━━━━━━━━━━━━━━━━━━━━━━━━━━━━━━━━━━ 53.5/53.5 kB 247.9 MB/s eta 0:00:00
2025-12-12T01:45:56.789558739Z #12 17.58 Downloading nbclient-0.10.2-py3-none-any.whl (25 kB)
2025-12-12T01:45:56.789560808Z #12 17.59 Downloading nbformat-5.10.4-py3-none-any.whl (78 kB)
2025-12-12T01:45:56.789562939Z #12 17.59    ━━━━━━━━━━━━━━━━━━━━━━━━━━━━━━━━━━━━━━━━ 78.5/78.5 kB 218.8 MB/s eta 0:00:00
2025-12-12T01:45:56.789565129Z #12 17.60 Downloading nest_asyncio-1.6.0-py3-none-any.whl (5.2 kB)
2025-12-12T01:45:56.890749936Z #12 17.61 Downloading notebook_shim-0.2.4-py3-none-any.whl (13 kB)
2025-12-12T01:45:56.890772137Z #12 17.62 Downloading pandocfilters-1.5.1-py2.py3-none-any.whl (8.7 kB)
2025-12-12T01:45:56.890775517Z #12 17.63 Downloading parso-0.8.5-py2.py3-none-any.whl (106 kB)
2025-12-12T01:45:56.890779197Z #12 17.63    ━━━━━━━━━━━━━━━━━━━━━━━━━━━━━━━━━━━━━━━ 106.7/106.7 kB 194.4 MB/s eta 0:00:00
2025-12-12T01:45:56.890782167Z #12 17.64 Downloading ptyprocess-0.7.0-py2.py3-none-any.whl (13 kB)
2025-12-12T01:45:56.890797398Z #12 17.65 Downloading python_dateutil-2.9.0.post0-py2.py3-none-any.whl (229 kB)
2025-12-12T01:45:56.890800238Z #12 17.65    ━━━━━━━━━━━━━━━━━━━━━━━━━━━━━━━━━━━━━━━ 229.9/229.9 kB 266.8 MB/s eta 0:00:00
2025-12-12T01:45:56.890804198Z #12 17.66 Downloading regex-2025.11.3-cp311-cp311-manylinux2014_x86_64.manylinux_2_17_x86_64.manylinux_2_28_x86_64.whl (800 kB)
2025-12-12T01:45:56.890807058Z #12 17.67    ━━━━━━━━━━━━━━━━━━━━━━━━━━━━━━━━━━━━━━━ 800.4/800.4 kB 277.1 MB/s eta 0:00:00
2025-12-12T01:45:56.890810828Z #12 17.68 Downloading ruamel_yaml_clib-0.2.15-cp311-cp311-manylinux2014_x86_64.manylinux_2_17_x86_64.manylinux_2_28_x86_64.whl (777 kB)
2025-12-12T01:45:56.890813648Z #12 17.68    ━━━━━━━━━━━━━━━━━━━━━━━━━━━━━━━━━━━━━━━ 777.6/777.6 kB 319.3 MB/s eta 0:00:00
2025-12-12T01:45:56.890816518Z #12 17.69 Downloading shellingham-1.5.4-py2.py3-none-any.whl (9.8 kB)
2025-12-12T01:45:56.890819179Z #12 17.70 Downloading simple_websocket-1.1.0-py3-none-any.whl (13 kB)
2025-12-12T01:45:56.997957879Z #12 17.71 Downloading tornado-6.5.3-cp39-abi3-manylinux_2_5_x86_64.manylinux1_x86_64.manylinux_2_17_x86_64.manylinux2014_x86_64.whl (445 kB)
2025-12-12T01:45:56.997983009Z #12 17.71    ━━━━━━━━━━━━━━━━━━━━━━━━━━━━━━━━━━━━━━━ 445.3/445.3 kB 310.0 MB/s eta 0:00:00
2025-12-12T01:45:56.99798709Z #12 17.72 Downloading websocket_client-1.9.0-py3-none-any.whl (82 kB)
2025-12-12T01:45:56.99798945Z #12 17.72    ━━━━━━━━━━━━━━━━━━━━━━━━━━━━━━━━━━━━━━━━ 82.6/82.6 kB 281.5 MB/s eta 0:00:00
2025-12-12T01:45:56.99799227Z #12 17.73 Downloading widgetsnbextension-4.0.15-py3-none-any.whl (2.2 MB)
2025-12-12T01:45:56.99799494Z #12 17.74    ━━━━━━━━━━━━━━━━━━━━━━━━━━━━━━━━━━━━━━━━ 2.2/2.2 MB 227.1 MB/s eta 0:00:00
2025-12-12T01:45:56.99799731Z #12 17.75 Downloading beautifulsoup4-4.14.3-py3-none-any.whl (107 kB)
2025-12-12T01:45:56.99799957Z #12 17.76    ━━━━━━━━━━━━━━━━━━━━━━━━━━━━━━━━━━━━━━━ 107.7/107.7 kB 271.0 MB/s eta 0:00:00
2025-12-12T01:45:56.99800259Z #12 17.77 Downloading brotli-1.2.0-cp311-cp311-manylinux2014_x86_64.manylinux_2_17_x86_64.whl (1.4 MB)
2025-12-12T01:45:56.99800485Z #12 17.78    ━━━━━━━━━━━━━━━━━━━━━━━━━━━━━━━━━━━━━━━━ 1.4/1.4 MB 278.1 MB/s eta 0:00:00
2025-12-12T01:45:56.998007141Z #12 17.79 Downloading defusedxml-0.7.1-py2.py3-none-any.whl (25 kB)
2025-12-12T01:45:56.998009771Z #12 17.80 Downloading joblib-1.5.2-py3-none-any.whl (308 kB)
2025-12-12T01:45:56.998012021Z #12 17.80    ━━━━━━━━━━━━━━━━━━━━━━━━━━━━━━━━━━━━━━━ 308.4/308.4 kB 232.6 MB/s eta 0:00:00
2025-12-12T01:45:56.998014301Z #12 17.81 Downloading jupyterlab_pygments-0.3.0-py3-none-any.whl (15 kB)
2025-12-12T01:45:57.102094726Z #12 17.82 Downloading pure_eval-0.2.3-py3-none-any.whl (11 kB)
2025-12-12T01:45:57.102116587Z #12 17.83 Downloading tzdata-2025.2-py2.py3-none-any.whl (347 kB)
2025-12-12T01:45:57.102121627Z #12 17.83    ━━━━━━━━━━━━━━━━━━━━━━━━━━━━━━━━━━━━━━━ 347.8/347.8 kB 205.1 MB/s eta 0:00:00
2025-12-12T01:45:57.102124447Z #12 17.84 Downloading wcwidth-0.2.14-py2.py3-none-any.whl (37 kB)
2025-12-12T01:45:57.102140878Z #12 17.85 Downloading zope_event-6.1-py3-none-any.whl (6.4 kB)
2025-12-12T01:45:57.102143878Z #12 17.86 Downloading zope_interface-8.1.1-cp311-cp311-manylinux1_x86_64.manylinux2014_x86_64.manylinux_2_17_x86_64.manylinux_2_5_x86_64.whl (259 kB)
2025-12-12T01:45:57.102145598Z #12 17.87    ━━━━━━━━━━━━━━━━━━━━━━━━━━━━━━━━━━━━━━━ 259.9/259.9 kB 312.5 MB/s eta 0:00:00
2025-12-12T01:45:57.102147338Z #12 17.88 Downloading argon2_cffi-25.1.0-py3-none-any.whl (14 kB)
2025-12-12T01:45:57.102149098Z #12 17.89 Downloading fastjsonschema-2.21.2-py3-none-any.whl (24 kB)
2025-12-12T01:45:57.102150888Z #12 17.89 Downloading json5-0.12.1-py3-none-any.whl (36 kB)
2025-12-12T01:45:57.102152628Z #12 17.90 Downloading jsonschema-4.25.1-py3-none-any.whl (90 kB)
2025-12-12T01:45:57.102154338Z #12 17.90    ━━━━━━━━━━━━━━━━━━━━━━━━━━━━━━━━━━━━━━━━ 90.0/90.0 kB 300.3 MB/s eta 0:00:00
2025-12-12T01:45:57.102156029Z #12 17.91 Downloading jupyter_events-0.12.0-py3-none-any.whl (19 kB)
2025-12-12T01:45:57.202985119Z #12 17.92 Downloading jupyter_server_terminals-0.5.3-py3-none-any.whl (13 kB)
2025-12-12T01:45:57.208324355Z #12 17.93 Downloading mdurl-0.1.2-py3-none-any.whl (10.0 kB)
2025-12-12T01:45:57.208332156Z #12 17.94 Downloading overrides-7.7.0-py3-none-any.whl (17 kB)
2025-12-12T01:45:57.208335856Z #12 17.95 Downloading prometheus_client-0.23.1-py3-none-any.whl (61 kB)
2025-12-12T01:45:57.208339676Z #12 17.95    ━━━━━━━━━━━━━━━━━━━━━━━━━━━━━━━━━━━━━━━━ 61.1/61.1 kB 246.0 MB/s eta 0:00:00
2025-12-12T01:45:57.208343486Z #12 17.96 Downloading Send2Trash-1.8.3-py3-none-any.whl (18 kB)
2025-12-12T01:45:57.208346627Z #12 17.97 Downloading soupsieve-2.8-py3-none-any.whl (36 kB)
2025-12-12T01:45:57.208349867Z #12 17.98 Downloading terminado-0.18.1-py3-none-any.whl (14 kB)
2025-12-12T01:45:57.208353417Z #12 17.99 Downloading tinycss2-1.4.0-py3-none-any.whl (26 kB)
2025-12-12T01:45:57.208356827Z #12 17.99 Downloading webencodings-0.5.1-py2.py3-none-any.whl (11 kB)
2025-12-12T01:45:57.208360357Z #12 18.00 Downloading wsproto-1.3.2-py3-none-any.whl (24 kB)
2025-12-12T01:45:57.208364127Z #12 18.01 Downloading attrs-25.4.0-py3-none-any.whl (67 kB)
2025-12-12T01:45:57.306890706Z #12 18.01    ━━━━━━━━━━━━━━━━━━━━━━━━━━━━━━━━━━━━━━━━ 67.6/67.6 kB 274.1 MB/s eta 0:00:00
2025-12-12T01:45:57.306907297Z #12 18.02 Downloading jsonschema_specifications-2025.9.1-py3-none-any.whl (18 kB)
2025-12-12T01:45:57.306911077Z #12 18.03 Downloading python_json_logger-4.0.0-py3-none-any.whl (15 kB)
2025-12-12T01:45:57.306913267Z #12 18.04 Downloading referencing-0.37.0-py3-none-any.whl (26 kB)
2025-12-12T01:45:57.306915457Z #12 18.05 Downloading rfc3986_validator-0.1.1-py2.py3-none-any.whl (4.2 kB)
2025-12-12T01:45:57.306918057Z #12 18.06 Downloading rpds_py-0.30.0-cp311-cp311-manylinux_2_17_x86_64.manylinux2014_x86_64.whl (390 kB)
2025-12-12T01:45:57.306920238Z #12 18.06    ━━━━━━━━━━━━━━━━━━━━━━━━━━━━━━━━━━━━━━━ 390.8/390.8 kB 231.5 MB/s eta 0:00:00
2025-12-12T01:45:57.306923188Z #12 18.07 Downloading argon2_cffi_bindings-25.1.0-cp39-abi3-manylinux_2_26_x86_64.manylinux_2_28_x86_64.whl (87 kB)
2025-12-12T01:45:57.306925428Z #12 18.07    ━━━━━━━━━━━━━━━━━━━━━━━━━━━━━━━━━━━━━━━━ 87.1/87.1 kB 271.7 MB/s eta 0:00:00
2025-12-12T01:45:57.306927568Z #12 18.08 Downloading rfc3339_validator-0.1.4-py2.py3-none-any.whl (3.5 kB)
2025-12-12T01:45:57.306941269Z #12 18.09 Downloading jsonpointer-3.0.0-py2.py3-none-any.whl (7.6 kB)
2025-12-12T01:45:57.306943809Z #12 18.10 Downloading rfc3987_syntax-1.1.0-py3-none-any.whl (8.0 kB)
2025-12-12T01:45:57.306946589Z #12 18.11 Downloading webcolors-25.10.0-py3-none-any.whl (14 kB)
2025-12-12T01:45:57.306948679Z #12 18.12 Downloading fqdn-1.5.1-py3-none-any.whl (9.1 kB)
2025-12-12T01:45:57.498560956Z #12 18.13 Downloading isoduration-20.11.0-py3-none-any.whl (11 kB)
2025-12-12T01:45:57.498579267Z #12 18.14 Downloading uri_template-1.3.0-py3-none-any.whl (11 kB)
2025-12-12T01:45:57.498582597Z #12 18.14 Downloading arrow-1.4.0-py3-none-any.whl (68 kB)
2025-12-12T01:45:57.498585697Z #12 18.15    ━━━━━━━━━━━━━━━━━━━━━━━━━━━━━━━━━━━━━━━━ 68.8/68.8 kB 194.1 MB/s eta 0:00:00
2025-12-12T01:45:57.498587877Z #12 18.16 Downloading lark-1.3.1-py3-none-any.whl (113 kB)
2025-12-12T01:45:57.498590017Z #12 18.16    ━━━━━━━━━━━━━━━━━━━━━━━━━━━━━━━━━━━━━━━ 113.2/113.2 kB 286.8 MB/s eta 0:00:00
2025-12-12T01:45:58.684381779Z #12 19.49 Installing collected packages: webencodings, pure-eval, ptyprocess, paginate, fastjsonschema, brotli, zope.interface, zope.event, wsproto, widgetsnbextension, werkzeug, websocket-client, webcolors, wcwidth, watchdog, urllib3, uri-template, tzdata, types-pyasn1, traitlets, tornado, tomlkit, tinycss2, tenacity, stevedore, soupsieve, shellingham, send2trash, ruamel.yaml.clib, rpds-py, rfc3986-validator, rfc3339-validator, regex, redis, pyzmq, pyyaml-env-tag, pytokens, python-json-logger, python-dateutil, pygments, pyflakes, pycodestyle, psycopg, psutil, prometheus-client, port-for, pluggy, platformdirs, pexpect, pathspec, parso, pandocfilters, packaging, overrides, nest-asyncio, mypy-extensions, msgpack, mkdocs-material-extensions, mistune, mergedeep, mdurl, mccabe, marshmallow, markdown, librt, lark, jupyterlab_widgets, jupyterlab-pygments, jsonpointer, json5, joblib, jinja2, itsdangerous, isort, iniconfig, fqdn, filelock, executing, defusedxml, decorator, debugpy, coverage, configargparse, comm, colorama, charset_normalizer, blinker, bleach, bidict, backrefs, babel, attrs, async-lru, asttokens, types-requests, types-python-jose, terminado, stack_data, simple-websocket, ruamel-yaml, rfc3987-syntax, requests, referencing, pytest, pymdown-extensions, prompt_toolkit, nltk, mypy, mkdocs-get-deps, mirakuru, matplotlib-inline, markdown-it-py, jupyter-core, jedi, ipython-pygments-lexers, ghp-import, gevent, flask, flake8, Faker, dparse, black, beautifulsoup4, arrow, argon2-cffi-bindings, safety-schemas, rich, python-engineio, pytest-redis, pytest-postgresql, pytest-mock, pytest-dotenv, pytest-cov, pytest-asyncio, mkdocs, jupyter-server-terminals, jupyter-client, jsonschema-specifications, isoduration, ipython, geventhttpclient, flask-login, flask-cors, factory-boy, authlib, argon2-cffi, typer, python-socketio, mkdocs-material, jsonschema, ipywidgets, ipykernel, bandit, safety, nbformat, jupyter-console, nbclient, locust-cloud, jupyter-events, nbconvert, locust, jupyter-server, notebook-shim, jupyterlab-server, jupyter-lsp, jupyterlab, notebook, jupyter
2025-12-12T01:46:19.142437693Z #12 39.95 Successfully installed Faker-38.2.0 argon2-cffi-25.1.0 argon2-cffi-bindings-25.1.0 arrow-1.4.0 asttokens-3.0.1 async-lru-2.0.5 attrs-25.4.0 authlib-1.6.5 babel-2.17.0 backrefs-6.1 bandit-1.9.2 beautifulsoup4-4.14.3 bidict-0.23.1 black-25.12.0 bleach-6.3.0 blinker-1.9.0 brotli-1.2.0 charset_normalizer-3.4.4 colorama-0.4.6 comm-0.2.3 configargparse-1.7.1 coverage-7.13.0 debugpy-1.8.18 decorator-5.2.1 defusedxml-0.7.1 dparse-0.6.4 executing-2.2.1 factory-boy-3.3.3 fastjsonschema-2.21.2 filelock-3.20.0 flake8-7.3.0 flask-3.1.2 flask-cors-6.0.1 flask-login-0.6.3 fqdn-1.5.1 gevent-25.9.1 geventhttpclient-2.3.7 ghp-import-2.1.0 iniconfig-2.3.0 ipykernel-7.1.0 ipython-9.8.0 ipython-pygments-lexers-1.1.1 ipywidgets-8.1.8 isoduration-20.11.0 isort-7.0.0 itsdangerous-2.2.0 jedi-0.19.2 jinja2-3.1.6 joblib-1.5.2 json5-0.12.1 jsonpointer-3.0.0 jsonschema-4.25.1 jsonschema-specifications-2025.9.1 jupyter-1.1.1 jupyter-client-8.7.0 jupyter-console-6.6.3 jupyter-core-5.9.1 jupyter-events-0.12.0 jupyter-lsp-2.3.0 jupyter-server-2.17.0 jupyter-server-terminals-0.5.3 jupyterlab-4.5.0 jupyterlab-pygments-0.3.0 jupyterlab-server-2.28.0 jupyterlab_widgets-3.0.16 lark-1.3.1 librt-0.7.3 locust-2.42.6 locust-cloud-1.29.5 markdown-3.10 markdown-it-py-4.0.0 marshmallow-4.1.1 matplotlib-inline-0.2.1 mccabe-0.7.0 mdurl-0.1.2 mergedeep-1.3.4 mirakuru-3.0.1 mistune-3.1.4 mkdocs-1.6.1 mkdocs-get-deps-0.2.0 mkdocs-material-9.7.0 mkdocs-material-extensions-1.3.1 msgpack-1.1.2 mypy-1.19.0 mypy-extensions-1.1.0 nbclient-0.10.2 nbconvert-7.16.6 nbformat-5.10.4 nest-asyncio-1.6.0 nltk-3.9.2 notebook-7.5.0 notebook-shim-0.2.4 overrides-7.7.0 packaging-25.0 paginate-0.5.7 pandocfilters-1.5.1 parso-0.8.5 pathspec-0.12.1 pexpect-4.9.0 platformdirs-4.5.1 pluggy-1.6.0 port-for-1.0.0 prometheus-client-0.23.1 prompt_toolkit-3.0.52 psutil-7.1.3 psycopg-3.3.2 ptyprocess-0.7.0 pure-eval-0.2.3 pycodestyle-2.14.0 pyflakes-3.4.0 pygments-2.19.2 pymdown-extensions-10.19 pytest-9.0.2 pytest-asyncio-1.3.0 pytest-cov-7.0.0 pytest-dotenv-0.5.2 pytest-mock-3.15.1 pytest-postgresql-7.0.2 pytest-redis-3.1.3 python-dateutil-2.9.0.post0 python-engineio-4.12.3 python-json-logger-4.0.0 python-socketio-5.15.0 pytokens-0.3.0 pyyaml-env-tag-1.1 pyzmq-27.1.0 redis-7.1.0 referencing-0.37.0 regex-2025.11.3 requests-2.32.4 rfc3339-validator-0.1.4 rfc3986-validator-0.1.1 rfc3987-syntax-1.1.0 rich-14.2.0 rpds-py-0.30.0 ruamel-yaml-0.18.16 ruamel.yaml.clib-0.2.15 safety-3.7.0 safety-schemas-0.0.16 send2trash-1.8.3 shellingham-1.5.4 simple-websocket-1.1.0 soupsieve-2.8 stack_data-0.6.3 stevedore-5.6.0 tenacity-9.1.2 terminado-0.18.1 tinycss2-1.4.0 tomlkit-0.13.3 tornado-6.5.3 traitlets-5.14.3 typer-0.20.0 types-pyasn1-0.6.0.20250914 types-python-jose-3.5.0.20250531 types-requests-2.32.4.20250913 tzdata-2025.2 uri-template-1.3.0 urllib3-2.6.2 watchdog-6.0.0 wcwidth-0.2.14 webcolors-25.10.0 webencodings-0.5.1 websocket-client-1.9.0 werkzeug-3.1.4 widgetsnbextension-4.0.15 wsproto-1.3.2 zope.event-6.1 zope.interface-8.1.1
2025-12-12T01:46:19.383704697Z #12 39.95 WARNING: Running pip as the 'root' user can result in broken permissions and conflicting behaviour with the system package manager. It is recommended to use a virtual environment instead: https://pip.pypa.io/warnings/venv
2025-12-12T01:46:19.425997409Z #12 40.04 
2025-12-12T01:46:19.426006179Z #12 40.04 [notice] A new release of pip is available: 24.0 -> 25.3
2025-12-12T01:46:19.426010759Z #12 40.04 [notice] To update, run: pip install --upgrade pip
2025-12-12T01:46:20.552278218Z #12 DONE 41.4s
2025-12-12T01:46:20.704224571Z 
2025-12-12T01:46:20.704247722Z #13 [ 8/10] COPY . .
2025-12-12T01:46:21.011480205Z #13 DONE 0.5s
2025-12-12T01:46:21.124877852Z 
2025-12-12T01:46:21.124905113Z #14 [ 9/10] RUN mkdir -p uploads logs alembic/versions
2025-12-12T01:46:21.124909923Z #14 DONE 0.1s
2025-12-12T01:46:21.277120897Z 
2025-12-12T01:46:21.277139448Z #15 [10/10] RUN useradd --create-home --shell /bin/bash app &&     chown -R app:app /app
2025-12-12T01:46:22.952235439Z #15 DONE 1.8s
2025-12-12T01:46:23.145819634Z 
2025-12-12T01:46:23.145849625Z #16 exporting to docker image format
2025-12-12T01:46:23.145859006Z #16 exporting layers
2025-12-12T01:45:56.789514717Z #12 17.55    ━━━━━━━━━━━━━━━━━━━━━━━━━━━━━━━━━━━━━━━ 914.9/914.9 kB 214.9 MB/s eta 0:00:00
2025-12-12T01:45:56.789544348Z #12 17.56 Downloading markdown_it_py-4.0.0-py3-none-any.whl (87 kB)
2025-12-12T01:45:56.789549588Z #12 17.56    ━━━━━━━━━━━━━━━━━━━━━━━━━━━━━━━━━━━━━━━━ 87.3/87.3 kB 278.0 MB/s eta 0:00:00
2025-12-12T01:45:56.789554328Z #12 17.57 Downloading mistune-3.1.4-py3-none-any.whl (53 kB)
2025-12-12T01:45:56.789556488Z #12 17.57    ━━━━━━━━━━━━━━━━━━━━━━━━━━━━━━━━━━━━━━━━ 53.5/53.5 kB 247.9 MB/s eta 0:00:00
2025-12-12T01:45:56.789558739Z #12 17.58 Downloading nbclient-0.10.2-py3-none-any.whl (25 kB)
2025-12-12T01:45:56.789560808Z #12 17.59 Downloading nbformat-5.10.4-py3-none-any.whl (78 kB)
2025-12-12T01:45:56.789562939Z #12 17.59    ━━━━━━━━━━━━━━━━━━━━━━━━━━━━━━━━━━━━━━━━ 78.5/78.5 kB 218.8 MB/s eta 0:00:00
2025-12-12T01:45:56.789565129Z #12 17.60 Downloading nest_asyncio-1.6.0-py3-none-any.whl (5.2 kB)
2025-12-12T01:45:56.890749936Z #12 17.61 Downloading notebook_shim-0.2.4-py3-none-any.whl (13 kB)
2025-12-12T01:45:56.890772137Z #12 17.62 Downloading pandocfilters-1.5.1-py2.py3-none-any.whl (8.7 kB)
2025-12-12T01:45:56.890775517Z #12 17.63 Downloading parso-0.8.5-py2.py3-none-any.whl (106 kB)
2025-12-12T01:45:56.890779197Z #12 17.63    ━━━━━━━━━━━━━━━━━━━━━━━━━━━━━━━━━━━━━━━ 106.7/106.7 kB 194.4 MB/s eta 0:00:00
2025-12-12T01:45:56.890782167Z #12 17.64 Downloading ptyprocess-0.7.0-py2.py3-none-any.whl (13 kB)
2025-12-12T01:45:56.890797398Z #12 17.65 Downloading python_dateutil-2.9.0.post0-py2.py3-none-any.whl (229 kB)
2025-12-12T01:45:56.890800238Z #12 17.65    ━━━━━━━━━━━━━━━━━━━━━━━━━━━━━━━━━━━━━━━ 229.9/229.9 kB 266.8 MB/s eta 0:00:00
2025-12-12T01:45:56.890804198Z #12 17.66 Downloading regex-2025.11.3-cp311-cp311-manylinux2014_x86_64.manylinux_2_17_x86_64.manylinux_2_28_x86_64.whl (800 kB)
2025-12-12T01:45:56.890807058Z #12 17.67    ━━━━━━━━━━━━━━━━━━━━━━━━━━━━━━━━━━━━━━━ 800.4/800.4 kB 277.1 MB/s eta 0:00:00
2025-12-12T01:45:56.890810828Z #12 17.68 Downloading ruamel_yaml_clib-0.2.15-cp311-cp311-manylinux2014_x86_64.manylinux_2_17_x86_64.manylinux_2_28_x86_64.whl (777 kB)
2025-12-12T01:45:56.890813648Z #12 17.68    ━━━━━━━━━━━━━━━━━━━━━━━━━━━━━━━━━━━━━━━ 777.6/777.6 kB 319.3 MB/s eta 0:00:00
2025-12-12T01:45:56.890816518Z #12 17.69 Downloading shellingham-1.5.4-py2.py3-none-any.whl (9.8 kB)
2025-12-12T01:45:56.890819179Z #12 17.70 Downloading simple_websocket-1.1.0-py3-none-any.whl (13 kB)
2025-12-12T01:45:56.997957879Z #12 17.71 Downloading tornado-6.5.3-cp39-abi3-manylinux_2_5_x86_64.manylinux1_x86_64.manylinux_2_17_x86_64.manylinux2014_x86_64.whl (445 kB)
2025-12-12T01:45:56.997983009Z #12 17.71    ━━━━━━━━━━━━━━━━━━━━━━━━━━━━━━━━━━━━━━━ 445.3/445.3 kB 310.0 MB/s eta 0:00:00
2025-12-12T01:45:56.99798709Z #12 17.72 Downloading websocket_client-1.9.0-py3-none-any.whl (82 kB)
2025-12-12T01:45:56.99798945Z #12 17.72    ━━━━━━━━━━━━━━━━━━━━━━━━━━━━━━━━━━━━━━━━ 82.6/82.6 kB 281.5 MB/s eta 0:00:00
2025-12-12T01:45:56.99799227Z #12 17.73 Downloading widgetsnbextension-4.0.15-py3-none-any.whl (2.2 MB)
2025-12-12T01:45:56.99799494Z #12 17.74    ━━━━━━━━━━━━━━━━━━━━━━━━━━━━━━━━━━━━━━━━ 2.2/2.2 MB 227.1 MB/s eta 0:00:00
2025-12-12T01:45:56.99799731Z #12 17.75 Downloading beautifulsoup4-4.14.3-py3-none-any.whl (107 kB)
2025-12-12T01:45:56.99799957Z #12 17.76    ━━━━━━━━━━━━━━━━━━━━━━━━━━━━━━━━━━━━━━━ 107.7/107.7 kB 271.0 MB/s eta 0:00:00
2025-12-12T01:45:56.99800259Z #12 17.77 Downloading brotli-1.2.0-cp311-cp311-manylinux2014_x86_64.manylinux_2_17_x86_64.whl (1.4 MB)
2025-12-12T01:45:56.99800485Z #12 17.78    ━━━━━━━━━━━━━━━━━━━━━━━━━━━━━━━━━━━━━━━━ 1.4/1.4 MB 278.1 MB/s eta 0:00:00
2025-12-12T01:45:56.998007141Z #12 17.79 Downloading defusedxml-0.7.1-py2.py3-none-any.whl (25 kB)
2025-12-12T01:45:56.998009771Z #12 17.80 Downloading joblib-1.5.2-py3-none-any.whl (308 kB)
2025-12-12T01:45:56.998012021Z #12 17.80    ━━━━━━━━━━━━━━━━━━━━━━━━━━━━━━━━━━━━━━━ 308.4/308.4 kB 232.6 MB/s eta 0:00:00
2025-12-12T01:45:56.998014301Z #12 17.81 Downloading jupyterlab_pygments-0.3.0-py3-none-any.whl (15 kB)
2025-12-12T01:45:57.102094726Z #12 17.82 Downloading pure_eval-0.2.3-py3-none-any.whl (11 kB)
2025-12-12T01:45:57.102116587Z #12 17.83 Downloading tzdata-2025.2-py2.py3-none-any.whl (347 kB)
2025-12-12T01:45:57.102121627Z #12 17.83    ━━━━━━━━━━━━━━━━━━━━━━━━━━━━━━━━━━━━━━━ 347.8/347.8 kB 205.1 MB/s eta 0:00:00
2025-12-12T01:45:57.102124447Z #12 17.84 Downloading wcwidth-0.2.14-py2.py3-none-any.whl (37 kB)
2025-12-12T01:45:57.102140878Z #12 17.85 Downloading zope_event-6.1-py3-none-any.whl (6.4 kB)
2025-12-12T01:45:57.102143878Z #12 17.86 Downloading zope_interface-8.1.1-cp311-cp311-manylinux1_x86_64.manylinux2014_x86_64.manylinux_2_17_x86_64.manylinux_2_5_x86_64.whl (259 kB)
2025-12-12T01:45:57.102145598Z #12 17.87    ━━━━━━━━━━━━━━━━━━━━━━━━━━━━━━━━━━━━━━━ 259.9/259.9 kB 312.5 MB/s eta 0:00:00
2025-12-12T01:45:57.102147338Z #12 17.88 Downloading argon2_cffi-25.1.0-py3-none-any.whl (14 kB)
2025-12-12T01:45:57.102149098Z #12 17.89 Downloading fastjsonschema-2.21.2-py3-none-any.whl (24 kB)
2025-12-12T01:45:57.102150888Z #12 17.89 Downloading json5-0.12.1-py3-none-any.whl (36 kB)
2025-12-12T01:45:57.102152628Z #12 17.90 Downloading jsonschema-4.25.1-py3-none-any.whl (90 kB)
2025-12-12T01:45:57.102154338Z #12 17.90    ━━━━━━━━━━━━━━━━━━━━━━━━━━━━━━━━━━━━━━━━ 90.0/90.0 kB 300.3 MB/s eta 0:00:00
2025-12-12T01:45:57.102156029Z #12 17.91 Downloading jupyter_events-0.12.0-py3-none-any.whl (19 kB)
2025-12-12T01:45:57.202985119Z #12 17.92 Downloading jupyter_server_terminals-0.5.3-py3-none-any.whl (13 kB)
2025-12-12T01:45:57.208324355Z #12 17.93 Downloading mdurl-0.1.2-py3-none-any.whl (10.0 kB)
2025-12-12T01:45:57.208332156Z #12 17.94 Downloading overrides-7.7.0-py3-none-any.whl (17 kB)
2025-12-12T01:45:57.208335856Z #12 17.95 Downloading prometheus_client-0.23.1-py3-none-any.whl (61 kB)
2025-12-12T01:45:57.208339676Z #12 17.95    ━━━━━━━━━━━━━━━━━━━━━━━━━━━━━━━━━━━━━━━━ 61.1/61.1 kB 246.0 MB/s eta 0:00:00
2025-12-12T01:45:57.208343486Z #12 17.96 Downloading Send2Trash-1.8.3-py3-none-any.whl (18 kB)
2025-12-12T01:45:57.208346627Z #12 17.97 Downloading soupsieve-2.8-py3-none-any.whl (36 kB)
2025-12-12T01:45:57.208349867Z #12 17.98 Downloading terminado-0.18.1-py3-none-any.whl (14 kB)
2025-12-12T01:45:57.208353417Z #12 17.99 Downloading tinycss2-1.4.0-py3-none-any.whl (26 kB)
2025-12-12T01:45:57.208356827Z #12 17.99 Downloading webencodings-0.5.1-py2.py3-none-any.whl (11 kB)
2025-12-12T01:45:57.208360357Z #12 18.00 Downloading wsproto-1.3.2-py3-none-any.whl (24 kB)
2025-12-12T01:45:57.208364127Z #12 18.01 Downloading attrs-25.4.0-py3-none-any.whl (67 kB)
2025-12-12T01:45:57.306890706Z #12 18.01    ━━━━━━━━━━━━━━━━━━━━━━━━━━━━━━━━━━━━━━━━ 67.6/67.6 kB 274.1 MB/s eta 0:00:00
2025-12-12T01:45:57.306907297Z #12 18.02 Downloading jsonschema_specifications-2025.9.1-py3-none-any.whl (18 kB)
2025-12-12T01:45:57.306911077Z #12 18.03 Downloading python_json_logger-4.0.0-py3-none-any.whl (15 kB)
2025-12-12T01:45:57.306913267Z #12 18.04 Downloading referencing-0.37.0-py3-none-any.whl (26 kB)
2025-12-12T01:45:57.306915457Z #12 18.05 Downloading rfc3986_validator-0.1.1-py2.py3-none-any.whl (4.2 kB)
2025-12-12T01:45:57.306918057Z #12 18.06 Downloading rpds_py-0.30.0-cp311-cp311-manylinux_2_17_x86_64.manylinux2014_x86_64.whl (390 kB)
2025-12-12T01:45:57.306920238Z #12 18.06    ━━━━━━━━━━━━━━━━━━━━━━━━━━━━━━━━━━━━━━━ 390.8/390.8 kB 231.5 MB/s eta 0:00:00
2025-12-12T01:45:57.306923188Z #12 18.07 Downloading argon2_cffi_bindings-25.1.0-cp39-abi3-manylinux_2_26_x86_64.manylinux_2_28_x86_64.whl (87 kB)
2025-12-12T01:45:57.306925428Z #12 18.07    ━━━━━━━━━━━━━━━━━━━━━━━━━━━━━━━━━━━━━━━━ 87.1/87.1 kB 271.7 MB/s eta 0:00:00
2025-12-12T01:45:57.306927568Z #12 18.08 Downloading rfc3339_validator-0.1.4-py2.py3-none-any.whl (3.5 kB)
2025-12-12T01:45:57.306941269Z #12 18.09 Downloading jsonpointer-3.0.0-py2.py3-none-any.whl (7.6 kB)
2025-12-12T01:45:57.306943809Z #12 18.10 Downloading rfc3987_syntax-1.1.0-py3-none-any.whl (8.0 kB)
2025-12-12T01:45:57.306946589Z #12 18.11 Downloading webcolors-25.10.0-py3-none-any.whl (14 kB)
2025-12-12T01:45:57.306948679Z #12 18.12 Downloading fqdn-1.5.1-py3-none-any.whl (9.1 kB)
2025-12-12T01:45:57.498560956Z #12 18.13 Downloading isoduration-20.11.0-py3-none-any.whl (11 kB)
2025-12-12T01:45:57.498579267Z #12 18.14 Downloading uri_template-1.3.0-py3-none-any.whl (11 kB)
2025-12-12T01:45:57.498582597Z #12 18.14 Downloading arrow-1.4.0-py3-none-any.whl (68 kB)
2025-12-12T01:45:57.498585697Z #12 18.15    ━━━━━━━━━━━━━━━━━━━━━━━━━━━━━━━━━━━━━━━━ 68.8/68.8 kB 194.1 MB/s eta 0:00:00
2025-12-12T01:45:57.498587877Z #12 18.16 Downloading lark-1.3.1-py3-none-any.whl (113 kB)
2025-12-12T01:45:57.498590017Z #12 18.16    ━━━━━━━━━━━━━━━━━━━━━━━━━━━━━━━━━━━━━━━ 113.2/113.2 kB 286.8 MB/s eta 0:00:00
2025-12-12T01:45:58.684381779Z #12 19.49 Installing collected packages: webencodings, pure-eval, ptyprocess, paginate, fastjsonschema, brotli, zope.interface, zope.event, wsproto, widgetsnbextension, werkzeug, websocket-client, webcolors, wcwidth, watchdog, urllib3, uri-template, tzdata, types-pyasn1, traitlets, tornado, tomlkit, tinycss2, tenacity, stevedore, soupsieve, shellingham, send2trash, ruamel.yaml.clib, rpds-py, rfc3986-validator, rfc3339-validator, regex, redis, pyzmq, pyyaml-env-tag, pytokens, python-json-logger, python-dateutil, pygments, pyflakes, pycodestyle, psycopg, psutil, prometheus-client, port-for, pluggy, platformdirs, pexpect, pathspec, parso, pandocfilters, packaging, overrides, nest-asyncio, mypy-extensions, msgpack, mkdocs-material-extensions, mistune, mergedeep, mdurl, mccabe, marshmallow, markdown, librt, lark, jupyterlab_widgets, jupyterlab-pygments, jsonpointer, json5, joblib, jinja2, itsdangerous, isort, iniconfig, fqdn, filelock, executing, defusedxml, decorator, debugpy, coverage, configargparse, comm, colorama, charset_normalizer, blinker, bleach, bidict, backrefs, babel, attrs, async-lru, asttokens, types-requests, types-python-jose, terminado, stack_data, simple-websocket, ruamel-yaml, rfc3987-syntax, requests, referencing, pytest, pymdown-extensions, prompt_toolkit, nltk, mypy, mkdocs-get-deps, mirakuru, matplotlib-inline, markdown-it-py, jupyter-core, jedi, ipython-pygments-lexers, ghp-import, gevent, flask, flake8, Faker, dparse, black, beautifulsoup4, arrow, argon2-cffi-bindings, safety-schemas, rich, python-engineio, pytest-redis, pytest-postgresql, pytest-mock, pytest-dotenv, pytest-cov, pytest-asyncio, mkdocs, jupyter-server-terminals, jupyter-client, jsonschema-specifications, isoduration, ipython, geventhttpclient, flask-login, flask-cors, factory-boy, authlib, argon2-cffi, typer, python-socketio, mkdocs-material, jsonschema, ipywidgets, ipykernel, bandit, safety, nbformat, jupyter-console, nbclient, locust-cloud, jupyter-events, nbconvert, locust, jupyter-server, notebook-shim, jupyterlab-server, jupyter-lsp, jupyterlab, notebook, jupyter
2025-12-12T01:46:19.142437693Z #12 39.95 Successfully installed Faker-38.2.0 argon2-cffi-25.1.0 argon2-cffi-bindings-25.1.0 arrow-1.4.0 asttokens-3.0.1 async-lru-2.0.5 attrs-25.4.0 authlib-1.6.5 babel-2.17.0 backrefs-6.1 bandit-1.9.2 beautifulsoup4-4.14.3 bidict-0.23.1 black-25.12.0 bleach-6.3.0 blinker-1.9.0 brotli-1.2.0 charset_normalizer-3.4.4 colorama-0.4.6 comm-0.2.3 configargparse-1.7.1 coverage-7.13.0 debugpy-1.8.18 decorator-5.2.1 defusedxml-0.7.1 dparse-0.6.4 executing-2.2.1 factory-boy-3.3.3 fastjsonschema-2.21.2 filelock-3.20.0 flake8-7.3.0 flask-3.1.2 flask-cors-6.0.1 flask-login-0.6.3 fqdn-1.5.1 gevent-25.9.1 geventhttpclient-2.3.7 ghp-import-2.1.0 iniconfig-2.3.0 ipykernel-7.1.0 ipython-9.8.0 ipython-pygments-lexers-1.1.1 ipywidgets-8.1.8 isoduration-20.11.0 isort-7.0.0 itsdangerous-2.2.0 jedi-0.19.2 jinja2-3.1.6 joblib-1.5.2 json5-0.12.1 jsonpointer-3.0.0 jsonschema-4.25.1 jsonschema-specifications-2025.9.1 jupyter-1.1.1 jupyter-client-8.7.0 jupyter-console-6.6.3 jupyter-core-5.9.1 jupyter-events-0.12.0 jupyter-lsp-2.3.0 jupyter-server-2.17.0 jupyter-server-terminals-0.5.3 jupyterlab-4.5.0 jupyterlab-pygments-0.3.0 jupyterlab-server-2.28.0 jupyterlab_widgets-3.0.16 lark-1.3.1 librt-0.7.3 locust-2.42.6 locust-cloud-1.29.5 markdown-3.10 markdown-it-py-4.0.0 marshmallow-4.1.1 matplotlib-inline-0.2.1 mccabe-0.7.0 mdurl-0.1.2 mergedeep-1.3.4 mirakuru-3.0.1 mistune-3.1.4 mkdocs-1.6.1 mkdocs-get-deps-0.2.0 mkdocs-material-9.7.0 mkdocs-material-extensions-1.3.1 msgpack-1.1.2 mypy-1.19.0 mypy-extensions-1.1.0 nbclient-0.10.2 nbconvert-7.16.6 nbformat-5.10.4 nest-asyncio-1.6.0 nltk-3.9.2 notebook-7.5.0 notebook-shim-0.2.4 overrides-7.7.0 packaging-25.0 paginate-0.5.7 pandocfilters-1.5.1 parso-0.8.5 pathspec-0.12.1 pexpect-4.9.0 platformdirs-4.5.1 pluggy-1.6.0 port-for-1.0.0 prometheus-client-0.23.1 prompt_toolkit-3.0.52 psutil-7.1.3 psycopg-3.3.2 ptyprocess-0.7.0 pure-eval-0.2.3 pycodestyle-2.14.0 pyflakes-3.4.0 pygments-2.19.2 pymdown-extensions-10.19 pytest-9.0.2 pytest-asyncio-1.3.0 pytest-cov-7.0.0 pytest-dotenv-0.5.2 pytest-mock-3.15.1 pytest-postgresql-7.0.2 pytest-redis-3.1.3 python-dateutil-2.9.0.post0 python-engineio-4.12.3 python-json-logger-4.0.0 python-socketio-5.15.0 pytokens-0.3.0 pyyaml-env-tag-1.1 pyzmq-27.1.0 redis-7.1.0 referencing-0.37.0 regex-2025.11.3 requests-2.32.4 rfc3339-validator-0.1.4 rfc3986-validator-0.1.1 rfc3987-syntax-1.1.0 rich-14.2.0 rpds-py-0.30.0 ruamel-yaml-0.18.16 ruamel.yaml.clib-0.2.15 safety-3.7.0 safety-schemas-0.0.16 send2trash-1.8.3 shellingham-1.5.4 simple-websocket-1.1.0 soupsieve-2.8 stack_data-0.6.3 stevedore-5.6.0 tenacity-9.1.2 terminado-0.18.1 tinycss2-1.4.0 tomlkit-0.13.3 tornado-6.5.3 traitlets-5.14.3 typer-0.20.0 types-pyasn1-0.6.0.20250914 types-python-jose-3.5.0.20250531 types-requests-2.32.4.20250913 tzdata-2025.2 uri-template-1.3.0 urllib3-2.6.2 watchdog-6.0.0 wcwidth-0.2.14 webcolors-25.10.0 webencodings-0.5.1 websocket-client-1.9.0 werkzeug-3.1.4 widgetsnbextension-4.0.15 wsproto-1.3.2 zope.event-6.1 zope.interface-8.1.1
2025-12-12T01:46:19.383704697Z #12 39.95 WARNING: Running pip as the 'root' user can result in broken permissions and conflicting behaviour with the system package manager. It is recommended to use a virtual environment instead: https://pip.pypa.io/warnings/venv
2025-12-12T01:46:19.425997409Z #12 40.04 
2025-12-12T01:46:19.426006179Z #12 40.04 [notice] A new release of pip is available: 24.0 -> 25.3
2025-12-12T01:46:19.426010759Z #12 40.04 [notice] To update, run: pip install --upgrade pip
2025-12-12T01:46:20.552278218Z #12 DONE 41.4s
2025-12-12T01:46:20.704224571Z 
2025-12-12T01:46:20.704247722Z #13 [ 8/10] COPY . .
2025-12-12T01:46:21.011480205Z #13 DONE 0.5s
2025-12-12T01:46:21.124877852Z 
2025-12-12T01:46:21.124905113Z #14 [ 9/10] RUN mkdir -p uploads logs alembic/versions
2025-12-12T01:46:21.124909923Z #14 DONE 0.1s
2025-12-12T01:46:21.277120897Z 
2025-12-12T01:46:21.277139448Z #15 [10/10] RUN useradd --create-home --shell /bin/bash app &&     chown -R app:app /app
2025-12-12T01:46:22.952235439Z #15 DONE 1.8s
2025-12-12T01:46:23.145819634Z 
2025-12-12T01:46:23.145849625Z #16 exporting to docker image format
2025-12-12T01:46:23.145859006Z #16 exporting layers
2025-12-12T01:46:42.562008629Z #16 exporting layers 19.6s done
2025-12-12T01:46:42.712948098Z #16 exporting manifest sha256:76382a4bba0962d0a8d70ac4a808ee6d3f3fb3341c1b7b739fffe6c3e002ed85
2025-12-12T01:46:43.093952695Z #16 exporting manifest sha256:76382a4bba0962d0a8d70ac4a808ee6d3f3fb3341c1b7b739fffe6c3e002ed85 0.5s done
2025-12-12T01:46:43.093973516Z #16 exporting config sha256:532d0449330146139aa9d052dbb649a26fb5abb66772f68b2815a23f2bf93d1a
2025-12-12T01:46:43.586869993Z #16 exporting config sha256:532d0449330146139aa9d052dbb649a26fb5abb66772f68b2815a23f2bf93d1a 0.5s done
2025-12-12T01:46:45.456926381Z #16 DONE 22.5s
2025-12-12T01:46:45.456945042Z 
2025-12-12T01:46:45.456948062Z #17 exporting cache to client directory
2025-12-12T01:46:45.456950083Z #17 preparing build cache for export
2025-12-12T01:46:58.174765668Z #17 writing cache image manifest sha256:f888cd39c8a18d56d3217787ee0ed3de295d148e9046efaaacbffcd7822657f7
2025-12-12T01:46:58.285616652Z #17 writing cache image manifest sha256:f888cd39c8a18d56d3217787ee0ed3de295d148e9046efaaacbffcd7822657f7 0.3s done
2025-12-12T01:46:58.285634923Z #17 DONE 12.8s
2025-12-12T01:47:17.39280365Z Pushing image to registry...
2025-12-12T01:47:27.579926069Z Upload succeeded
2025-12-12T01:47:35.292637637Z ==> Setting WEB_CONCURRENCY=1 by default, based on available CPUs in the instance
2025-12-12T01:47:35.308167316Z ==> Deploying...
2025-12-12T01:48:02.544074016Z DEBUG: Starting database URL validation...
2025-12-12T01:48:02.54412042Z DEBUG: Found DATABASE_URL in environment, using it directly
2025-12-12T01:48:02.54412424Z DEBUG: DB URL: postgresql://postgres:L2S8j1DZsb65MRPD@***
2025-12-12T01:48:07.150611022Z MODULE LOADED: general_analysis.py - 2025-12-09 22:08 - LATEST-CODE-ENTRY TEST
2025-12-12T01:48:08.045726885Z === LLMService: Gemini Flash com NOVA API Key funcionando, sistema otimizado ===
2025-12-12T01:48:09.251496959Z 2025-12-12 01:48:09,251 - uvicorn.error - INFO - Started server process [1]
2025-12-12T01:48:09.251517091Z 2025-12-12 01:48:09,251 - uvicorn.error - INFO - Waiting for application startup.
2025-12-12T01:48:09.251774741Z DEBUG: Creating database engine with URL: postgresql://postgres:L2S8j1DZsb65MRPD@***
2025-12-12T01:48:09.251786742Z 2025-12-12 01:48:09,251 - app.core.database - INFO - Initializing Supabase database connection for Render deployment
2025-12-12T01:48:09.409382394Z DEBUG: Database engine created successfully
2025-12-12T01:48:10.271092028Z 2025-12-12 01:48:10,270 - app.core.database - ERROR - Error creating database tables: (psycopg2.OperationalError) connection to server at "aws-1-sa-east-1.pooler.supabase.com" (54.232.77.43), port 6543 failed: FATAL:  Tenant or user not found
2025-12-12T01:48:10.27111239Z 
2025-12-12T01:48:10.27111666Z (Background on this error at: https://sqlalche.me/e/20/e3q8)
2025-12-12T01:48:10.277304593Z 2025-12-12 01:48:10,277 - uvicorn.error - ERROR - Traceback (most recent call last):
2025-12-12T01:48:10.277329915Z   File "/usr/local/lib/python3.11/site-packages/sqlalchemy/engine/base.py", line 143, in __init__
2025-12-12T01:48:10.277333955Z     self._dbapi_connection = engine.raw_connection()
2025-12-12T01:48:10.277357897Z                              ^^^^^^^^^^^^^^^^^^^^^^^
2025-12-12T01:48:10.277364128Z   File "/usr/local/lib/python3.11/site-packages/sqlalchemy/engine/base.py", line 3309, in raw_connection
2025-12-12T01:48:10.277367168Z     return self.pool.connect()
2025-12-12T01:48:10.277369838Z            ^^^^^^^^^^^^^^^^^^^
2025-12-12T01:48:10.277372728Z   File "/usr/local/lib/python3.11/site-packages/sqlalchemy/pool/base.py", line 447, in connect
2025-12-12T01:48:10.277375278Z     return _ConnectionFairy._checkout(self)
2025-12-12T01:48:10.277377038Z            ^^^^^^^^^^^^^^^^^^^^^^^^^^^^^^^^
2025-12-12T01:48:10.277378769Z   File "/usr/local/lib/python3.11/site-packages/sqlalchemy/pool/base.py", line 1264, in _checkout
2025-12-12T01:48:10.277380469Z     fairy = _ConnectionRecord.checkout(pool)
2025-12-12T01:48:10.277382089Z             ^^^^^^^^^^^^^^^^^^^^^^^^^^^^^^^^
2025-12-12T01:48:10.277383829Z   File "/usr/local/lib/python3.11/site-packages/sqlalchemy/pool/base.py", line 711, in checkout
2025-12-12T01:48:10.277388139Z     rec = pool._do_get()
2025-12-12T01:48:10.2773899Z           ^^^^^^^^^^^^^^
2025-12-12T01:48:10.27739159Z   File "/usr/local/lib/python3.11/site-packages/sqlalchemy/pool/impl.py", line 177, in _do_get
2025-12-12T01:48:10.27739336Z     with util.safe_reraise():
2025-12-12T01:48:10.27739511Z   File "/usr/local/lib/python3.11/site-packages/sqlalchemy/util/langhelpers.py", line 224, in __exit__
2025-12-12T01:48:10.27739684Z     raise exc_value.with_traceback(exc_tb)
2025-12-12T01:48:10.27739849Z   File "/usr/local/lib/python3.11/site-packages/sqlalchemy/pool/impl.py", line 175, in _do_get
2025-12-12T01:48:10.277400351Z     return self._create_connection()
2025-12-12T01:48:10.277402031Z            ^^^^^^^^^^^^^^^^^^^^^^^^^
2025-12-12T01:48:10.277403771Z   File "/usr/local/lib/python3.11/site-packages/sqlalchemy/pool/base.py", line 388, in _create_connection
2025-12-12T01:48:10.277405491Z     return _ConnectionRecord(self)
2025-12-12T01:48:10.277407211Z            ^^^^^^^^^^^^^^^^^^^^^^^
2025-12-12T01:48:10.277418922Z   File "/usr/local/lib/python3.11/site-packages/sqlalchemy/pool/base.py", line 673, in __init__
2025-12-12T01:48:10.277420762Z     self.__connect()
2025-12-12T01:48:10.277422712Z   File "/usr/local/lib/python3.11/site-packages/sqlalchemy/pool/base.py", line 899, in __connect
2025-12-12T01:48:10.277424402Z     with util.safe_reraise():
2025-12-12T01:48:10.277426053Z   File "/usr/local/lib/python3.11/site-packages/sqlalchemy/util/langhelpers.py", line 224, in __exit__
2025-12-12T01:48:10.277427703Z     raise exc_value.with_traceback(exc_tb)
2025-12-12T01:48:10.277429343Z   File "/usr/local/lib/python3.11/site-packages/sqlalchemy/pool/base.py", line 895, in __connect
2025-12-12T01:48:10.277431613Z     self.dbapi_connection = connection = pool._invoke_creator(self)
2025-12-12T01:48:10.277433333Z                                          ^^^^^^^^^^^^^^^^^^^^^^^^^^
2025-12-12T01:48:10.277435333Z   File "/usr/local/lib/python3.11/site-packages/sqlalchemy/engine/create.py", line 661, in connect
2025-12-12T01:48:10.277437073Z     return dialect.connect(*cargs, **cparams)
2025-12-12T01:48:10.277438743Z            ^^^^^^^^^^^^^^^^^^^^^^^^^^^^^^^^^^
2025-12-12T01:48:10.277440454Z   File "/usr/local/lib/python3.11/site-packages/sqlalchemy/engine/default.py", line 630, in connect
2025-12-12T01:48:10.277442114Z     return self.loaded_dbapi.connect(*cargs, **cparams)  # type: ignore[no-any-return]  # NOQA: E501
2025-12-12T01:48:10.277443834Z            ^^^^^^^^^^^^^^^^^^^^^^^^^^^^^^^^^^^^^^^^^^^^
2025-12-12T01:48:10.277445504Z   File "/usr/local/lib/python3.11/site-packages/psycopg2/__init__.py", line 122, in connect
2025-12-12T01:48:10.277447204Z     conn = _connect(dsn, connection_factory=connection_factory, **kwasync)
2025-12-12T01:48:10.277448844Z            ^^^^^^^^^^^^^^^^^^^^^^^^^^^^^^^^^^^^^^^^^^^^^^^^^^^^^^^^^^^^^^^
2025-12-12T01:48:10.277451384Z psycopg2.OperationalError: connection to server at "aws-1-sa-east-1.pooler.supabase.com" (54.232.77.43), port 6543 failed: FATAL:  Tenant or user not found
2025-12-12T01:48:10.277454055Z 
2025-12-12T01:48:10.277456765Z 
2025-12-12T01:48:10.277459395Z The above exception was the direct cause of the following exception:
2025-12-12T01:48:10.277461785Z 
2025-12-12T01:48:10.277464416Z Traceback (most recent call last):
2025-12-12T01:48:10.277466886Z   File "/usr/local/lib/python3.11/site-packages/starlette/routing.py", line 694, in lifespan
2025-12-12T01:48:10.277469276Z     async with self.lifespan_context(app) as maybe_state:
2025-12-12T01:48:10.277471916Z   File "/usr/local/lib/python3.11/contextlib.py", line 210, in __aenter__
2025-12-12T01:48:10.277474326Z     return await anext(self.gen)
2025-12-12T01:48:10.277476637Z            ^^^^^^^^^^^^^^^^^^^^^
2025-12-12T01:48:10.277479047Z   File "/usr/local/lib/python3.11/site-packages/fastapi/routing.py", line 206, in merged_lifespan
2025-12-12T01:48:10.277481727Z     async with original_context(app) as maybe_original_state:
2025-12-12T01:48:10.277484477Z   File "/usr/local/lib/python3.11/contextlib.py", line 210, in __aenter__
2025-12-12T01:48:10.277487407Z     return await anext(self.gen)
2025-12-12T01:48:10.277489347Z            ^^^^^^^^^^^^^^^^^^^^^
2025-12-12T01:48:10.277490968Z   File "/usr/local/lib/python3.11/site-packages/fastapi/routing.py", line 206, in merged_lifespan
2025-12-12T01:48:10.277492878Z     async with original_context(app) as maybe_original_state:
2025-12-12T01:48:10.277494578Z   File "/usr/local/lib/python3.11/contextlib.py", line 210, in __aenter__
2025-12-12T01:48:10.277505889Z     return await anext(self.gen)
2025-12-12T01:48:10.277507759Z            ^^^^^^^^^^^^^^^^^^^^^
2025-12-12T01:48:10.27752333Z   File "/usr/local/lib/python3.11/site-packages/fastapi/routing.py", line 206, in merged_lifespan
2025-12-12T01:48:10.277526921Z     async with original_context(app) as maybe_original_state:
2025-12-12T01:48:10.277529681Z   File "/usr/local/lib/python3.11/contextlib.py", line 210, in __aenter__
2025-12-12T01:48:10.277532441Z     return await anext(self.gen)
2025-12-12T01:48:10.277534811Z            ^^^^^^^^^^^^^^^^^^^^^
2025-12-12T01:48:10.277537361Z   File "/usr/local/lib/python3.11/site-packages/fastapi/routing.py", line 206, in merged_lifespan
2025-12-12T01:48:10.277540002Z     async with original_context(app) as maybe_original_state:
2025-12-12T01:48:10.277542852Z   File "/usr/local/lib/python3.11/contextlib.py", line 210, in __aenter__
2025-12-12T01:48:10.277545182Z     return await anext(self.gen)
2025-12-12T01:48:10.277546822Z            ^^^^^^^^^^^^^^^^^^^^^
2025-12-12T01:48:10.277548492Z   File "/usr/local/lib/python3.11/site-packages/fastapi/routing.py", line 206, in merged_lifespan
2025-12-12T01:48:10.277550142Z     async with original_context(app) as maybe_original_state:
2025-12-12T01:48:10.277551883Z   File "/usr/local/lib/python3.11/contextlib.py", line 210, in __aenter__
2025-12-12T01:48:10.277553503Z     return await anext(self.gen)
2025-12-12T01:48:10.277555143Z            ^^^^^^^^^^^^^^^^^^^^^
2025-12-12T01:48:10.277556883Z   File "/usr/local/lib/python3.11/site-packages/fastapi/routing.py", line 206, in merged_lifespan
2025-12-12T01:48:10.277558573Z     async with original_context(app) as maybe_original_state:
2025-12-12T01:48:10.277560283Z   File "/usr/local/lib/python3.11/contextlib.py", line 210, in __aenter__
2025-12-12T01:48:10.277561993Z     return await anext(self.gen)
2025-12-12T01:48:10.277563633Z            ^^^^^^^^^^^^^^^^^^^^^
2025-12-12T01:48:10.277565273Z   File "/usr/local/lib/python3.11/site-packages/fastapi/routing.py", line 206, in merged_lifespan
2025-12-12T01:48:10.277566904Z     async with original_context(app) as maybe_original_state:
2025-12-12T01:48:10.277568534Z   File "/usr/local/lib/python3.11/contextlib.py", line 210, in __aenter__
2025-12-12T01:48:10.277570284Z     return await anext(self.gen)
2025-12-12T01:48:10.277571904Z            ^^^^^^^^^^^^^^^^^^^^^
2025-12-12T01:48:10.277573574Z   File "/usr/local/lib/python3.11/site-packages/fastapi/routing.py", line 206, in merged_lifespan
2025-12-12T01:48:10.277575224Z     async with original_context(app) as maybe_original_state:
2025-12-12T01:48:10.277576885Z   File "/usr/local/lib/python3.11/contextlib.py", line 210, in __aenter__
2025-12-12T01:48:10.277578505Z     return await anext(self.gen)
2025-12-12T01:48:10.277580135Z            ^^^^^^^^^^^^^^^^^^^^^
2025-12-12T01:48:10.277581785Z   File "/usr/local/lib/python3.11/site-packages/fastapi/routing.py", line 206, in merged_lifespan
2025-12-12T01:48:10.277583415Z     async with original_context(app) as maybe_original_state:
2025-12-12T01:48:10.277585125Z   File "/usr/local/lib/python3.11/site-packages/starlette/routing.py", line 571, in __aenter__
2025-12-12T01:48:10.277586745Z     await self._router.startup()
2025-12-12T01:48:10.277588425Z   File "/usr/local/lib/python3.11/site-packages/starlette/routing.py", line 671, in startup
2025-12-12T01:48:10.277590275Z     await handler()
2025-12-12T01:48:10.277591926Z   File "/app/app/main.py", line 75, in startup_event
2025-12-12T01:48:10.277593596Z     create_tables()
2025-12-12T01:48:10.277595206Z   File "/app/app/core/database.py", line 160, in create_tables
2025-12-12T01:48:10.277596876Z     Base.metadata.create_all(bind=db_engine)
2025-12-12T01:48:10.277598576Z   File "/usr/local/lib/python3.11/site-packages/sqlalchemy/sql/schema.py", line 5928, in create_all
2025-12-12T01:48:10.277604077Z     bind._run_ddl_visitor(
2025-12-12T01:48:10.277605827Z   File "/usr/local/lib/python3.11/site-packages/sqlalchemy/engine/base.py", line 3259, in _run_ddl_visitor
2025-12-12T01:48:10.277607517Z     with self.begin() as conn:
2025-12-12T01:48:10.277609197Z   File "/usr/local/lib/python3.11/contextlib.py", line 137, in __enter__
2025-12-12T01:48:10.277610817Z     return next(self.gen)
2025-12-12T01:48:10.277612477Z            ^^^^^^^^^^^^^^
2025-12-12T01:48:10.277614157Z   File "/usr/local/lib/python3.11/site-packages/sqlalchemy/engine/base.py", line 3249, in begin
2025-12-12T01:48:10.277615808Z     with self.connect() as conn:
2025-12-12T01:48:10.277617448Z          ^^^^^^^^^^^^^^
2025-12-12T01:48:10.277619088Z   File "/usr/local/lib/python3.11/site-packages/sqlalchemy/engine/base.py", line 3285, in connect
2025-12-12T01:48:10.277620738Z     return self._connection_cls(self)
2025-12-12T01:48:10.277622468Z            ^^^^^^^^^^^^^^^^^^^^^^^^^^
2025-12-12T01:48:10.277624118Z   File "/usr/local/lib/python3.11/site-packages/sqlalchemy/engine/base.py", line 145, in __init__
2025-12-12T01:48:10.277625758Z     Connection._handle_dbapi_exception_noconnection(
2025-12-12T01:48:10.277627989Z   File "/usr/local/lib/python3.11/site-packages/sqlalchemy/engine/base.py", line 2448, in _handle_dbapi_exception_noconnection
2025-12-12T01:48:10.277629659Z     raise sqlalchemy_exception.with_traceback(exc_info[2]) from e
2025-12-12T01:48:10.277631349Z   File "/usr/local/lib/python3.11/site-packages/sqlalchemy/engine/base.py", line 143, in __init__
2025-12-12T01:48:10.277632989Z     self._dbapi_connection = engine.raw_connection()
2025-12-12T01:48:10.277634639Z                              ^^^^^^^^^^^^^^^^^^^^^^^
2025-12-12T01:48:10.277636339Z   File "/usr/local/lib/python3.11/site-packages/sqlalchemy/engine/base.py", line 3309, in raw_connection
2025-12-12T01:48:10.277637969Z     return self.pool.connect()
2025-12-12T01:48:10.277639599Z            ^^^^^^^^^^^^^^^^^^^
2025-12-12T01:48:10.277641319Z   File "/usr/local/lib/python3.11/site-packages/sqlalchemy/pool/base.py", line 447, in connect
2025-12-12T01:48:10.27764294Z     return _ConnectionFairy._checkout(self)
2025-12-12T01:48:10.27764461Z            ^^^^^^^^^^^^^^^^^^^^^^^^^^^^^^^^
2025-12-12T01:48:10.27764639Z   File "/usr/local/lib/python3.11/site-packages/sqlalchemy/pool/base.py", line 1264, in _checkout
2025-12-12T01:48:10.277657891Z     fairy = _ConnectionRecord.checkout(pool)
2025-12-12T01:48:10.277660701Z             ^^^^^^^^^^^^^^^^^^^^^^^^^^^^^^^^
2025-12-12T01:48:10.277663401Z   File "/usr/local/lib/python3.11/site-packages/sqlalchemy/pool/base.py", line 711, in checkout
2025-12-12T01:48:10.277666032Z     rec = pool._do_get()
2025-12-12T01:48:10.277668782Z           ^^^^^^^^^^^^^^
2025-12-12T01:48:10.277672322Z   File "/usr/local/lib/python3.11/site-packages/sqlalchemy/pool/impl.py", line 177, in _do_get
2025-12-12T01:48:10.277674022Z     with util.safe_reraise():
2025-12-12T01:48:10.277675722Z   File "/usr/local/lib/python3.11/site-packages/sqlalchemy/util/langhelpers.py", line 224, in __exit__
2025-12-12T01:48:10.277677413Z     raise exc_value.with_traceback(exc_tb)
2025-12-12T01:48:10.277679153Z   File "/usr/local/lib/python3.11/site-packages/sqlalchemy/pool/impl.py", line 175, in _do_get
2025-12-12T01:48:10.277680813Z     return self._create_connection()
2025-12-12T01:48:10.277682493Z            ^^^^^^^^^^^^^^^^^^^^^^^^^
2025-12-12T01:48:10.277684143Z   File "/usr/local/lib/python3.11/site-packages/sqlalchemy/pool/base.py", line 388, in _create_connection
2025-12-12T01:48:10.277685843Z     return _ConnectionRecord(self)
2025-12-12T01:48:10.277687503Z            ^^^^^^^^^^^^^^^^^^^^^^^
2025-12-12T01:48:10.277692614Z   File "/usr/local/lib/python3.11/site-packages/sqlalchemy/pool/base.py", line 673, in __init__
2025-12-12T01:48:10.277694344Z     self.__connect()
2025-12-12T01:48:10.277696054Z   File "/usr/local/lib/python3.11/site-packages/sqlalchemy/pool/base.py", line 899, in __connect
2025-12-12T01:48:10.277697724Z     with util.safe_reraise():
2025-12-12T01:48:10.277699384Z   File "/usr/local/lib/python3.11/site-packages/sqlalchemy/util/langhelpers.py", line 224, in __exit__
2025-12-12T01:48:10.277701004Z     raise exc_value.with_traceback(exc_tb)
2025-12-12T01:48:10.277702655Z   File "/usr/local/lib/python3.11/site-packages/sqlalchemy/pool/base.py", line 895, in __connect
2025-12-12T01:48:10.277704315Z     self.dbapi_connection = connection = pool._invoke_creator(self)
2025-12-12T01:48:10.277706045Z                                          ^^^^^^^^^^^^^^^^^^^^^^^^^^
2025-12-12T01:48:10.277707725Z   File "/usr/local/lib/python3.11/site-packages/sqlalchemy/engine/create.py", line 661, in connect
2025-12-12T01:48:10.277709415Z     return dialect.connect(*cargs, **cparams)
2025-12-12T01:48:10.277711085Z            ^^^^^^^^^^^^^^^^^^^^^^^^^^^^^^^^^^
2025-12-12T01:48:10.277712785Z   File "/usr/local/lib/python3.11/site-packages/sqlalchemy/engine/default.py", line 630, in connect
2025-12-12T01:48:10.277714536Z     return self.loaded_dbapi.connect(*cargs, **cparams)  # type: ignore[no-any-return]  # NOQA: E501
2025-12-12T01:48:10.277716165Z            ^^^^^^^^^^^^^^^^^^^^^^^^^^^^^^^^^^^^^^^^^^^^
2025-12-12T01:48:10.277717846Z   File "/usr/local/lib/python3.11/site-packages/psycopg2/__init__.py", line 122, in connect
2025-12-12T01:48:10.277721366Z     conn = _connect(dsn, connection_factory=connection_factory, **kwasync)
2025-12-12T01:48:10.277723086Z            ^^^^^^^^^^^^^^^^^^^^^^^^^^^^^^^^^^^^^^^^^^^^^^^^^^^^^^^^^^^^^^^
2025-12-12T01:48:10.277725366Z sqlalchemy.exc.OperationalError: (psycopg2.OperationalError) connection to server at "aws-1-sa-east-1.pooler.supabase.com" (54.232.77.43), port 6543 failed: FATAL:  Tenant or user not found
2025-12-12T01:48:10.277726946Z 
2025-12-12T01:48:10.277728686Z (Background on this error at: https://sqlalche.me/e/20/e3q8)
2025-12-12T01:48:10.277730377Z 
2025-12-12T01:48:10.277739927Z 2025-12-12 01:48:10,277 - uvicorn.error - ERROR - Application startup failed. Exiting.
2025-12-12T01:48:14.116666829Z ==> Exited with status 3
2025-12-12T01:48:14.132311658Z ==> Common ways to troubleshoot your deploy: https://render.com/docs/troubleshooting-deploys
2025-12-12T01:48:19.825969991Z DEBUG: Starting database URL validation...
2025-12-12T01:48:19.826021206Z DEBUG: Found DATABASE_URL in environment, using it directly
2025-12-12T01:48:19.826025016Z DEBUG: DB URL: postgresql://postgres:L2S8j1DZsb65MRPD@***
2025-12-12T01:48:23.934850384Z MODULE LOADED: general_analysis.py - 2025-12-09 22:08 - LATEST-CODE-ENTRY TEST
2025-12-12T01:48:24.725436019Z === LLMService: Gemini Flash com NOVA API Key funcionando, sistema otimizado ===
2025-12-12T01:48:25.726885973Z 2025-12-12 01:48:25,726 - uvicorn.error - INFO - Started server process [1]
2025-12-12T01:48:25.726910175Z 2025-12-12 01:48:25,726 - uvicorn.error - INFO - Waiting for application startup.
2025-12-12T01:48:25.727162435Z DEBUG: Creating database engine with URL: postgresql://postgres:L2S8j1DZsb65MRPD@***
2025-12-12T01:48:25.727202219Z 2025-12-12 01:48:25,727 - app.core.database - INFO - Initializing Supabase database connection for Render deployment
2025-12-12T01:48:25.824520263Z DEBUG: Database engine created successfully
2025-12-12T01:48:26.543245829Z 2025-12-12 01:48:26,542 - app.core.database - ERROR - Error creating database tables: (psycopg2.OperationalError) connection to server at "aws-1-sa-east-1.pooler.supabase.com" (54.232.77.43), port 6543 failed: FATAL:  Tenant or user not found
2025-12-12T01:48:26.543276301Z 
2025-12-12T01:48:26.543281322Z (Background on this error at: https://sqlalche.me/e/20/e3q8)
2025-12-12T01:48:26.548721395Z 2025-12-12 01:48:26,548 - uvicorn.error - ERROR - Traceback (most recent call last):
2025-12-12T01:48:26.548734016Z   File "/usr/local/lib/python3.11/site-packages/sqlalchemy/engine/base.py", line 143, in __init__
2025-12-12T01:48:26.548737436Z     self._dbapi_connection = engine.raw_connection()
2025-12-12T01:48:26.548739636Z                              ^^^^^^^^^^^^^^^^^^^^^^^
2025-12-12T01:48:26.548741756Z   File "/usr/local/lib/python3.11/site-packages/sqlalchemy/engine/base.py", line 3309, in raw_connection
2025-12-12T01:48:26.548744517Z     return self.pool.connect()
2025-12-12T01:48:26.548746577Z            ^^^^^^^^^^^^^^^^^^^
2025-12-12T01:48:26.548749057Z   File "/usr/local/lib/python3.11/site-packages/sqlalchemy/pool/base.py", line 447, in connect
2025-12-12T01:48:26.548751887Z     return _ConnectionFairy._checkout(self)
2025-12-12T01:48:26.548754097Z            ^^^^^^^^^^^^^^^^^^^^^^^^^^^^^^^^
2025-12-12T01:48:26.548756447Z   File "/usr/local/lib/python3.11/site-packages/sqlalchemy/pool/base.py", line 1264, in _checkout
2025-12-12T01:48:26.548758578Z     fairy = _ConnectionRecord.checkout(pool)
2025-12-12T01:48:26.548760548Z             ^^^^^^^^^^^^^^^^^^^^^^^^^^^^^^^^
2025-12-12T01:48:26.548762508Z   File "/usr/local/lib/python3.11/site-packages/sqlalchemy/pool/base.py", line 711, in checkout
2025-12-12T01:48:26.548764928Z     rec = pool._do_get()
2025-12-12T01:48:26.548766948Z           ^^^^^^^^^^^^^^
2025-12-12T01:48:26.548769138Z   File "/usr/local/lib/python3.11/site-packages/sqlalchemy/pool/impl.py", line 177, in _do_get
2025-12-12T01:48:26.548771268Z     with util.safe_reraise():
2025-12-12T01:48:26.548773449Z   File "/usr/local/lib/python3.11/site-packages/sqlalchemy/util/langhelpers.py", line 224, in __exit__
2025-12-12T01:48:26.548775469Z     raise exc_value.with_traceback(exc_tb)
2025-12-12T01:48:26.548777579Z   File "/usr/local/lib/python3.11/site-packages/sqlalchemy/pool/impl.py", line 175, in _do_get
2025-12-12T01:48:26.548779619Z     return self._create_connection()
2025-12-12T01:48:26.54878216Z            ^^^^^^^^^^^^^^^^^^^^^^^^^
2025-12-12T01:48:26.54878474Z   File "/usr/local/lib/python3.11/site-packages/sqlalchemy/pool/base.py", line 388, in _create_connection
2025-12-12T01:48:26.54878675Z     return _ConnectionRecord(self)
2025-12-12T01:48:26.548802301Z            ^^^^^^^^^^^^^^^^^^^^^^^
2025-12-12T01:48:26.548804951Z   File "/usr/local/lib/python3.11/site-packages/sqlalchemy/pool/base.py", line 673, in __init__
2025-12-12T01:48:26.548807061Z     self.__connect()
2025-12-12T01:48:26.548809291Z   File "/usr/local/lib/python3.11/site-packages/sqlalchemy/pool/base.py", line 899, in __connect
2025-12-12T01:48:26.548811332Z     with util.safe_reraise():
2025-12-12T01:48:26.548813492Z   File "/usr/local/lib/python3.11/site-packages/sqlalchemy/util/langhelpers.py", line 224, in __exit__
2025-12-12T01:48:26.548815572Z     raise exc_value.with_traceback(exc_tb)
2025-12-12T01:48:26.548817622Z   File "/usr/local/lib/python3.11/site-packages/sqlalchemy/pool/base.py", line 895, in __connect
2025-12-12T01:48:26.548820092Z     self.dbapi_connection = connection = pool._invoke_creator(self)
2025-12-12T01:48:26.548822293Z                                          ^^^^^^^^^^^^^^^^^^^^^^^^^^
2025-12-12T01:48:26.548824323Z   File "/usr/local/lib/python3.11/site-packages/sqlalchemy/engine/create.py", line 661, in connect
2025-12-12T01:48:26.548826273Z     return dialect.connect(*cargs, **cparams)
2025-12-12T01:48:26.548828313Z            ^^^^^^^^^^^^^^^^^^^^^^^^^^^^^^^^^^
2025-12-12T01:48:26.548830343Z   File "/usr/local/lib/python3.11/site-packages/sqlalchemy/engine/default.py", line 630, in connect
2025-12-12T01:48:26.548832313Z     return self.loaded_dbapi.connect(*cargs, **cparams)  # type: ignore[no-any-return]  # NOQA: E501
2025-12-12T01:48:26.548834333Z            ^^^^^^^^^^^^^^^^^^^^^^^^^^^^^^^^^^^^^^^^^^^^
2025-12-12T01:48:26.548836364Z   File "/usr/local/lib/python3.11/site-packages/psycopg2/__init__.py", line 122, in connect
2025-12-12T01:48:26.548838484Z     conn = _connect(dsn, connection_factory=connection_factory, **kwasync)
2025-12-12T01:48:26.548840504Z            ^^^^^^^^^^^^^^^^^^^^^^^^^^^^^^^^^^^^^^^^^^^^^^^^^^^^^^^^^^^^^^^
2025-12-12T01:48:26.548843074Z psycopg2.OperationalError: connection to server at "aws-1-sa-east-1.pooler.supabase.com" (54.232.77.43), port 6543 failed: FATAL:  Tenant or user not found
2025-12-12T01:48:26.548844874Z 
2025-12-12T01:48:26.548846645Z 
2025-12-12T01:48:26.548848565Z The above exception was the direct cause of the following exception:
2025-12-12T01:48:26.548850345Z 
2025-12-12T01:48:26.548852345Z Traceback (most recent call last):
2025-12-12T01:48:26.548854985Z   File "/usr/local/lib/python3.11/site-packages/starlette/routing.py", line 694, in lifespan
2025-12-12T01:48:26.548857055Z     async with self.lifespan_context(app) as maybe_state:
2025-12-12T01:48:26.548859155Z   File "/usr/local/lib/python3.11/contextlib.py", line 210, in __aenter__
2025-12-12T01:48:26.548861396Z     return await anext(self.gen)
2025-12-12T01:48:26.548863576Z            ^^^^^^^^^^^^^^^^^^^^^
2025-12-12T01:48:26.548865826Z   File "/usr/local/lib/python3.11/site-packages/fastapi/routing.py", line 206, in merged_lifespan
2025-12-12T01:48:26.548867976Z     async with original_context(app) as maybe_original_state:
2025-12-12T01:48:26.548870327Z   File "/usr/local/lib/python3.11/contextlib.py", line 210, in __aenter__
2025-12-12T01:48:26.548872607Z     return await anext(self.gen)
2025-12-12T01:48:26.548874767Z            ^^^^^^^^^^^^^^^^^^^^^
2025-12-12T01:48:26.548876937Z   File "/usr/local/lib/python3.11/site-packages/fastapi/routing.py", line 206, in merged_lifespan
2025-12-12T01:48:26.548879117Z     async with original_context(app) as maybe_original_state:
2025-12-12T01:48:26.548881377Z   File "/usr/local/lib/python3.11/contextlib.py", line 210, in __aenter__
2025-12-12T01:48:26.548883837Z     return await anext(self.gen)
2025-12-12T01:48:26.548886258Z            ^^^^^^^^^^^^^^^^^^^^^
2025-12-12T01:48:26.548902379Z   File "/usr/local/lib/python3.11/site-packages/fastapi/routing.py", line 206, in merged_lifespan
2025-12-12T01:48:26.548905569Z     async with original_context(app) as maybe_original_state:
2025-12-12T01:48:26.54890779Z   File "/usr/local/lib/python3.11/contextlib.py", line 210, in __aenter__
2025-12-12T01:48:26.548909939Z     return await anext(self.gen)
2025-12-12T01:48:26.54891193Z            ^^^^^^^^^^^^^^^^^^^^^
2025-12-12T01:48:26.54891404Z   File "/usr/local/lib/python3.11/site-packages/fastapi/routing.py", line 206, in merged_lifespan
2025-12-12T01:48:26.54891625Z     async with original_context(app) as maybe_original_state:
2025-12-12T01:48:26.54891848Z   File "/usr/local/lib/python3.11/contextlib.py", line 210, in __aenter__
2025-12-12T01:48:26.548920751Z     return await anext(self.gen)
2025-12-12T01:48:26.548922821Z            ^^^^^^^^^^^^^^^^^^^^^
2025-12-12T01:48:26.548924881Z   File "/usr/local/lib/python3.11/site-packages/fastapi/routing.py", line 206, in merged_lifespan
2025-12-12T01:48:26.548926901Z     async with original_context(app) as maybe_original_state:
2025-12-12T01:48:26.548928921Z   File "/usr/local/lib/python3.11/contextlib.py", line 210, in __aenter__
2025-12-12T01:48:26.548930961Z     return await anext(self.gen)
2025-12-12T01:48:26.548933261Z            ^^^^^^^^^^^^^^^^^^^^^
2025-12-12T01:48:26.548935342Z   File "/usr/local/lib/python3.11/site-packages/fastapi/routing.py", line 206, in merged_lifespan
2025-12-12T01:48:26.548937592Z     async with original_context(app) as maybe_original_state:
2025-12-12T01:48:26.548939752Z   File "/usr/local/lib/python3.11/contextlib.py", line 210, in __aenter__
2025-12-12T01:48:26.548941982Z     return await anext(self.gen)
2025-12-12T01:48:26.548944002Z            ^^^^^^^^^^^^^^^^^^^^^
2025-12-12T01:48:26.548946073Z   File "/usr/local/lib/python3.11/site-packages/fastapi/routing.py", line 206, in merged_lifespan
2025-12-12T01:48:26.548948103Z     async with original_context(app) as maybe_original_state:
2025-12-12T01:48:26.548950213Z   File "/usr/local/lib/python3.11/contextlib.py", line 210, in __aenter__
2025-12-12T01:48:26.548952233Z     return await anext(self.gen)
2025-12-12T01:48:26.548954303Z            ^^^^^^^^^^^^^^^^^^^^^
2025-12-12T01:48:26.548956373Z   File "/usr/local/lib/python3.11/site-packages/fastapi/routing.py", line 206, in merged_lifespan
2025-12-12T01:48:26.548958383Z     async with original_context(app) as maybe_original_state:
2025-12-12T01:48:26.548960544Z   File "/usr/local/lib/python3.11/contextlib.py", line 210, in __aenter__
2025-12-12T01:48:26.548962614Z     return await anext(self.gen)
2025-12-12T01:48:26.548964684Z            ^^^^^^^^^^^^^^^^^^^^^
2025-12-12T01:48:26.548966794Z   File "/usr/local/lib/python3.11/site-packages/fastapi/routing.py", line 206, in merged_lifespan
2025-12-12T01:48:26.548968904Z     async with original_context(app) as maybe_original_state:
2025-12-12T01:48:26.548971024Z   File "/usr/local/lib/python3.11/site-packages/starlette/routing.py", line 571, in __aenter__
2025-12-12T01:48:26.548973115Z     await self._router.startup()
2025-12-12T01:48:26.548975205Z   File "/usr/local/lib/python3.11/site-packages/starlette/routing.py", line 671, in startup
2025-12-12T01:48:26.548977295Z     await handler()
2025-12-12T01:48:26.548979375Z   File "/app/app/main.py", line 75, in startup_event
2025-12-12T01:48:26.548981405Z     create_tables()
2025-12-12T01:48:26.548983585Z   File "/app/app/core/database.py", line 160, in create_tables
2025-12-12T01:48:26.548985666Z     Base.metadata.create_all(bind=db_engine)
2025-12-12T01:48:26.548987896Z   File "/usr/local/lib/python3.11/site-packages/sqlalchemy/sql/schema.py", line 5928, in create_all
2025-12-12T01:48:26.548994146Z     bind._run_ddl_visitor(
2025-12-12T01:48:26.548996626Z   File "/usr/local/lib/python3.11/site-packages/sqlalchemy/engine/base.py", line 3259, in _run_ddl_visitor
2025-12-12T01:48:26.548998757Z     with self.begin() as conn:
2025-12-12T01:48:26.549000917Z   File "/usr/local/lib/python3.11/contextlib.py", line 137, in __enter__
2025-12-12T01:48:26.549002897Z     return next(self.gen)
2025-12-12T01:48:26.549004847Z            ^^^^^^^^^^^^^^
2025-12-12T01:48:26.549007357Z   File "/usr/local/lib/python3.11/site-packages/sqlalchemy/engine/base.py", line 3249, in begin
2025-12-12T01:48:26.549009498Z     with self.connect() as conn:
2025-12-12T01:48:26.549011578Z          ^^^^^^^^^^^^^^
2025-12-12T01:48:26.549013618Z   File "/usr/local/lib/python3.11/site-packages/sqlalchemy/engine/base.py", line 3285, in connect
2025-12-12T01:48:26.549015678Z     return self._connection_cls(self)
2025-12-12T01:48:26.549017708Z            ^^^^^^^^^^^^^^^^^^^^^^^^^^
2025-12-12T01:48:26.549019878Z   File "/usr/local/lib/python3.11/site-packages/sqlalchemy/engine/base.py", line 145, in __init__
2025-12-12T01:48:26.549021979Z     Connection._handle_dbapi_exception_noconnection(
2025-12-12T01:48:26.549024499Z   File "/usr/local/lib/python3.11/site-packages/sqlalchemy/engine/base.py", line 2448, in _handle_dbapi_exception_noconnection
2025-12-12T01:48:26.549026739Z     raise sqlalchemy_exception.with_traceback(exc_info[2]) from e
2025-12-12T01:48:26.549028859Z   File "/usr/local/lib/python3.11/site-packages/sqlalchemy/engine/base.py", line 143, in __init__
2025-12-12T01:48:26.549030859Z     self._dbapi_connection = engine.raw_connection()
2025-12-12T01:48:26.549032949Z                              ^^^^^^^^^^^^^^^^^^^^^^^
2025-12-12T01:48:26.54903502Z   File "/usr/local/lib/python3.11/site-packages/sqlalchemy/engine/base.py", line 3309, in raw_connection
2025-12-12T01:48:26.54903711Z     return self.pool.connect()
2025-12-12T01:48:26.54903923Z            ^^^^^^^^^^^^^^^^^^^
2025-12-12T01:48:26.54904137Z   File "/usr/local/lib/python3.11/site-packages/sqlalchemy/pool/base.py", line 447, in connect
2025-12-12T01:48:26.54904349Z     return _ConnectionFairy._checkout(self)
2025-12-12T01:48:26.54904563Z            ^^^^^^^^^^^^^^^^^^^^^^^^^^^^^^^^
2025-12-12T01:48:26.54904795Z   File "/usr/local/lib/python3.11/site-packages/sqlalchemy/pool/base.py", line 1264, in _checkout
2025-12-12T01:48:26.549059851Z     fairy = _ConnectionRecord.checkout(pool)
2025-12-12T01:48:26.549062582Z             ^^^^^^^^^^^^^^^^^^^^^^^^^^^^^^^^
2025-12-12T01:48:26.549064722Z   File "/usr/local/lib/python3.11/site-packages/sqlalchemy/pool/base.py", line 711, in checkout
2025-12-12T01:48:26.549070052Z     rec = pool._do_get()
2025-12-12T01:48:26.549072432Z           ^^^^^^^^^^^^^^
2025-12-12T01:48:26.549074543Z   File "/usr/local/lib/python3.11/site-packages/sqlalchemy/pool/impl.py", line 177, in _do_get
2025-12-12T01:48:26.549076573Z     with util.safe_reraise():
2025-12-12T01:48:26.549078793Z   File "/usr/local/lib/python3.11/site-packages/sqlalchemy/util/langhelpers.py", line 224, in __exit__
2025-12-12T01:48:26.549080933Z     raise exc_value.with_traceback(exc_tb)
2025-12-12T01:48:26.549083053Z   File "/usr/local/lib/python3.11/site-packages/sqlalchemy/pool/impl.py", line 175, in _do_get
2025-12-12T01:48:26.549097985Z     return self._create_connection()
2025-12-12T01:48:26.549100705Z            ^^^^^^^^^^^^^^^^^^^^^^^^^
2025-12-12T01:48:26.549103045Z   File "/usr/local/lib/python3.11/site-packages/sqlalchemy/pool/base.py", line 388, in _create_connection
2025-12-12T01:48:26.549105245Z     return _ConnectionRecord(self)
2025-12-12T01:48:26.549107435Z            ^^^^^^^^^^^^^^^^^^^^^^^
2025-12-12T01:48:26.549113876Z   File "/usr/local/lib/python3.11/site-packages/sqlalchemy/pool/base.py", line 673, in __init__
2025-12-12T01:48:26.549116156Z     self.__connect()
2025-12-12T01:48:26.549118376Z   File "/usr/local/lib/python3.11/site-packages/sqlalchemy/pool/base.py", line 899, in __connect
2025-12-12T01:48:26.549120606Z     with util.safe_reraise():
2025-12-12T01:48:26.549123047Z   File "/usr/local/lib/python3.11/site-packages/sqlalchemy/util/langhelpers.py", line 224, in __exit__
2025-12-12T01:48:26.549125467Z     raise exc_value.with_traceback(exc_tb)
2025-12-12T01:48:26.549128047Z   File "/usr/local/lib/python3.11/site-packages/sqlalchemy/pool/base.py", line 895, in __connect
2025-12-12T01:48:26.549130527Z     self.dbapi_connection = connection = pool._invoke_creator(self)
2025-12-12T01:48:26.549132917Z                                          ^^^^^^^^^^^^^^^^^^^^^^^^^^
2025-12-12T01:48:26.549135068Z   File "/usr/local/lib/python3.11/site-packages/sqlalchemy/engine/create.py", line 661, in connect
2025-12-12T01:48:26.549137218Z     return dialect.connect(*cargs, **cparams)
2025-12-12T01:48:26.549139308Z            ^^^^^^^^^^^^^^^^^^^^^^^^^^^^^^^^^^
2025-12-12T01:48:26.549141498Z   File "/usr/local/lib/python3.11/site-packages/sqlalchemy/engine/default.py", line 630, in connect
2025-12-12T01:48:26.549143708Z     return self.loaded_dbapi.connect(*cargs, **cparams)  # type: ignore[no-any-return]  # NOQA: E501
2025-12-12T01:48:26.549145828Z            ^^^^^^^^^^^^^^^^^^^^^^^^^^^^^^^^^^^^^^^^^^^^
2025-12-12T01:48:26.549147958Z   File "/usr/local/lib/python3.11/site-packages/psycopg2/__init__.py", line 122, in connect
2025-12-12T01:48:26.549150029Z     conn = _connect(dsn, connection_factory=connection_factory, **kwasync)
2025-12-12T01:48:26.549152079Z            ^^^^^^^^^^^^^^^^^^^^^^^^^^^^^^^^^^^^^^^^^^^^^^^^^^^^^^^^^^^^^^^
2025-12-12T01:48:26.549156329Z sqlalchemy.exc.OperationalError: (psycopg2.OperationalError) connection to server at "aws-1-sa-east-1.pooler.supabase.com" (54.232.77.43), port 6543 failed: FATAL:  Tenant or user not found
2025-12-12T01:48:26.549158399Z 
2025-12-12T01:48:26.54916049Z (Background on this error at: https://sqlalche.me/e/20/e3q8)
2025-12-12T01:48:26.54916252Z 
2025-12-12T01:48:26.549173981Z 2025-12-12 01:48:26,548 - uvicorn.error - ERROR - Application startup failed. Exiting.